2024-04-11 12:23:23,326 [INFO] Activator:176 - 


2024-04-11 12:23:23,329 [INFO] Activator:177 - !SESSION log4j initialized
2024-04-11 12:23:29,179 [INFO] LogOutputStream:77 - [STDOUT_REDIRECT] 
2024-04-11 12:23:34,641 [INFO] ApplicationProperties:184 - Using Application install path: C:\ST\STM32CubeIDE_1.15.0\STM32CubeIDE\plugins\com.st.stm32cube.common.mx_6.11.0.202403141607
2024-04-11 12:23:34,685 [INFO] DbMcusXml:78 - Set database path to: C:\ST\STM32CubeIDE_1.15.0\STM32CubeIDE\plugins\com.st.stm32cube.common.mx_6.11.0.202403141607\\db\/mcu/
2024-04-11 12:23:34,686 [INFO] ApiDb:274 - Set plugin database path to: C:\ST\STM32CubeIDE_1.15.0\STM32CubeIDE\plugins\com.st.stm32cube.common.mx_6.11.0.202403141607\\db\/plugins/boardmanager/
2024-04-11 12:23:34,686 [WARN] ApiDb:259 - Overriding images path with different value:  => C:\ST\STM32CubeIDE_1.15.0\STM32CubeIDE\plugins\com.st.stm32cube.common.mx_6.11.0.202403141607\\db\/plugins/mcufinder/images/
2024-04-11 12:23:34,706 [INFO] ApiDb:250 - Set database path to: C:\Users\julia\.stmcufinder\plugins\mcufinder//mcu/
2024-04-11 12:23:34,709 [INFO] DbMcusAds:125 - Set database path to: C:\Users\julia\.stmcufinder\plugins\mcufinder//mcu/
2024-04-11 12:23:34,715 [INFO] CrossReferenceDbSqlite:203 - Set database path to: C:\Users\julia\.stmcufinder\plugins\mcufinder//mcu/cs/
2024-04-11 12:23:35,040 [INFO] RulesReader:64 - Compatibility file has been processed (297 Rules)
2024-04-11 12:23:35,225 [INFO] DbMcusXml:78 - Set database path to: C:\ST\STM32CubeIDE_1.15.0\STM32CubeIDE\plugins\com.st.stm32cube.common.mx_6.11.0.202403141607\\db\/mcu/
2024-04-11 12:23:35,225 [INFO] ApiDb:274 - Set plugin database path to: C:\ST\STM32CubeIDE_1.15.0\STM32CubeIDE\plugins\com.st.stm32cube.common.mx_6.11.0.202403141607\\db\/plugins/boardmanager/
2024-04-11 12:23:35,226 [INFO] ApiDb:261 - Set plugin images path to: C:\ST\STM32CubeIDE_1.15.0\STM32CubeIDE\plugins\com.st.stm32cube.common.mx_6.11.0.202403141607\\db\/plugins/mcufinder/images/
2024-04-11 12:23:35,226 [WARN] DbFile:41 - Overriding database path with different value: C:\Users\julia\.stmcufinder\plugins\mcufinder/ => C:\Users\julia\.stmcufinder\plugins\mcufinder
2024-04-11 12:23:35,226 [INFO] ApiDb:250 - Set database path to: C:\Users\julia\.stmcufinder\plugins\mcufinder//mcu/
2024-04-11 12:23:35,227 [WARN] DbFile:41 - Overriding database path with different value: C:\Users\julia\.stmcufinder\plugins\mcufinder/ => C:\Users\julia\.stmcufinder\plugins\mcufinder
2024-04-11 12:23:35,227 [INFO] DbMcusAds:125 - Set database path to: C:\Users\julia\.stmcufinder\plugins\mcufinder//mcu/
2024-04-11 12:23:35,227 [WARN] DbFile:41 - Overriding database path with different value: C:\Users\julia\.stmcufinder\plugins\mcufinder/ => C:\Users\julia\.stmcufinder\plugins\mcufinder
2024-04-11 12:23:35,227 [WARN] DbFile:41 - Overriding database path with different value: C:\Users\julia\.stmcufinder\plugins\mcufinder/ => C:\Users\julia\.stmcufinder\plugins\mcufinder
2024-04-11 12:23:35,227 [INFO] CrossReferenceDbSqlite:203 - Set database path to: C:\Users\julia\.stmcufinder\plugins\mcufinder//mcu/cs/
2024-04-11 12:23:35,389 [INFO] MainPanel:264 - HeapMemory: 268435456
2024-04-11 12:23:35,616 [INFO] DbMcusXml:78 - Set database path to: C:\ST\STM32CubeIDE_1.15.0\STM32CubeIDE\plugins\com.st.stm32cube.common.mx_6.11.0.202403141607\\db\/mcu/
2024-04-11 12:23:35,616 [INFO] ApiDb:274 - Set plugin database path to: C:\ST\STM32CubeIDE_1.15.0\STM32CubeIDE\plugins\com.st.stm32cube.common.mx_6.11.0.202403141607\\db\/plugins/boardmanager/
2024-04-11 12:23:35,616 [INFO] ApiDb:261 - Set plugin images path to: C:\ST\STM32CubeIDE_1.15.0\STM32CubeIDE\plugins\com.st.stm32cube.common.mx_6.11.0.202403141607\\db\/plugins/mcufinder/images/
2024-04-11 12:23:35,619 [WARN] DbFile:41 - Overriding database path with different value: C:\Users\julia\.stmcufinder\plugins\mcufinder/ => C:\Users\julia\.stmcufinder\plugins\mcufinder
2024-04-11 12:23:35,619 [INFO] ApiDb:250 - Set database path to: C:\Users\julia\.stmcufinder\plugins\mcufinder//mcu/
2024-04-11 12:23:35,619 [WARN] DbFile:41 - Overriding database path with different value: C:\Users\julia\.stmcufinder\plugins\mcufinder/ => C:\Users\julia\.stmcufinder\plugins\mcufinder
2024-04-11 12:23:35,619 [INFO] DbMcusAds:125 - Set database path to: C:\Users\julia\.stmcufinder\plugins\mcufinder//mcu/
2024-04-11 12:23:35,619 [WARN] DbFile:41 - Overriding database path with different value: C:\Users\julia\.stmcufinder\plugins\mcufinder/ => C:\Users\julia\.stmcufinder\plugins\mcufinder
2024-04-11 12:23:35,620 [WARN] DbFile:41 - Overriding database path with different value: C:\Users\julia\.stmcufinder\plugins\mcufinder/ => C:\Users\julia\.stmcufinder\plugins\mcufinder
2024-04-11 12:23:35,620 [INFO] CrossReferenceDbSqlite:203 - Set database path to: C:\Users\julia\.stmcufinder\plugins\mcufinder//mcu/cs/
2024-04-11 12:23:35,666 [INFO] ApplicationProperties:184 - Using Application install path: C:\ST\STM32CubeIDE_1.15.0\STM32CubeIDE\plugins\com.st.stm32cube.common.mx_6.11.0.202403141607
2024-04-11 12:23:35,670 [INFO] PluginManage:196 - Search for loadable plugins [exclusion list=, ]
2024-04-11 12:23:35,673 [INFO] PluginManage:310 - Check plugin analytics
2024-04-11 12:23:36,074 [INFO] AnalyticsPlugin:253 - Accepted Software Licenses: 
2024-04-11 12:23:36,075 [INFO] AnalyticsPlugin:255 - Accepted CMSIS Pack Licenses: 
2024-04-11 12:23:36,075 [INFO] AnalyticsPlugin:257 - Accepted Firmware Licenses: FW.L4.1.18.0
2024-04-11 12:23:36,080 [INFO] PluginManage:359 - Loaded plugin analytics (category:tool,tabindex:-1)
2024-04-11 12:23:36,081 [INFO] PluginManage:310 - Check plugin cadmodel
2024-04-11 12:23:36,114 [INFO] CADModel:105 - Init CAD model plugin
2024-04-11 12:23:36,115 [INFO] PluginManage:359 - Loaded plugin cadmodel (category:power,tabindex:5)
2024-04-11 12:23:36,115 [INFO] PluginManage:310 - Check plugin clock
2024-04-11 12:23:36,155 [INFO] PluginManage:359 - Loaded plugin clock (category:base,tabindex:2)
2024-04-11 12:23:36,155 [INFO] PluginManage:310 - Check plugin ddr
2024-04-11 12:23:36,159 [INFO] PluginManage:359 - Loaded plugin ddr (category:tool,tabindex:6)
2024-04-11 12:23:36,160 [INFO] PluginManage:310 - Check plugin filemanager
2024-04-11 12:23:36,503 [INFO] PluginManage:359 - Loaded plugin filemanager (category:base,tabindex:10)
2024-04-11 12:23:36,504 [INFO] PluginManage:310 - Check plugin ipmanager
2024-04-11 12:23:36,521 [INFO] PluginManage:359 - Loaded plugin ipmanager (category:base,tabindex:5)
2024-04-11 12:23:36,521 [INFO] PluginManage:310 - Check plugin lpbam
2024-04-11 12:23:36,565 [INFO] PluginManage:359 - Loaded plugin lpbam (category:base,tabindex:0)
2024-04-11 12:23:36,565 [INFO] PluginManage:310 - Check plugin memorymap
2024-04-11 12:23:36,623 [INFO] PluginManage:359 - Loaded plugin memorymap (category:base,tabindex:4)
2024-04-11 12:23:36,624 [INFO] PluginManage:310 - Check plugin pinoutandconfiguration
2024-04-11 12:23:36,654 [INFO] PluginManage:359 - Loaded plugin pinoutandconfiguration (category:base,tabindex:1)
2024-04-11 12:23:36,655 [INFO] PluginManage:310 - Check plugin pinoutconfig
2024-04-11 12:23:36,849 [WARN] SupportedApi:132 - Cannot load RTOS API schema: s4s-elt-must-match.1: The content of 'definitions' must match (annotation?, (simpleType | complexType)?, (unique | key | keyref)*)). A problem was found starting at: attribute.
2024-04-11 12:23:37,177 [INFO] PluginManage:359 - Loaded plugin pinoutconfig (category:base,tabindex:0)
2024-04-11 12:23:37,177 [INFO] PluginManage:310 - Check plugin power
2024-04-11 12:23:37,221 [INFO] PluginManage:359 - Loaded plugin power (category:power,tabindex:4)
2024-04-11 12:23:37,221 [INFO] PluginManage:310 - Check plugin projectmanager
2024-04-11 12:23:37,260 [INFO] PluginManage:359 - Loaded plugin projectmanager (category:projectmanager,tabindex:3)
2024-04-11 12:23:37,260 [INFO] PluginManage:310 - Check plugin thirdparty
2024-04-11 12:23:37,775 [WARN] IntegrityCheckThread:84 - waiting for thirdparty lock release [integrity check]
2024-04-11 12:23:37,776 [INFO] PluginManage:359 - Loaded plugin thirdparty (category:base,tabindex:-1)
2024-04-11 12:23:37,776 [INFO] IntegrityCheckThread:86 - entering critical section [integrity check]
2024-04-11 12:23:37,776 [INFO] PluginManage:310 - Check plugin tools
2024-04-11 12:23:37,776 [INFO] ThirdPartyUpdaterWithRetryManager:70 - Updater plugin not ready yet. [1/15]
2024-04-11 12:23:37,851 [INFO] PluginManage:359 - Loaded plugin tools (category:base,tabindex:7)
2024-04-11 12:23:37,851 [INFO] PluginManage:310 - Check plugin tutovideos
2024-04-11 12:23:38,303 [INFO] PluginManage:359 - Loaded plugin tutovideos (category:base,tabindex:-1)
2024-04-11 12:23:38,303 [INFO] PluginManage:310 - Check plugin updater
2024-04-11 12:23:38,329 [INFO] PluginManage:359 - Loaded plugin updater (category:base,tabindex:12)
2024-04-11 12:23:38,329 [INFO] PluginManage:310 - Check plugin userauth
2024-04-11 12:23:38,342 [INFO] UserAuth:114 - Init User Auth plugin
2024-04-11 12:23:38,342 [INFO] PluginManage:359 - Loaded plugin userauth (category:base,tabindex:14)
2024-04-11 12:23:38,343 [INFO] PluginManage:283 - PluginManage : Loaded plugins [17]
2024-04-11 12:23:38,859 [INFO] PinOutPanel:1561 - setPackage(No Configuration,No Configuration)
2024-04-11 12:23:39,048 [INFO] CADModel:165 - CPN selected for project level
2024-04-11 12:23:39,048 [INFO] CADModel:114 - Register for checkConnection events
2024-04-11 12:23:39,100 [INFO] IPUIPlugin:80 - create IPUIPlugin
2024-04-11 12:23:39,101 [INFO] PluginManager:220 - loadIPPluginJar : add adc
2024-04-11 12:23:39,190 [INFO] IPUIPlugin:80 - create IPUIPlugin
2024-04-11 12:23:39,190 [INFO] PluginManager:220 - loadIPPluginJar : add aes
2024-04-11 12:23:39,283 [INFO] IPUIPlugin:80 - create IPUIPlugin
2024-04-11 12:23:39,284 [INFO] PluginManager:220 - loadIPPluginJar : add can
2024-04-11 12:23:39,333 [INFO] IPUIPlugin:80 - create IPUIPlugin
2024-04-11 12:23:39,334 [INFO] PluginManager:220 - loadIPPluginJar : add comp
2024-04-11 12:23:39,413 [INFO] IPUIPlugin:80 - create IPUIPlugin
2024-04-11 12:23:39,413 [INFO] PluginManager:220 - loadIPPluginJar : add cryp
2024-04-11 12:23:39,476 [INFO] IPUIPlugin:80 - create IPUIPlugin
2024-04-11 12:23:39,477 [INFO] PluginManager:220 - loadIPPluginJar : add dfsdm
2024-04-11 12:23:39,508 [INFO] IPUIPlugin:80 - create IPUIPlugin
2024-04-11 12:23:39,510 [INFO] PluginManager:220 - loadIPPluginJar : add dma
2024-04-11 12:23:39,630 [INFO] IPUIPlugin:80 - create IPUIPlugin
2024-04-11 12:23:39,630 [INFO] PluginManager:220 - loadIPPluginJar : add dma3
2024-04-11 12:23:39,758 [INFO] IPUIPlugin:80 - create IPUIPlugin
2024-04-11 12:23:39,759 [INFO] PluginManager:220 - loadIPPluginJar : add extmemmanager
2024-04-11 12:23:39,811 [INFO] IPUIPlugin:80 - create IPUIPlugin
2024-04-11 12:23:39,811 [INFO] PluginManager:220 - loadIPPluginJar : add fatfs
2024-04-11 12:23:39,941 [INFO] IPUIPlugin:80 - create IPUIPlugin
2024-04-11 12:23:39,942 [INFO] PluginManager:220 - loadIPPluginJar : add fmc
2024-04-11 12:23:39,980 [INFO] IPUIPlugin:80 - create IPUIPlugin
2024-04-11 12:23:39,981 [INFO] PluginManager:220 - loadIPPluginJar : add freertos
2024-04-11 12:23:40,035 [INFO] IPUIPlugin:80 - create IPUIPlugin
2024-04-11 12:23:40,035 [INFO] PluginManager:220 - loadIPPluginJar : add genericplugin
2024-04-11 12:23:40,291 [INFO] IPUIPlugin:80 - create IPUIPlugin
2024-04-11 12:23:40,291 [INFO] PluginManager:220 - loadIPPluginJar : add gfxmmu
2024-04-11 12:23:40,645 [INFO] IPUIPlugin:80 - create IPUIPlugin
2024-04-11 12:23:40,646 [INFO] PluginManager:220 - loadIPPluginJar : add gic
2024-04-11 12:23:40,673 [INFO] IPUIPlugin:80 - create IPUIPlugin
2024-04-11 12:23:40,673 [INFO] PluginManager:220 - loadIPPluginJar : add gpio
2024-04-11 12:23:40,778 [INFO] ThirdPartyUpdaterWithRetryManager:70 - Updater plugin not ready yet. [2/15]
2024-04-11 12:23:40,915 [INFO] IPUIPlugin:80 - create IPUIPlugin
2024-04-11 12:23:40,915 [INFO] PluginManager:220 - loadIPPluginJar : add gtzc
2024-04-11 12:23:41,001 [INFO] IPUIPlugin:80 - create IPUIPlugin
2024-04-11 12:23:41,001 [INFO] PluginManager:220 - loadIPPluginJar : add hash
2024-04-11 12:23:41,144 [INFO] IPUIPlugin:80 - create IPUIPlugin
2024-04-11 12:23:41,144 [INFO] PluginManager:220 - loadIPPluginJar : add i2c
2024-04-11 12:23:41,251 [INFO] IPUIPlugin:80 - create IPUIPlugin
2024-04-11 12:23:41,252 [INFO] PluginManager:220 - loadIPPluginJar : add i2s
2024-04-11 12:23:41,369 [INFO] IPUIPlugin:80 - create IPUIPlugin
2024-04-11 12:23:41,371 [INFO] PluginManager:220 - loadIPPluginJar : add i3c
2024-04-11 12:23:41,696 [INFO] IPUIPlugin:80 - create IPUIPlugin
2024-04-11 12:23:41,696 [INFO] PluginManager:220 - loadIPPluginJar : add ipddr
2024-04-11 12:23:41,963 [INFO] IPUIPlugin:80 - create IPUIPlugin
2024-04-11 12:23:41,963 [INFO] PluginManager:220 - loadIPPluginJar : add linkedlist
2024-04-11 12:23:42,062 [INFO] IPUIPlugin:80 - create IPUIPlugin
2024-04-11 12:23:42,063 [INFO] PluginManager:220 - loadIPPluginJar : add lorawan
2024-04-11 12:23:42,164 [INFO] IPUIPlugin:80 - create IPUIPlugin
2024-04-11 12:23:42,164 [INFO] PluginManager:220 - loadIPPluginJar : add ltdc
2024-04-11 12:23:42,200 [INFO] IPUIPlugin:80 - create IPUIPlugin
2024-04-11 12:23:42,200 [INFO] PluginManager:220 - loadIPPluginJar : add mdma
2024-04-11 12:23:42,245 [INFO] IPUIPlugin:80 - create IPUIPlugin
2024-04-11 12:23:42,245 [INFO] PluginManager:220 - loadIPPluginJar : add nvic
2024-04-11 12:23:42,348 [INFO] IPUIPlugin:80 - create IPUIPlugin
2024-04-11 12:23:42,349 [INFO] PluginManager:220 - loadIPPluginJar : add opamp
2024-04-11 12:23:42,509 [INFO] IPUIPlugin:80 - create IPUIPlugin
2024-04-11 12:23:42,510 [INFO] PluginManager:220 - loadIPPluginJar : add openamp
2024-04-11 12:23:42,619 [INFO] IPUIPlugin:80 - create IPUIPlugin
2024-04-11 12:23:42,620 [INFO] PluginManager:220 - loadIPPluginJar : add pdm2pcm
2024-04-11 12:23:42,657 [INFO] IPUIPlugin:80 - create IPUIPlugin
2024-04-11 12:23:42,664 [INFO] PluginManager:220 - loadIPPluginJar : add plateformsettings
2024-04-11 12:23:42,726 [INFO] IPUIPlugin:80 - create IPUIPlugin
2024-04-11 12:23:42,726 [INFO] PluginManager:220 - loadIPPluginJar : add quadspi
2024-04-11 12:23:42,758 [INFO] IPUIPlugin:80 - create IPUIPlugin
2024-04-11 12:23:42,758 [INFO] PluginManager:220 - loadIPPluginJar : add resmgrutility
2024-04-11 12:23:42,895 [INFO] IPUIPlugin:80 - create IPUIPlugin
2024-04-11 12:23:42,895 [INFO] PluginManager:220 - loadIPPluginJar : add sai
2024-04-11 12:23:42,996 [INFO] IPUIPlugin:80 - create IPUIPlugin
2024-04-11 12:23:42,996 [INFO] PluginManager:220 - loadIPPluginJar : add spi
2024-04-11 12:23:43,176 [INFO] IPUIPlugin:80 - create IPUIPlugin
2024-04-11 12:23:43,176 [INFO] PluginManager:220 - loadIPPluginJar : add stm32_wpan
2024-04-11 12:23:43,232 [INFO] IPUIPlugin:80 - create IPUIPlugin
2024-04-11 12:23:43,233 [INFO] PluginManager:220 - loadIPPluginJar : add tim
2024-04-11 12:23:43,397 [INFO] IPUIPlugin:80 - create IPUIPlugin
2024-04-11 12:23:43,397 [INFO] PluginManager:220 - loadIPPluginJar : add touchsensing
2024-04-11 12:23:43,456 [INFO] IPUIPlugin:80 - create IPUIPlugin
2024-04-11 12:23:43,456 [INFO] PluginManager:220 - loadIPPluginJar : add tracer_emb
2024-04-11 12:23:43,512 [INFO] IPUIPlugin:80 - create IPUIPlugin
2024-04-11 12:23:43,512 [INFO] PluginManager:220 - loadIPPluginJar : add ts
2024-04-11 12:23:43,563 [INFO] IPUIPlugin:80 - create IPUIPlugin
2024-04-11 12:23:43,563 [INFO] PluginManager:220 - loadIPPluginJar : add tsc
2024-04-11 12:23:43,626 [INFO] IPUIPlugin:80 - create IPUIPlugin
2024-04-11 12:23:43,627 [INFO] PluginManager:220 - loadIPPluginJar : add ucpd
2024-04-11 12:23:43,748 [INFO] IPUIPlugin:80 - create IPUIPlugin
2024-04-11 12:23:43,748 [INFO] PluginManager:220 - loadIPPluginJar : add usart
2024-04-11 12:23:43,779 [INFO] ThirdPartyUpdaterWithRetryManager:70 - Updater plugin not ready yet. [3/15]
2024-04-11 12:23:43,870 [INFO] IPUIPlugin:80 - create IPUIPlugin
2024-04-11 12:23:43,871 [INFO] PluginManager:220 - loadIPPluginJar : add usbx
2024-04-11 12:23:44,089 [INFO] CADModel:165 - CPN selected for project level
2024-04-11 12:23:44,089 [INFO] CADModel:114 - Register for checkConnection events
2024-04-11 12:23:44,090 [FATAL] Updater:308 - Updater called before beeing initialized
2024-04-11 12:23:44,090 [ERROR] CADModel:125 - Updater not yet initialized, retry later 
2024-04-11 12:23:44,498 [INFO] CADModel:165 - CPN selected for project level
2024-04-11 12:23:44,499 [INFO] CADModel:114 - Register for checkConnection events
2024-04-11 12:23:44,499 [FATAL] Updater:308 - Updater called before beeing initialized
2024-04-11 12:23:44,499 [ERROR] CADModel:125 - Updater not yet initialized, retry later 
2024-04-11 12:23:44,507 [FATAL] Updater:308 - Updater called before beeing initialized
2024-04-11 12:23:44,863 [FATAL] Updater:308 - Updater called before beeing initialized
2024-04-11 12:23:44,892 [INFO] DbMcusAds:53 - JSON generation date=Wed Nov 29 02:52:27 PST 2023 (1701255147349)
2024-04-11 12:23:44,892 [FATAL] Updater:308 - Updater called before beeing initialized
2024-04-11 12:23:45,057 [WARN] DetailPanel:346 - Failed to get advertising image, set to default
2024-04-11 12:23:45,372 [FATAL] Updater:308 - Updater called before beeing initialized
2024-04-11 12:23:45,377 [FATAL] Updater:308 - Updater called before beeing initialized
2024-04-11 12:23:45,377 [FATAL] Updater:308 - Updater called before beeing initialized
2024-04-11 12:23:45,378 [WARN] DetailPanel:346 - Failed to get advertising image, set to default
2024-04-11 12:23:45,379 [FATAL] Updater:308 - Updater called before beeing initialized
2024-04-11 12:23:45,573 [ERROR] Updater:1120 - MainUpdater not yet initialized. External WinMGr cannot be set.
2024-04-11 12:23:45,604 [INFO] Updater:1056 - Updater Version found : 6.11.0
2024-04-11 12:23:45,653 [INFO] ApplicationProperties:184 - Using Application install path: C:\ST\STM32CubeIDE_1.15.0\STM32CubeIDE\plugins\com.st.stm32cube.common.mx_6.11.0.202403141607
2024-04-11 12:23:46,781 [INFO] ThirdPartyUpdaterWithRetryManager:70 - Updater plugin not ready yet. [4/15]
2024-04-11 12:23:47,275 [ERROR] LogOutputStream:75 - [STDERR_REDIRECT] Apr 11, 2024 12:23:47 PM java.util.prefs.WindowsPreferences <init>
2024-04-11 12:23:47,279 [ERROR] LogOutputStream:75 - [STDERR_REDIRECT] WARNING: Could not open/create prefs root node Software\JavaSoft\Prefs at root 0xffffffff80000002. Windows RegCreateKeyEx(...) returned error code 5.
2024-04-11 12:23:47,279 [ERROR] LogOutputStream:75 - [STDERR_REDIRECT] 
2024-04-11 12:23:47,958 [INFO] MainUpdater:2873 - connection check result : 10
2024-04-11 12:23:47,959 [INFO] MainUpdater:3567 - Updater definition file requires update
2024-04-11 12:23:47,961 [INFO] MainUpdater:290 - Updater Check For Update Now.
2024-04-11 12:23:47,961 [INFO] MicroXplorer:498 - Change Database Version : DB.6.0.110
2024-04-11 12:23:47,998 [INFO] McuFinderGlobals:63 - Set McuFinder mode to 2 (CubeIDE integrated)
2024-04-11 12:23:48,024 [INFO] UserAuth:415 - Internet connection configuration mode: 1
2024-04-11 12:23:48,040 [INFO] ServerAccessManage:473 - Download File updaters.zip
2024-04-11 12:23:48,075 [INFO] JxBrowserEngine:152 - Initiate JxBrowser Engine with user profile folder
2024-04-11 12:23:48,211 [INFO] FileExtend:240 - Unzip File : updaters.zip
2024-04-11 12:23:48,212 [INFO] FileExtend:255 - Standard Zip Deflate
2024-04-11 12:23:49,781 [WARN] MainUpdater:1194 - Updater busy. Cannot search thirdparties
2024-04-11 12:23:49,782 [INFO] ThirdPartyUpdaterWithRetryManager:96 - Updater plugin is busy. [1/15]
2024-04-11 12:23:50,970 [INFO] ServerAccessManage:473 - Download File PacksControlFlags.xml
2024-04-11 12:23:51,196 [INFO] ServerAccessManage:473 - Download File cubemx.pidx
2024-04-11 12:23:52,783 [WARN] MainUpdater:1194 - Updater busy. Cannot search thirdparties
2024-04-11 12:23:52,783 [INFO] ThirdPartyUpdaterWithRetryManager:96 - Updater plugin is busy. [2/15]
2024-04-11 12:23:53,573 [INFO] ServerAccessManage:473 - Download File STMicroelectronics.X-CUBE-TCPP.pdsc
2024-04-11 12:23:55,062 [WARN] PackLoader:240 - Cannot read IP mode file for STMicroelectronics.X-CUBE-TCPP.4.1.0
2024-04-11 12:23:55,085 [INFO] PopulateThirdPartyThread:66 - Ending populate Thread
2024-04-11 12:23:55,091 [INFO] ThirdParty:1030 - CMSIS Pack Vendor :STMicroelectronics X-CUBE-TCPP 4.1.0
2024-04-11 12:23:55,092 [INFO] LoadServerUpdatesThread:375 - End of LoadServerUpdate Thread
2024-04-11 12:23:55,265 [INFO] CheckServerUpdateThread:120 - End of CheckServer Thread
2024-04-11 12:23:56,250 [WARN] PackLoader:240 - Cannot read IP mode file for STMicroelectronics.X-CUBE-SMBUS.2.1.0
2024-04-11 12:23:56,282 [WARN] PackLoader:240 - Cannot read IP mode file for STMicroelectronics.X-CUBE-TOUCHGFX.4.23.2
2024-04-11 12:23:56,418 [WARN] PackLoader:240 - Cannot read IP mode file for STMicroelectronics.X-CUBE-AZRTOS-F7.1.1.0
2024-04-11 12:23:56,461 [WARN] PackLoader:240 - Cannot read IP mode file for STMicroelectronics.FP-SNS-FLIGHT1.5.0.2
2024-04-11 12:23:56,514 [WARN] PackLoader:240 - Cannot read IP mode file for STMicroelectronics.X-CUBE-DISPLAY.3.0.0
2024-04-11 12:23:56,579 [WARN] PackLoader:240 - Cannot read IP mode file for STMicroelectronics.X-CUBE-BLE1.7.0.0
2024-04-11 12:23:56,624 [WARN] PackLoader:240 - Cannot read IP mode file for emotas.I-CUBE-CANOPEN.1.3.0
2024-04-11 12:23:56,682 [WARN] PackLoader:240 - Cannot read IP mode file for STMicroelectronics.X-CUBE-BLEMGR.3.1.0
2024-04-11 12:23:56,730 [WARN] PackLoader:240 - Cannot read IP mode file for STMicroelectronics.FP-SNS-SMARTAG2.1.2.0
2024-04-11 12:23:56,789 [INFO] LogOutputStream:77 - [STDOUT_REDIRECT] 1 : Invalid condition id : UX_CORESTACK_Condition cause : null
2024-04-11 12:23:56,791 [INFO] LogOutputStream:77 - [STDOUT_REDIRECT] 1 : Invalid condition id : UX_CORESTACK_Condition cause : null
2024-04-11 12:23:56,794 [INFO] LogOutputStream:77 - [STDOUT_REDIRECT] 1 : Invalid condition id : UX_CORESTACK_Condition cause : null
2024-04-11 12:23:56,798 [INFO] LogOutputStream:77 - [STDOUT_REDIRECT] 1 : Invalid condition id : UX_CORESTACK_Condition cause : null
2024-04-11 12:23:56,802 [INFO] LogOutputStream:77 - [STDOUT_REDIRECT] 1 : Invalid condition id : UX_CORESTACK_Condition cause : null
2024-04-11 12:23:56,814 [WARN] PackLoader:240 - Cannot read IP mode file for STMicroelectronics.X-CUBE-AZRTOS-WL.2.0.0
2024-04-11 12:23:56,860 [WARN] PackLoader:240 - Cannot read IP mode file for STMicroelectronics.FP-SNS-MOTENV1.5.0.0
2024-04-11 12:23:56,908 [WARN] PackLoader:240 - Cannot read IP mode file for WES.I-CUBE-Cesium.1.3.0
2024-04-11 12:23:56,954 [WARN] PackLoader:240 - Cannot read IP mode file for STMicroelectronics.X-CUBE-BLE2.3.3.0
2024-04-11 12:23:56,994 [WARN] PackLoader:240 - Cannot read IP mode file for STMicroelectronics.X-CUBE-TCPP.4.1.0
2024-04-11 12:23:57,040 [WARN] PackLoader:240 - Cannot read IP mode file for STMicroelectronics.X-CUBE-ALGOBUILD.1.3.0
2024-04-11 12:23:57,128 [WARN] PackLoader:240 - Cannot read IP mode file for STMicroelectronics.X-CUBE-AZRTOS-G0.1.1.0
2024-04-11 12:23:57,183 [WARN] PackLoader:240 - Cannot read IP mode file for STMicroelectronics.X-CUBE-SAFEA1.1.2.2
2024-04-11 12:23:57,221 [WARN] PackLoader:240 - Cannot read IP mode file for STMicroelectronics.X-CUBE-NFC4.3.0.0
2024-04-11 12:23:57,257 [WARN] PackLoader:240 - Cannot read IP mode file for wolfSSL.I-CUBE-wolfSSL.5.7.0
2024-04-11 12:23:57,277 [WARN] PackLoader:240 - Cannot read IP mode file for STMicroelectronics.FP-ATR-SIGFOX1.3.2.0
2024-04-11 12:23:57,314 [WARN] PackLoader:240 - Cannot read IP mode file for STMicroelectronics.X-CUBE-EEPRMA1.5.1.0
2024-04-11 12:23:57,365 [WARN] PackLoader:240 - Cannot read IP mode file for ITTIA_DB.I-CUBE-ITTIADB.8.9.0
2024-04-11 12:23:57,467 [WARN] PackLoader:240 - Cannot read IP mode file for SEGGER.I-CUBE-embOS.1.3.1
2024-04-11 12:23:57,604 [WARN] PackLoader:240 - Cannot read IP mode file for STMicroelectronics.X-CUBE-GNSS1.6.0.0
2024-04-11 12:23:57,689 [WARN] PackLoader:240 - Cannot read IP mode file for STMicroelectronics.X-CUBE-AZRTOS-F4.1.1.0
2024-04-11 12:23:57,795 [WARN] PackLoader:240 - Cannot read IP mode file for STMicroelectronics.X-CUBE-AZRTOS-L5.2.0.0
2024-04-11 12:23:57,842 [WARN] PackLoader:240 - Cannot read IP mode file for STMicroelectronics.X-CUBE-NFC6.3.1.0
2024-04-11 12:23:57,896 [WARN] PackLoader:240 - Cannot read IP mode file for STMicroelectronics.X-CUBE-NFC7.1.0.1
2024-04-11 12:23:57,927 [WARN] PackLoader:240 - Cannot read IP mode file for STMicroelectronics.X-CUBE-AI.8.1.0
2024-04-11 12:23:58,005 [WARN] ConditionMgr:438 - getConditionDescription Invalid condition id : LAN8742 Phy interface Condition cause : null
2024-04-11 12:23:58,007 [WARN] PackLoader:240 - Cannot read IP mode file for STMicroelectronics.X-CUBE-AZRTOS-L4.2.0.0
2024-04-11 12:23:58,010 [WARN] ConditionMgr:1039 - genDependencies : Invalid condition id : LAN8742 Phy interface Condition cause : null
2024-04-11 12:23:58,011 [WARN] ConditionMgr:1039 - genDependencies : Invalid condition id : LAN8742 Phy interface Condition cause : null
2024-04-11 12:23:58,012 [WARN] ConditionMgr:1039 - genDependencies : Invalid condition id : LAN8742 Phy interface Condition cause : null
2024-04-11 12:23:58,053 [WARN] PackLoader:240 - Cannot read IP mode file for STMicroelectronics.X-CUBE-SFXS2LP1.4.0.0
2024-04-11 12:23:58,118 [WARN] ConditionMgr:438 - getConditionDescription Invalid condition id : UX DEVICE CLASS RTOS Condition cause : null
2024-04-11 12:23:58,119 [WARN] ConditionMgr:438 - getConditionDescription Invalid condition id : UX DEVICE CLASS RTOS Condition cause : null
2024-04-11 12:23:58,125 [WARN] PackLoader:240 - Cannot read IP mode file for STMicroelectronics.X-CUBE-AZRTOS-WB.2.0.0
2024-04-11 12:23:58,127 [WARN] ConditionMgr:1039 - genDependencies : Invalid condition id : UX DEVICE CLASS RTOS Condition cause : null
2024-04-11 12:23:58,128 [WARN] ConditionMgr:1039 - genDependencies : Invalid condition id : UX DEVICE CLASS RTOS Condition cause : null
2024-04-11 12:23:58,129 [WARN] ConditionMgr:1039 - genDependencies : Invalid condition id : UX DEVICE CLASS RTOS Condition cause : null
2024-04-11 12:23:58,130 [WARN] ConditionMgr:1039 - genDependencies : Invalid condition id : UX DEVICE CLASS RTOS Condition cause : null
2024-04-11 12:23:58,131 [WARN] ConditionMgr:1039 - genDependencies : Invalid condition id : UX DEVICE CLASS RTOS Condition cause : null
2024-04-11 12:23:58,187 [WARN] PackLoader:240 - Cannot read IP mode file for STMicroelectronics.X-CUBE-SUBG2.5.0.0
2024-04-11 12:23:58,266 [WARN] PackLoader:240 - Cannot read IP mode file for STMicroelectronics.X-CUBE-AZRTOS-G4.2.0.0
2024-04-11 12:23:58,281 [WARN] PackLoader:240 - Cannot read IP mode file for STMicroelectronics.FP-SNS-MOTENVWB1.1.3.1
2024-04-11 12:23:58,311 [WARN] PackLoader:240 - Cannot read IP mode file for STMicroelectronics.X-CUBE-ISPU.2.0.0
2024-04-11 12:23:58,448 [WARN] PackLoader:240 - Cannot read IP mode file for STMicroelectronics.X-CUBE-MEMS1.10.0.0
2024-04-11 12:23:58,768 [WARN] PackLoader:240 - Cannot read IP mode file for STMicroelectronics.X-CUBE-FREERTOS.1.1.0
2024-04-11 12:23:58,800 [WARN] PackLoader:240 - Cannot read IP mode file for portGmbH.I-Cube-SoM-uGOAL.1.1.0
2024-04-11 12:23:58,826 [WARN] PackLoader:240 - Cannot read IP mode file for STMicroelectronics.X-CUBE-ALS.1.0.1
2024-04-11 12:23:58,853 [WARN] PackLoader:240 - Cannot read IP mode file for STMicroelectronics.FP-ATR-ASTRA1.2.0.0
2024-04-11 12:23:58,920 [WARN] PackLoader:240 - Cannot read IP mode file for STMicroelectronics.X-CUBE-TOF1.3.4.1
2024-04-11 12:23:59,019 [WARN] PackLoader:240 - Cannot read IP mode file for STMicroelectronics.X-CUBE-AZRTOS-H7.3.2.0
2024-04-11 12:23:59,092 [WARN] PackLoader:240 - Cannot read IP mode file for Infineon.AIROC-Wi-Fi-Bluetooth-STM32.1.6.0
2024-04-11 12:23:59,115 [INFO] ThirdParty:978 - Integrity check success = true
2024-04-11 12:23:59,117 [INFO] IntegrityCheckThread:100 - exiting critical section [integrity check]
2024-04-11 12:23:59,117 [INFO] IntegrityCheckThread:103 - End integrity checks thread
2024-04-11 12:24:01,619 [INFO] WebApp:161 - Instantiating new browser for Auth
2024-04-11 12:24:02,838 [INFO] WebApp:779 - Register for checkConnection events
2024-04-11 12:24:02,838 [INFO] WebApp:414 - Apply proxy settings
2024-04-11 12:24:02,839 [INFO] WebApp:499 - Chromium requires no authentication
2024-04-11 12:24:02,856 [INFO] WebApp:442 - Direct internet connection detected
2024-04-11 12:24:03,260 [INFO] WebApp:192 - Starting web application
2024-04-11 12:24:03,261 [INFO] WebApp:544 - Web application path used C:\ST\STM32CubeIDE_1.15.0\STM32CubeIDE\plugins\com.st.stm32cube.common.mx_6.11.0.202403141607\db\plugins\mcufinder\reactClient1\index.html
2024-04-11 12:28:08,351 [ERROR] LogOutputStream:75 - [STDERR_REDIRECT] 
2024-04-11 12:28:08,353 [ERROR] LogOutputStream:75 - [STDERR_REDIRECT] 
