2024-05-01 11:02:30,993 [INFO] Activator:176 - 


2024-05-01 11:02:31,004 [INFO] Activator:177 - !SESSION log4j initialized
2024-05-01 11:02:41,280 [INFO] LogOutputStream:77 - [STDOUT_REDIRECT] 
2024-05-01 11:02:44,560 [INFO] ApplicationProperties:184 - Using Application install path: C:\ST\STM32CubeIDE_1.15.0\STM32CubeIDE\plugins\com.st.stm32cube.common.mx_6.11.0.202403141607
2024-05-01 11:02:44,588 [INFO] DbMcusXml:78 - Set database path to: C:\ST\STM32CubeIDE_1.15.0\STM32CubeIDE\plugins\com.st.stm32cube.common.mx_6.11.0.202403141607\\db\/mcu/
2024-05-01 11:02:44,590 [INFO] ApiDb:274 - Set plugin database path to: C:\ST\STM32CubeIDE_1.15.0\STM32CubeIDE\plugins\com.st.stm32cube.common.mx_6.11.0.202403141607\\db\/plugins/boardmanager/
2024-05-01 11:02:44,590 [WARN] ApiDb:259 - Overriding images path with different value:  => C:\ST\STM32CubeIDE_1.15.0\STM32CubeIDE\plugins\com.st.stm32cube.common.mx_6.11.0.202403141607\\db\/plugins/mcufinder/images/
2024-05-01 11:02:44,604 [INFO] ApiDb:250 - Set database path to: C:\Users\julia\.stmcufinder\plugins\mcufinder//mcu/
2024-05-01 11:02:44,606 [INFO] DbMcusAds:125 - Set database path to: C:\Users\julia\.stmcufinder\plugins\mcufinder//mcu/
2024-05-01 11:02:44,611 [INFO] CrossReferenceDbSqlite:203 - Set database path to: C:\Users\julia\.stmcufinder\plugins\mcufinder//mcu/cs/
2024-05-01 11:02:44,831 [INFO] RulesReader:64 - Compatibility file has been processed (297 Rules)
2024-05-01 11:02:44,970 [INFO] DbMcusXml:78 - Set database path to: C:\ST\STM32CubeIDE_1.15.0\STM32CubeIDE\plugins\com.st.stm32cube.common.mx_6.11.0.202403141607\\db\/mcu/
2024-05-01 11:02:44,971 [INFO] ApiDb:274 - Set plugin database path to: C:\ST\STM32CubeIDE_1.15.0\STM32CubeIDE\plugins\com.st.stm32cube.common.mx_6.11.0.202403141607\\db\/plugins/boardmanager/
2024-05-01 11:02:44,971 [INFO] ApiDb:261 - Set plugin images path to: C:\ST\STM32CubeIDE_1.15.0\STM32CubeIDE\plugins\com.st.stm32cube.common.mx_6.11.0.202403141607\\db\/plugins/mcufinder/images/
2024-05-01 11:02:44,971 [WARN] DbFile:41 - Overriding database path with different value: C:\Users\julia\.stmcufinder\plugins\mcufinder/ => C:\Users\julia\.stmcufinder\plugins\mcufinder
2024-05-01 11:02:44,972 [INFO] ApiDb:250 - Set database path to: C:\Users\julia\.stmcufinder\plugins\mcufinder//mcu/
2024-05-01 11:02:44,972 [WARN] DbFile:41 - Overriding database path with different value: C:\Users\julia\.stmcufinder\plugins\mcufinder/ => C:\Users\julia\.stmcufinder\plugins\mcufinder
2024-05-01 11:02:44,972 [INFO] DbMcusAds:125 - Set database path to: C:\Users\julia\.stmcufinder\plugins\mcufinder//mcu/
2024-05-01 11:02:44,972 [WARN] DbFile:41 - Overriding database path with different value: C:\Users\julia\.stmcufinder\plugins\mcufinder/ => C:\Users\julia\.stmcufinder\plugins\mcufinder
2024-05-01 11:02:44,972 [WARN] DbFile:41 - Overriding database path with different value: C:\Users\julia\.stmcufinder\plugins\mcufinder/ => C:\Users\julia\.stmcufinder\plugins\mcufinder
2024-05-01 11:02:44,972 [INFO] CrossReferenceDbSqlite:203 - Set database path to: C:\Users\julia\.stmcufinder\plugins\mcufinder//mcu/cs/
2024-05-01 11:02:45,112 [INFO] MainPanel:264 - HeapMemory: 268435456
2024-05-01 11:02:45,293 [INFO] DbMcusXml:78 - Set database path to: C:\ST\STM32CubeIDE_1.15.0\STM32CubeIDE\plugins\com.st.stm32cube.common.mx_6.11.0.202403141607\\db\/mcu/
2024-05-01 11:02:45,293 [INFO] ApiDb:274 - Set plugin database path to: C:\ST\STM32CubeIDE_1.15.0\STM32CubeIDE\plugins\com.st.stm32cube.common.mx_6.11.0.202403141607\\db\/plugins/boardmanager/
2024-05-01 11:02:45,293 [INFO] ApiDb:261 - Set plugin images path to: C:\ST\STM32CubeIDE_1.15.0\STM32CubeIDE\plugins\com.st.stm32cube.common.mx_6.11.0.202403141607\\db\/plugins/mcufinder/images/
2024-05-01 11:02:45,294 [WARN] DbFile:41 - Overriding database path with different value: C:\Users\julia\.stmcufinder\plugins\mcufinder/ => C:\Users\julia\.stmcufinder\plugins\mcufinder
2024-05-01 11:02:45,294 [INFO] ApiDb:250 - Set database path to: C:\Users\julia\.stmcufinder\plugins\mcufinder//mcu/
2024-05-01 11:02:45,294 [WARN] DbFile:41 - Overriding database path with different value: C:\Users\julia\.stmcufinder\plugins\mcufinder/ => C:\Users\julia\.stmcufinder\plugins\mcufinder
2024-05-01 11:02:45,294 [INFO] DbMcusAds:125 - Set database path to: C:\Users\julia\.stmcufinder\plugins\mcufinder//mcu/
2024-05-01 11:02:45,295 [WARN] DbFile:41 - Overriding database path with different value: C:\Users\julia\.stmcufinder\plugins\mcufinder/ => C:\Users\julia\.stmcufinder\plugins\mcufinder
2024-05-01 11:02:45,295 [WARN] DbFile:41 - Overriding database path with different value: C:\Users\julia\.stmcufinder\plugins\mcufinder/ => C:\Users\julia\.stmcufinder\plugins\mcufinder
2024-05-01 11:02:45,295 [INFO] CrossReferenceDbSqlite:203 - Set database path to: C:\Users\julia\.stmcufinder\plugins\mcufinder//mcu/cs/
2024-05-01 11:02:45,325 [INFO] ApplicationProperties:184 - Using Application install path: C:\ST\STM32CubeIDE_1.15.0\STM32CubeIDE\plugins\com.st.stm32cube.common.mx_6.11.0.202403141607
2024-05-01 11:02:45,327 [INFO] PluginManage:196 - Search for loadable plugins [exclusion list=, ]
2024-05-01 11:02:45,329 [INFO] PluginManage:310 - Check plugin analytics
2024-05-01 11:02:45,622 [INFO] AnalyticsPlugin:253 - Accepted Software Licenses: 
2024-05-01 11:02:45,622 [INFO] AnalyticsPlugin:255 - Accepted CMSIS Pack Licenses: 
2024-05-01 11:02:45,623 [INFO] AnalyticsPlugin:257 - Accepted Firmware Licenses: FW.L4.1.18.0
2024-05-01 11:02:45,627 [INFO] PluginManage:359 - Loaded plugin analytics (category:tool,tabindex:-1)
2024-05-01 11:02:45,628 [INFO] PluginManage:310 - Check plugin cadmodel
2024-05-01 11:02:45,652 [INFO] CADModel:105 - Init CAD model plugin
2024-05-01 11:02:45,653 [INFO] PluginManage:359 - Loaded plugin cadmodel (category:power,tabindex:5)
2024-05-01 11:02:45,653 [INFO] PluginManage:310 - Check plugin clock
2024-05-01 11:02:45,683 [INFO] PluginManage:359 - Loaded plugin clock (category:base,tabindex:2)
2024-05-01 11:02:45,683 [INFO] PluginManage:310 - Check plugin ddr
2024-05-01 11:02:45,686 [INFO] PluginManage:359 - Loaded plugin ddr (category:tool,tabindex:6)
2024-05-01 11:02:45,686 [INFO] PluginManage:310 - Check plugin filemanager
2024-05-01 11:02:45,917 [INFO] PluginManage:359 - Loaded plugin filemanager (category:base,tabindex:10)
2024-05-01 11:02:45,918 [INFO] PluginManage:310 - Check plugin ipmanager
2024-05-01 11:02:45,935 [INFO] PluginManage:359 - Loaded plugin ipmanager (category:base,tabindex:5)
2024-05-01 11:02:45,935 [INFO] PluginManage:310 - Check plugin lpbam
2024-05-01 11:02:45,977 [INFO] PluginManage:359 - Loaded plugin lpbam (category:base,tabindex:0)
2024-05-01 11:02:45,977 [INFO] PluginManage:310 - Check plugin memorymap
2024-05-01 11:02:46,027 [INFO] PluginManage:359 - Loaded plugin memorymap (category:base,tabindex:4)
2024-05-01 11:02:46,027 [INFO] PluginManage:310 - Check plugin pinoutandconfiguration
2024-05-01 11:02:46,063 [INFO] PluginManage:359 - Loaded plugin pinoutandconfiguration (category:base,tabindex:1)
2024-05-01 11:02:46,063 [INFO] PluginManage:310 - Check plugin pinoutconfig
2024-05-01 11:02:46,243 [WARN] SupportedApi:132 - Cannot load RTOS API schema: s4s-elt-must-match.1: The content of 'definitions' must match (annotation?, (simpleType | complexType)?, (unique | key | keyref)*)). A problem was found starting at: attribute.
2024-05-01 11:02:46,460 [INFO] PluginManage:359 - Loaded plugin pinoutconfig (category:base,tabindex:0)
2024-05-01 11:02:46,460 [INFO] PluginManage:310 - Check plugin power
2024-05-01 11:02:46,488 [INFO] PluginManage:359 - Loaded plugin power (category:power,tabindex:4)
2024-05-01 11:02:46,488 [INFO] PluginManage:310 - Check plugin projectmanager
2024-05-01 11:02:46,512 [INFO] PluginManage:359 - Loaded plugin projectmanager (category:projectmanager,tabindex:3)
2024-05-01 11:02:46,513 [INFO] PluginManage:310 - Check plugin thirdparty
2024-05-01 11:02:46,910 [INFO] PluginManage:359 - Loaded plugin thirdparty (category:base,tabindex:-1)
2024-05-01 11:02:46,911 [INFO] PluginManage:310 - Check plugin tools
2024-05-01 11:02:46,911 [WARN] IntegrityCheckThread:84 - waiting for thirdparty lock release [integrity check]
2024-05-01 11:02:46,911 [INFO] IntegrityCheckThread:86 - entering critical section [integrity check]
2024-05-01 11:02:46,912 [INFO] ThirdPartyUpdaterWithRetryManager:70 - Updater plugin not ready yet. [1/15]
2024-05-01 11:02:46,964 [INFO] PluginManage:359 - Loaded plugin tools (category:base,tabindex:7)
2024-05-01 11:02:46,964 [INFO] PluginManage:310 - Check plugin tutovideos
2024-05-01 11:02:47,334 [INFO] PluginManage:359 - Loaded plugin tutovideos (category:base,tabindex:-1)
2024-05-01 11:02:47,334 [INFO] PluginManage:310 - Check plugin updater
2024-05-01 11:02:47,351 [INFO] PluginManage:359 - Loaded plugin updater (category:base,tabindex:12)
2024-05-01 11:02:47,351 [INFO] PluginManage:310 - Check plugin userauth
2024-05-01 11:02:47,360 [INFO] UserAuth:114 - Init User Auth plugin
2024-05-01 11:02:47,360 [INFO] PluginManage:359 - Loaded plugin userauth (category:base,tabindex:14)
2024-05-01 11:02:47,360 [INFO] PluginManage:283 - PluginManage : Loaded plugins [17]
2024-05-01 11:02:47,759 [INFO] PinOutPanel:1561 - setPackage(No Configuration,No Configuration)
2024-05-01 11:02:47,876 [INFO] CADModel:165 - CPN selected for project level
2024-05-01 11:02:47,876 [INFO] CADModel:114 - Register for checkConnection events
2024-05-01 11:02:47,919 [INFO] IPUIPlugin:80 - create IPUIPlugin
2024-05-01 11:02:47,919 [INFO] PluginManager:220 - loadIPPluginJar : add adc
2024-05-01 11:02:47,994 [INFO] IPUIPlugin:80 - create IPUIPlugin
2024-05-01 11:02:47,994 [INFO] PluginManager:220 - loadIPPluginJar : add aes
2024-05-01 11:02:48,067 [INFO] IPUIPlugin:80 - create IPUIPlugin
2024-05-01 11:02:48,067 [INFO] PluginManager:220 - loadIPPluginJar : add can
2024-05-01 11:02:48,097 [INFO] IPUIPlugin:80 - create IPUIPlugin
2024-05-01 11:02:48,098 [INFO] PluginManager:220 - loadIPPluginJar : add comp
2024-05-01 11:02:48,147 [INFO] IPUIPlugin:80 - create IPUIPlugin
2024-05-01 11:02:48,147 [INFO] PluginManager:220 - loadIPPluginJar : add cryp
2024-05-01 11:02:48,195 [INFO] IPUIPlugin:80 - create IPUIPlugin
2024-05-01 11:02:48,195 [INFO] PluginManager:220 - loadIPPluginJar : add dfsdm
2024-05-01 11:02:48,223 [INFO] IPUIPlugin:80 - create IPUIPlugin
2024-05-01 11:02:48,224 [INFO] PluginManager:220 - loadIPPluginJar : add dma
2024-05-01 11:02:48,298 [INFO] IPUIPlugin:80 - create IPUIPlugin
2024-05-01 11:02:48,298 [INFO] PluginManager:220 - loadIPPluginJar : add dma3
2024-05-01 11:02:48,359 [INFO] IPUIPlugin:80 - create IPUIPlugin
2024-05-01 11:02:48,359 [INFO] PluginManager:220 - loadIPPluginJar : add extmemmanager
2024-05-01 11:02:48,388 [INFO] IPUIPlugin:80 - create IPUIPlugin
2024-05-01 11:02:48,388 [INFO] PluginManager:220 - loadIPPluginJar : add fatfs
2024-05-01 11:02:48,470 [INFO] IPUIPlugin:80 - create IPUIPlugin
2024-05-01 11:02:48,470 [INFO] PluginManager:220 - loadIPPluginJar : add fmc
2024-05-01 11:02:48,504 [INFO] IPUIPlugin:80 - create IPUIPlugin
2024-05-01 11:02:48,505 [INFO] PluginManager:220 - loadIPPluginJar : add freertos
2024-05-01 11:02:48,557 [INFO] IPUIPlugin:80 - create IPUIPlugin
2024-05-01 11:02:48,558 [INFO] PluginManager:220 - loadIPPluginJar : add genericplugin
2024-05-01 11:02:48,749 [INFO] IPUIPlugin:80 - create IPUIPlugin
2024-05-01 11:02:48,749 [INFO] PluginManager:220 - loadIPPluginJar : add gfxmmu
2024-05-01 11:02:49,003 [INFO] IPUIPlugin:80 - create IPUIPlugin
2024-05-01 11:02:49,004 [INFO] PluginManager:220 - loadIPPluginJar : add gic
2024-05-01 11:02:49,021 [INFO] IPUIPlugin:80 - create IPUIPlugin
2024-05-01 11:02:49,021 [INFO] PluginManager:220 - loadIPPluginJar : add gpio
2024-05-01 11:02:49,228 [INFO] IPUIPlugin:80 - create IPUIPlugin
2024-05-01 11:02:49,228 [INFO] PluginManager:220 - loadIPPluginJar : add gtzc
2024-05-01 11:02:49,305 [INFO] IPUIPlugin:80 - create IPUIPlugin
2024-05-01 11:02:49,305 [INFO] PluginManager:220 - loadIPPluginJar : add hash
2024-05-01 11:02:49,391 [INFO] IPUIPlugin:80 - create IPUIPlugin
2024-05-01 11:02:49,391 [INFO] PluginManager:220 - loadIPPluginJar : add i2c
2024-05-01 11:02:49,442 [INFO] IPUIPlugin:80 - create IPUIPlugin
2024-05-01 11:02:49,442 [INFO] PluginManager:220 - loadIPPluginJar : add i2s
2024-05-01 11:02:49,539 [INFO] IPUIPlugin:80 - create IPUIPlugin
2024-05-01 11:02:49,539 [INFO] PluginManager:220 - loadIPPluginJar : add i3c
2024-05-01 11:02:49,692 [INFO] IPUIPlugin:80 - create IPUIPlugin
2024-05-01 11:02:49,692 [INFO] PluginManager:220 - loadIPPluginJar : add ipddr
2024-05-01 11:02:49,854 [INFO] IPUIPlugin:80 - create IPUIPlugin
2024-05-01 11:02:49,855 [INFO] PluginManager:220 - loadIPPluginJar : add linkedlist
2024-05-01 11:02:49,902 [INFO] IPUIPlugin:80 - create IPUIPlugin
2024-05-01 11:02:49,902 [INFO] PluginManager:220 - loadIPPluginJar : add lorawan
2024-05-01 11:02:49,913 [INFO] ThirdPartyUpdaterWithRetryManager:70 - Updater plugin not ready yet. [2/15]
2024-05-01 11:02:49,964 [INFO] IPUIPlugin:80 - create IPUIPlugin
2024-05-01 11:02:49,965 [INFO] PluginManager:220 - loadIPPluginJar : add ltdc
2024-05-01 11:02:49,994 [INFO] IPUIPlugin:80 - create IPUIPlugin
2024-05-01 11:02:49,995 [INFO] PluginManager:220 - loadIPPluginJar : add mdma
2024-05-01 11:02:50,012 [INFO] IPUIPlugin:80 - create IPUIPlugin
2024-05-01 11:02:50,012 [INFO] PluginManager:220 - loadIPPluginJar : add nvic
2024-05-01 11:02:50,063 [INFO] IPUIPlugin:80 - create IPUIPlugin
2024-05-01 11:02:50,063 [INFO] PluginManager:220 - loadIPPluginJar : add opamp
2024-05-01 11:02:50,153 [INFO] IPUIPlugin:80 - create IPUIPlugin
2024-05-01 11:02:50,153 [INFO] PluginManager:220 - loadIPPluginJar : add openamp
2024-05-01 11:02:50,213 [INFO] IPUIPlugin:80 - create IPUIPlugin
2024-05-01 11:02:50,213 [INFO] PluginManager:220 - loadIPPluginJar : add pdm2pcm
2024-05-01 11:02:50,234 [INFO] IPUIPlugin:80 - create IPUIPlugin
2024-05-01 11:02:50,239 [INFO] PluginManager:220 - loadIPPluginJar : add plateformsettings
2024-05-01 11:02:50,281 [INFO] IPUIPlugin:80 - create IPUIPlugin
2024-05-01 11:02:50,281 [INFO] PluginManager:220 - loadIPPluginJar : add quadspi
2024-05-01 11:02:50,300 [INFO] IPUIPlugin:80 - create IPUIPlugin
2024-05-01 11:02:50,301 [INFO] PluginManager:220 - loadIPPluginJar : add resmgrutility
2024-05-01 11:02:50,391 [INFO] IPUIPlugin:80 - create IPUIPlugin
2024-05-01 11:02:50,392 [INFO] PluginManager:220 - loadIPPluginJar : add sai
2024-05-01 11:02:50,486 [INFO] IPUIPlugin:80 - create IPUIPlugin
2024-05-01 11:02:50,487 [INFO] PluginManager:220 - loadIPPluginJar : add spi
2024-05-01 11:02:50,608 [INFO] IPUIPlugin:80 - create IPUIPlugin
2024-05-01 11:02:50,609 [INFO] PluginManager:220 - loadIPPluginJar : add stm32_wpan
2024-05-01 11:02:50,649 [INFO] IPUIPlugin:80 - create IPUIPlugin
2024-05-01 11:02:50,649 [INFO] PluginManager:220 - loadIPPluginJar : add tim
2024-05-01 11:02:50,755 [INFO] IPUIPlugin:80 - create IPUIPlugin
2024-05-01 11:02:50,755 [INFO] PluginManager:220 - loadIPPluginJar : add touchsensing
2024-05-01 11:02:50,796 [INFO] IPUIPlugin:80 - create IPUIPlugin
2024-05-01 11:02:50,796 [INFO] PluginManager:220 - loadIPPluginJar : add tracer_emb
2024-05-01 11:02:50,832 [INFO] IPUIPlugin:80 - create IPUIPlugin
2024-05-01 11:02:50,833 [INFO] PluginManager:220 - loadIPPluginJar : add ts
2024-05-01 11:02:50,879 [INFO] IPUIPlugin:80 - create IPUIPlugin
2024-05-01 11:02:50,880 [INFO] PluginManager:220 - loadIPPluginJar : add tsc
2024-05-01 11:02:50,935 [INFO] IPUIPlugin:80 - create IPUIPlugin
2024-05-01 11:02:50,935 [INFO] PluginManager:220 - loadIPPluginJar : add ucpd
2024-05-01 11:02:51,047 [INFO] IPUIPlugin:80 - create IPUIPlugin
2024-05-01 11:02:51,047 [INFO] PluginManager:220 - loadIPPluginJar : add usart
2024-05-01 11:02:51,136 [INFO] IPUIPlugin:80 - create IPUIPlugin
2024-05-01 11:02:51,136 [INFO] PluginManager:220 - loadIPPluginJar : add usbx
2024-05-01 11:02:51,325 [INFO] CADModel:165 - CPN selected for project level
2024-05-01 11:02:51,325 [INFO] CADModel:114 - Register for checkConnection events
2024-05-01 11:02:51,325 [FATAL] Updater:308 - Updater called before beeing initialized
2024-05-01 11:02:51,325 [ERROR] CADModel:125 - Updater not yet initialized, retry later 
2024-05-01 11:02:51,652 [INFO] CADModel:165 - CPN selected for project level
2024-05-01 11:02:51,652 [INFO] CADModel:114 - Register for checkConnection events
2024-05-01 11:02:51,652 [FATAL] Updater:308 - Updater called before beeing initialized
2024-05-01 11:02:51,652 [ERROR] CADModel:125 - Updater not yet initialized, retry later 
2024-05-01 11:02:51,657 [FATAL] Updater:308 - Updater called before beeing initialized
2024-05-01 11:02:51,844 [FATAL] Updater:308 - Updater called before beeing initialized
2024-05-01 11:02:51,862 [INFO] DbMcusAds:53 - JSON generation date=Wed Nov 29 02:52:27 PST 2023 (1701255147349)
2024-05-01 11:02:51,864 [FATAL] Updater:308 - Updater called before beeing initialized
2024-05-01 11:02:51,988 [WARN] DetailPanel:346 - Failed to get advertising image, set to default
2024-05-01 11:02:52,139 [FATAL] Updater:308 - Updater called before beeing initialized
2024-05-01 11:02:52,143 [FATAL] Updater:308 - Updater called before beeing initialized
2024-05-01 11:02:52,143 [FATAL] Updater:308 - Updater called before beeing initialized
2024-05-01 11:02:52,143 [WARN] DetailPanel:346 - Failed to get advertising image, set to default
2024-05-01 11:02:52,145 [FATAL] Updater:308 - Updater called before beeing initialized
2024-05-01 11:02:52,306 [ERROR] Updater:1120 - MainUpdater not yet initialized. External WinMGr cannot be set.
2024-05-01 11:02:52,330 [INFO] Updater:1056 - Updater Version found : 6.11.0
2024-05-01 11:02:52,381 [INFO] ApplicationProperties:184 - Using Application install path: C:\ST\STM32CubeIDE_1.15.0\STM32CubeIDE\plugins\com.st.stm32cube.common.mx_6.11.0.202403141607
2024-05-01 11:02:52,914 [INFO] ThirdPartyUpdaterWithRetryManager:70 - Updater plugin not ready yet. [3/15]
2024-05-01 11:02:53,980 [ERROR] LogOutputStream:75 - [STDERR_REDIRECT] May 01, 2024 11:02:53 AM java.util.prefs.WindowsPreferences <init>
2024-05-01 11:02:53,985 [ERROR] LogOutputStream:75 - [STDERR_REDIRECT] WARNING: Could not open/create prefs root node Software\JavaSoft\Prefs at root 0xffffffff80000002. Windows RegCreateKeyEx(...) returned error code 5.
2024-05-01 11:02:53,986 [ERROR] LogOutputStream:75 - [STDERR_REDIRECT] 
2024-05-01 11:02:54,488 [INFO] MainUpdater:2873 - connection check result : 10
2024-05-01 11:02:54,489 [INFO] MainUpdater:3567 - Updater definition file requires update
2024-05-01 11:02:54,491 [INFO] MainUpdater:290 - Updater Check For Update Now.
2024-05-01 11:02:54,492 [INFO] MicroXplorer:498 - Change Database Version : DB.6.0.110
2024-05-01 11:02:54,520 [INFO] McuFinderGlobals:63 - Set McuFinder mode to 2 (CubeIDE integrated)
2024-05-01 11:02:54,536 [INFO] UserAuth:415 - Internet connection configuration mode: 1
2024-05-01 11:02:54,568 [INFO] ServerAccessManage:473 - Download File updaters.zip
2024-05-01 11:02:54,568 [INFO] JxBrowserEngine:152 - Initiate JxBrowser Engine with user profile folder
2024-05-01 11:02:54,695 [INFO] FileExtend:240 - Unzip File : updaters.zip
2024-05-01 11:02:54,695 [INFO] FileExtend:255 - Standard Zip Deflate
2024-05-01 11:02:55,468 [INFO] ServerAccessManage:473 - Download File PacksControlFlags.xml
2024-05-01 11:02:55,639 [INFO] ServerAccessManage:473 - Download File cubemx.pidx
2024-05-01 11:02:55,908 [INFO] LoadServerUpdatesThread:375 - End of LoadServerUpdate Thread
2024-05-01 11:02:55,917 [WARN] MainUpdater:1194 - Updater busy. Cannot search thirdparties
2024-05-01 11:02:55,918 [INFO] ThirdPartyUpdaterWithRetryManager:96 - Updater plugin is busy. [1/15]
2024-05-01 11:02:56,222 [INFO] CheckServerUpdateThread:120 - End of CheckServer Thread
2024-05-01 11:02:59,281 [WARN] PackLoader:240 - Cannot read IP mode file for STMicroelectronics.FP-SNS-MOTENVWB1.1.4.0
2024-05-01 11:02:59,308 [WARN] PackLoader:240 - Cannot read IP mode file for STMicroelectronics.X-CUBE-SMBUS.2.1.0
2024-05-01 11:02:59,326 [WARN] PackLoader:240 - Cannot read IP mode file for STMicroelectronics.X-CUBE-TOUCHGFX.4.23.2
2024-05-01 11:02:59,413 [WARN] PackLoader:240 - Cannot read IP mode file for STMicroelectronics.X-CUBE-AZRTOS-F7.1.1.0
2024-05-01 11:02:59,451 [WARN] PackLoader:240 - Cannot read IP mode file for STMicroelectronics.FP-SNS-FLIGHT1.5.0.2
2024-05-01 11:02:59,484 [WARN] PackLoader:240 - Cannot read IP mode file for STMicroelectronics.X-CUBE-DISPLAY.3.0.0
2024-05-01 11:02:59,528 [WARN] PackLoader:240 - Cannot read IP mode file for STMicroelectronics.X-CUBE-BLE1.7.0.0
2024-05-01 11:02:59,554 [WARN] PackLoader:240 - Cannot read IP mode file for emotas.I-CUBE-CANOPEN.1.3.0
2024-05-01 11:02:59,594 [WARN] PackLoader:240 - Cannot read IP mode file for STMicroelectronics.X-CUBE-BLEMGR.3.1.0
2024-05-01 11:02:59,620 [WARN] PackLoader:240 - Cannot read IP mode file for STMicroelectronics.FP-SNS-SMARTAG2.1.2.0
2024-05-01 11:02:59,659 [INFO] LogOutputStream:77 - [STDOUT_REDIRECT] 1 : Invalid condition id : UX_CORESTACK_Condition cause : null
2024-05-01 11:02:59,659 [INFO] LogOutputStream:77 - [STDOUT_REDIRECT] 1 : Invalid condition id : UX_CORESTACK_Condition cause : null
2024-05-01 11:02:59,661 [INFO] LogOutputStream:77 - [STDOUT_REDIRECT] 1 : Invalid condition id : UX_CORESTACK_Condition cause : null
2024-05-01 11:02:59,663 [INFO] LogOutputStream:77 - [STDOUT_REDIRECT] 1 : Invalid condition id : UX_CORESTACK_Condition cause : null
2024-05-01 11:02:59,664 [INFO] LogOutputStream:77 - [STDOUT_REDIRECT] 1 : Invalid condition id : UX_CORESTACK_Condition cause : null
2024-05-01 11:02:59,678 [WARN] PackLoader:240 - Cannot read IP mode file for STMicroelectronics.X-CUBE-AZRTOS-WL.2.0.0
2024-05-01 11:02:59,706 [WARN] PackLoader:240 - Cannot read IP mode file for STMicroelectronics.FP-SNS-MOTENV1.5.0.0
2024-05-01 11:02:59,731 [WARN] PackLoader:240 - Cannot read IP mode file for WES.I-CUBE-Cesium.1.3.0
2024-05-01 11:02:59,748 [WARN] PackLoader:240 - Cannot read IP mode file for STMicroelectronics.X-CUBE-BLE2.3.3.0
2024-05-01 11:02:59,775 [WARN] PackLoader:240 - Cannot read IP mode file for STMicroelectronics.X-CUBE-TCPP.4.1.0
2024-05-01 11:02:59,816 [WARN] PackLoader:240 - Cannot read IP mode file for STMicroelectronics.X-CUBE-ALGOBUILD.1.3.0
2024-05-01 11:02:59,875 [WARN] PackLoader:240 - Cannot read IP mode file for STMicroelectronics.X-CUBE-AZRTOS-G0.1.1.0
2024-05-01 11:02:59,909 [WARN] PackLoader:240 - Cannot read IP mode file for STMicroelectronics.X-CUBE-SAFEA1.1.2.2
2024-05-01 11:02:59,933 [WARN] PackLoader:240 - Cannot read IP mode file for STMicroelectronics.X-CUBE-NFC4.3.0.0
2024-05-01 11:02:59,954 [WARN] PackLoader:240 - Cannot read IP mode file for wolfSSL.I-CUBE-wolfSSL.5.7.0
2024-05-01 11:02:59,970 [WARN] PackLoader:240 - Cannot read IP mode file for STMicroelectronics.FP-ATR-SIGFOX1.3.2.0
2024-05-01 11:02:59,994 [WARN] PackLoader:240 - Cannot read IP mode file for STMicroelectronics.X-CUBE-EEPRMA1.5.1.0
2024-05-01 11:03:00,031 [WARN] PackLoader:240 - Cannot read IP mode file for ITTIA_DB.I-CUBE-ITTIADB.8.9.0
2024-05-01 11:03:00,117 [WARN] PackLoader:240 - Cannot read IP mode file for SEGGER.I-CUBE-embOS.1.3.1
2024-05-01 11:03:00,218 [WARN] PackLoader:240 - Cannot read IP mode file for STMicroelectronics.X-CUBE-GNSS1.6.0.0
2024-05-01 11:03:00,277 [WARN] PackLoader:240 - Cannot read IP mode file for STMicroelectronics.X-CUBE-AZRTOS-F4.1.1.0
2024-05-01 11:03:00,311 [WARN] PackLoader:240 - Cannot read IP mode file for STMicroelectronics.X-CUBE-FREERTOS.1.2.0
2024-05-01 11:03:00,364 [WARN] PackLoader:240 - Cannot read IP mode file for STMicroelectronics.X-CUBE-AZRTOS-L5.2.0.0
2024-05-01 11:03:00,396 [WARN] PackLoader:240 - Cannot read IP mode file for STMicroelectronics.X-CUBE-NFC6.3.1.0
2024-05-01 11:03:00,423 [WARN] PackLoader:240 - Cannot read IP mode file for STMicroelectronics.X-CUBE-AI.9.0.0
2024-05-01 11:03:00,447 [WARN] PackLoader:240 - Cannot read IP mode file for STMicroelectronics.X-CUBE-NFC7.1.0.1
2024-05-01 11:03:00,468 [WARN] PackLoader:240 - Cannot read IP mode file for STMicroelectronics.X-CUBE-AI.8.1.0
2024-05-01 11:03:00,519 [WARN] ConditionMgr:438 - getConditionDescription Invalid condition id : LAN8742 Phy interface Condition cause : null
2024-05-01 11:03:00,520 [WARN] PackLoader:240 - Cannot read IP mode file for STMicroelectronics.X-CUBE-AZRTOS-L4.2.0.0
2024-05-01 11:03:00,523 [WARN] ConditionMgr:1039 - genDependencies : Invalid condition id : LAN8742 Phy interface Condition cause : null
2024-05-01 11:03:00,523 [WARN] ConditionMgr:1039 - genDependencies : Invalid condition id : LAN8742 Phy interface Condition cause : null
2024-05-01 11:03:00,525 [WARN] ConditionMgr:1039 - genDependencies : Invalid condition id : LAN8742 Phy interface Condition cause : null
2024-05-01 11:03:00,553 [WARN] PackLoader:240 - Cannot read IP mode file for STMicroelectronics.X-CUBE-SFXS2LP1.4.0.0
2024-05-01 11:03:00,595 [WARN] ConditionMgr:438 - getConditionDescription Invalid condition id : UX DEVICE CLASS RTOS Condition cause : null
2024-05-01 11:03:00,596 [WARN] ConditionMgr:438 - getConditionDescription Invalid condition id : UX DEVICE CLASS RTOS Condition cause : null
2024-05-01 11:03:00,599 [WARN] PackLoader:240 - Cannot read IP mode file for STMicroelectronics.X-CUBE-AZRTOS-WB.2.0.0
2024-05-01 11:03:00,600 [WARN] ConditionMgr:1039 - genDependencies : Invalid condition id : UX DEVICE CLASS RTOS Condition cause : null
2024-05-01 11:03:00,601 [WARN] ConditionMgr:1039 - genDependencies : Invalid condition id : UX DEVICE CLASS RTOS Condition cause : null
2024-05-01 11:03:00,601 [WARN] ConditionMgr:1039 - genDependencies : Invalid condition id : UX DEVICE CLASS RTOS Condition cause : null
2024-05-01 11:03:00,602 [WARN] ConditionMgr:1039 - genDependencies : Invalid condition id : UX DEVICE CLASS RTOS Condition cause : null
2024-05-01 11:03:00,602 [WARN] ConditionMgr:1039 - genDependencies : Invalid condition id : UX DEVICE CLASS RTOS Condition cause : null
2024-05-01 11:03:00,634 [WARN] PackLoader:240 - Cannot read IP mode file for STMicroelectronics.X-CUBE-SUBG2.5.0.0
2024-05-01 11:03:00,687 [WARN] PackLoader:240 - Cannot read IP mode file for STMicroelectronics.X-CUBE-AZRTOS-G4.2.0.0
2024-05-01 11:03:00,709 [WARN] PackLoader:240 - Cannot read IP mode file for STMicroelectronics.FP-SNS-MOTENVWB1.1.3.1
2024-05-01 11:03:00,732 [WARN] PackLoader:240 - Cannot read IP mode file for STMicroelectronics.X-CUBE-ISPU.2.0.0
2024-05-01 11:03:00,816 [WARN] PackLoader:240 - Cannot read IP mode file for STMicroelectronics.X-CUBE-MEMS1.10.0.0
2024-05-01 11:03:01,023 [WARN] PackLoader:240 - Cannot read IP mode file for STMicroelectronics.X-CUBE-FREERTOS.1.1.0
2024-05-01 11:03:01,045 [WARN] PackLoader:240 - Cannot read IP mode file for portGmbH.I-Cube-SoM-uGOAL.1.1.0
2024-05-01 11:03:01,068 [WARN] PackLoader:240 - Cannot read IP mode file for STMicroelectronics.X-CUBE-ALS.1.0.1
2024-05-01 11:03:01,125 [WARN] PackLoader:240 - Cannot read IP mode file for STMicroelectronics.X-CUBE-AZRTOS-H7RS.1.0.0
2024-05-01 11:03:01,152 [WARN] PackLoader:240 - Cannot read IP mode file for STMicroelectronics.FP-ATR-ASTRA1.2.0.0
2024-05-01 11:03:01,191 [WARN] PackLoader:240 - Cannot read IP mode file for STMicroelectronics.X-CUBE-TOF1.3.4.1
2024-05-01 11:03:01,272 [WARN] PackLoader:240 - Cannot read IP mode file for STMicroelectronics.X-CUBE-AZRTOS-H7.3.2.0
2024-05-01 11:03:01,321 [WARN] PackLoader:240 - Cannot read IP mode file for Infineon.AIROC-Wi-Fi-Bluetooth-STM32.1.6.0
2024-05-01 11:03:01,331 [INFO] ThirdParty:978 - Integrity check success = true
2024-05-01 11:03:01,331 [INFO] IntegrityCheckThread:100 - exiting critical section [integrity check]
2024-05-01 11:03:01,331 [INFO] IntegrityCheckThread:103 - End integrity checks thread
2024-05-01 11:03:04,163 [INFO] WebApp:161 - Instantiating new browser for Auth
2024-05-01 11:03:05,252 [INFO] WebApp:779 - Register for checkConnection events
2024-05-01 11:03:05,252 [INFO] WebApp:414 - Apply proxy settings
2024-05-01 11:03:05,252 [INFO] WebApp:499 - Chromium requires no authentication
2024-05-01 11:03:05,264 [INFO] WebApp:442 - Direct internet connection detected
2024-05-01 11:03:05,543 [INFO] WebApp:192 - Starting web application
2024-05-01 11:03:05,543 [INFO] WebApp:544 - Web application path used C:\ST\STM32CubeIDE_1.15.0\STM32CubeIDE\plugins\com.st.stm32cube.common.mx_6.11.0.202403141607\db\plugins\mcufinder\reactClient1\index.html
2024-05-01 12:09:04,872 [ERROR] LogOutputStream:75 - [STDERR_REDIRECT] 
2024-05-01 14:08:26,218 [INFO] Activator:176 - 


2024-05-01 14:08:26,223 [INFO] Activator:177 - !SESSION log4j initialized
2024-05-01 14:08:36,013 [INFO] LogOutputStream:77 - [STDOUT_REDIRECT] 
2024-05-01 14:08:37,814 [INFO] ApplicationProperties:184 - Using Application install path: C:\ST\STM32CubeIDE_1.15.0\STM32CubeIDE\plugins\com.st.stm32cube.common.mx_6.11.0.202403141607
2024-05-01 14:08:37,850 [INFO] DbMcusXml:78 - Set database path to: C:\ST\STM32CubeIDE_1.15.0\STM32CubeIDE\plugins\com.st.stm32cube.common.mx_6.11.0.202403141607\\db\/mcu/
2024-05-01 14:08:37,851 [INFO] ApiDb:274 - Set plugin database path to: C:\ST\STM32CubeIDE_1.15.0\STM32CubeIDE\plugins\com.st.stm32cube.common.mx_6.11.0.202403141607\\db\/plugins/boardmanager/
2024-05-01 14:08:37,851 [WARN] ApiDb:259 - Overriding images path with different value:  => C:\ST\STM32CubeIDE_1.15.0\STM32CubeIDE\plugins\com.st.stm32cube.common.mx_6.11.0.202403141607\\db\/plugins/mcufinder/images/
2024-05-01 14:08:37,865 [INFO] ApiDb:250 - Set database path to: C:\Users\julia\.stmcufinder\plugins\mcufinder//mcu/
2024-05-01 14:08:37,868 [INFO] DbMcusAds:125 - Set database path to: C:\Users\julia\.stmcufinder\plugins\mcufinder//mcu/
2024-05-01 14:08:37,875 [INFO] CrossReferenceDbSqlite:203 - Set database path to: C:\Users\julia\.stmcufinder\plugins\mcufinder//mcu/cs/
2024-05-01 14:08:38,093 [INFO] RulesReader:64 - Compatibility file has been processed (297 Rules)
2024-05-01 14:08:38,260 [INFO] DbMcusXml:78 - Set database path to: C:\ST\STM32CubeIDE_1.15.0\STM32CubeIDE\plugins\com.st.stm32cube.common.mx_6.11.0.202403141607\\db\/mcu/
2024-05-01 14:08:38,261 [INFO] ApiDb:274 - Set plugin database path to: C:\ST\STM32CubeIDE_1.15.0\STM32CubeIDE\plugins\com.st.stm32cube.common.mx_6.11.0.202403141607\\db\/plugins/boardmanager/
2024-05-01 14:08:38,261 [INFO] ApiDb:261 - Set plugin images path to: C:\ST\STM32CubeIDE_1.15.0\STM32CubeIDE\plugins\com.st.stm32cube.common.mx_6.11.0.202403141607\\db\/plugins/mcufinder/images/
2024-05-01 14:08:38,262 [WARN] DbFile:41 - Overriding database path with different value: C:\Users\julia\.stmcufinder\plugins\mcufinder/ => C:\Users\julia\.stmcufinder\plugins\mcufinder
2024-05-01 14:08:38,262 [INFO] ApiDb:250 - Set database path to: C:\Users\julia\.stmcufinder\plugins\mcufinder//mcu/
2024-05-01 14:08:38,262 [WARN] DbFile:41 - Overriding database path with different value: C:\Users\julia\.stmcufinder\plugins\mcufinder/ => C:\Users\julia\.stmcufinder\plugins\mcufinder
2024-05-01 14:08:38,263 [INFO] DbMcusAds:125 - Set database path to: C:\Users\julia\.stmcufinder\plugins\mcufinder//mcu/
2024-05-01 14:08:38,263 [WARN] DbFile:41 - Overriding database path with different value: C:\Users\julia\.stmcufinder\plugins\mcufinder/ => C:\Users\julia\.stmcufinder\plugins\mcufinder
2024-05-01 14:08:38,263 [WARN] DbFile:41 - Overriding database path with different value: C:\Users\julia\.stmcufinder\plugins\mcufinder/ => C:\Users\julia\.stmcufinder\plugins\mcufinder
2024-05-01 14:08:38,263 [INFO] CrossReferenceDbSqlite:203 - Set database path to: C:\Users\julia\.stmcufinder\plugins\mcufinder//mcu/cs/
2024-05-01 14:08:38,440 [INFO] MainPanel:264 - HeapMemory: 268435456
2024-05-01 14:08:38,675 [INFO] DbMcusXml:78 - Set database path to: C:\ST\STM32CubeIDE_1.15.0\STM32CubeIDE\plugins\com.st.stm32cube.common.mx_6.11.0.202403141607\\db\/mcu/
2024-05-01 14:08:38,675 [INFO] ApiDb:274 - Set plugin database path to: C:\ST\STM32CubeIDE_1.15.0\STM32CubeIDE\plugins\com.st.stm32cube.common.mx_6.11.0.202403141607\\db\/plugins/boardmanager/
2024-05-01 14:08:38,675 [INFO] ApiDb:261 - Set plugin images path to: C:\ST\STM32CubeIDE_1.15.0\STM32CubeIDE\plugins\com.st.stm32cube.common.mx_6.11.0.202403141607\\db\/plugins/mcufinder/images/
2024-05-01 14:08:38,676 [WARN] DbFile:41 - Overriding database path with different value: C:\Users\julia\.stmcufinder\plugins\mcufinder/ => C:\Users\julia\.stmcufinder\plugins\mcufinder
2024-05-01 14:08:38,677 [INFO] ApiDb:250 - Set database path to: C:\Users\julia\.stmcufinder\plugins\mcufinder//mcu/
2024-05-01 14:08:38,677 [WARN] DbFile:41 - Overriding database path with different value: C:\Users\julia\.stmcufinder\plugins\mcufinder/ => C:\Users\julia\.stmcufinder\plugins\mcufinder
2024-05-01 14:08:38,677 [INFO] DbMcusAds:125 - Set database path to: C:\Users\julia\.stmcufinder\plugins\mcufinder//mcu/
2024-05-01 14:08:38,677 [WARN] DbFile:41 - Overriding database path with different value: C:\Users\julia\.stmcufinder\plugins\mcufinder/ => C:\Users\julia\.stmcufinder\plugins\mcufinder
2024-05-01 14:08:38,677 [WARN] DbFile:41 - Overriding database path with different value: C:\Users\julia\.stmcufinder\plugins\mcufinder/ => C:\Users\julia\.stmcufinder\plugins\mcufinder
2024-05-01 14:08:38,678 [INFO] CrossReferenceDbSqlite:203 - Set database path to: C:\Users\julia\.stmcufinder\plugins\mcufinder//mcu/cs/
2024-05-01 14:08:38,718 [INFO] ApplicationProperties:184 - Using Application install path: C:\ST\STM32CubeIDE_1.15.0\STM32CubeIDE\plugins\com.st.stm32cube.common.mx_6.11.0.202403141607
2024-05-01 14:08:38,721 [INFO] PluginManage:196 - Search for loadable plugins [exclusion list=, ]
2024-05-01 14:08:38,724 [INFO] PluginManage:310 - Check plugin analytics
2024-05-01 14:08:39,037 [INFO] AnalyticsPlugin:253 - Accepted Software Licenses: 
2024-05-01 14:08:39,038 [INFO] AnalyticsPlugin:255 - Accepted CMSIS Pack Licenses: 
2024-05-01 14:08:39,038 [INFO] AnalyticsPlugin:257 - Accepted Firmware Licenses: FW.L4.1.18.0
2024-05-01 14:08:39,043 [INFO] PluginManage:359 - Loaded plugin analytics (category:tool,tabindex:-1)
2024-05-01 14:08:39,045 [INFO] PluginManage:310 - Check plugin cadmodel
2024-05-01 14:08:39,054 [INFO] CADModel:105 - Init CAD model plugin
2024-05-01 14:08:39,055 [INFO] PluginManage:359 - Loaded plugin cadmodel (category:power,tabindex:5)
2024-05-01 14:08:39,055 [INFO] PluginManage:310 - Check plugin clock
2024-05-01 14:08:39,071 [INFO] PluginManage:359 - Loaded plugin clock (category:base,tabindex:2)
2024-05-01 14:08:39,072 [INFO] PluginManage:310 - Check plugin ddr
2024-05-01 14:08:39,076 [INFO] PluginManage:359 - Loaded plugin ddr (category:tool,tabindex:6)
2024-05-01 14:08:39,076 [INFO] PluginManage:310 - Check plugin filemanager
2024-05-01 14:08:39,347 [INFO] PluginManage:359 - Loaded plugin filemanager (category:base,tabindex:10)
2024-05-01 14:08:39,348 [INFO] PluginManage:310 - Check plugin ipmanager
2024-05-01 14:08:39,405 [INFO] PluginManage:359 - Loaded plugin ipmanager (category:base,tabindex:5)
2024-05-01 14:08:39,406 [INFO] PluginManage:310 - Check plugin lpbam
2024-05-01 14:08:39,428 [INFO] PluginManage:359 - Loaded plugin lpbam (category:base,tabindex:0)
2024-05-01 14:08:39,428 [INFO] PluginManage:310 - Check plugin memorymap
2024-05-01 14:08:39,470 [INFO] PluginManage:359 - Loaded plugin memorymap (category:base,tabindex:4)
2024-05-01 14:08:39,470 [INFO] PluginManage:310 - Check plugin pinoutandconfiguration
2024-05-01 14:08:39,486 [INFO] PluginManage:359 - Loaded plugin pinoutandconfiguration (category:base,tabindex:1)
2024-05-01 14:08:39,486 [INFO] PluginManage:310 - Check plugin pinoutconfig
2024-05-01 14:08:39,659 [WARN] SupportedApi:132 - Cannot load RTOS API schema: s4s-elt-must-match.1: The content of 'definitions' must match (annotation?, (simpleType | complexType)?, (unique | key | keyref)*)). A problem was found starting at: attribute.
2024-05-01 14:08:39,910 [INFO] PluginManage:359 - Loaded plugin pinoutconfig (category:base,tabindex:0)
2024-05-01 14:08:39,910 [INFO] PluginManage:310 - Check plugin power
2024-05-01 14:08:39,926 [INFO] PluginManage:359 - Loaded plugin power (category:power,tabindex:4)
2024-05-01 14:08:39,926 [INFO] PluginManage:310 - Check plugin projectmanager
2024-05-01 14:08:39,957 [INFO] PluginManage:359 - Loaded plugin projectmanager (category:projectmanager,tabindex:3)
2024-05-01 14:08:39,957 [INFO] PluginManage:310 - Check plugin thirdparty
2024-05-01 14:08:40,194 [INFO] PluginManage:359 - Loaded plugin thirdparty (category:base,tabindex:-1)
2024-05-01 14:08:40,194 [WARN] IntegrityCheckThread:84 - waiting for thirdparty lock release [integrity check]
2024-05-01 14:08:40,194 [INFO] PluginManage:310 - Check plugin tools
2024-05-01 14:08:40,194 [INFO] IntegrityCheckThread:86 - entering critical section [integrity check]
2024-05-01 14:08:40,195 [INFO] ThirdPartyUpdaterWithRetryManager:70 - Updater plugin not ready yet. [1/15]
2024-05-01 14:08:40,199 [INFO] PluginManage:359 - Loaded plugin tools (category:base,tabindex:7)
2024-05-01 14:08:40,200 [INFO] PluginManage:310 - Check plugin tutovideos
2024-05-01 14:08:40,659 [INFO] PluginManage:359 - Loaded plugin tutovideos (category:base,tabindex:-1)
2024-05-01 14:08:40,660 [INFO] PluginManage:310 - Check plugin updater
2024-05-01 14:08:40,680 [INFO] PluginManage:359 - Loaded plugin updater (category:base,tabindex:12)
2024-05-01 14:08:40,680 [INFO] PluginManage:310 - Check plugin userauth
2024-05-01 14:08:40,690 [INFO] UserAuth:114 - Init User Auth plugin
2024-05-01 14:08:40,690 [INFO] PluginManage:359 - Loaded plugin userauth (category:base,tabindex:14)
2024-05-01 14:08:40,691 [INFO] PluginManage:283 - PluginManage : Loaded plugins [17]
2024-05-01 14:08:41,149 [INFO] PinOutPanel:1561 - setPackage(No Configuration,No Configuration)
2024-05-01 14:08:41,272 [INFO] CADModel:165 - CPN selected for project level
2024-05-01 14:08:41,272 [INFO] CADModel:114 - Register for checkConnection events
2024-05-01 14:08:41,298 [INFO] IPUIPlugin:80 - create IPUIPlugin
2024-05-01 14:08:41,299 [INFO] PluginManager:220 - loadIPPluginJar : add adc
2024-05-01 14:08:41,302 [INFO] IPUIPlugin:80 - create IPUIPlugin
2024-05-01 14:08:41,302 [INFO] PluginManager:220 - loadIPPluginJar : add aes
2024-05-01 14:08:41,305 [INFO] IPUIPlugin:80 - create IPUIPlugin
2024-05-01 14:08:41,305 [INFO] PluginManager:220 - loadIPPluginJar : add can
2024-05-01 14:08:41,307 [INFO] IPUIPlugin:80 - create IPUIPlugin
2024-05-01 14:08:41,307 [INFO] PluginManager:220 - loadIPPluginJar : add comp
2024-05-01 14:08:41,312 [INFO] IPUIPlugin:80 - create IPUIPlugin
2024-05-01 14:08:41,312 [INFO] PluginManager:220 - loadIPPluginJar : add cryp
2024-05-01 14:08:41,315 [INFO] IPUIPlugin:80 - create IPUIPlugin
2024-05-01 14:08:41,316 [INFO] PluginManager:220 - loadIPPluginJar : add dfsdm
2024-05-01 14:08:41,325 [INFO] IPUIPlugin:80 - create IPUIPlugin
2024-05-01 14:08:41,325 [INFO] PluginManager:220 - loadIPPluginJar : add dma
2024-05-01 14:08:41,329 [INFO] IPUIPlugin:80 - create IPUIPlugin
2024-05-01 14:08:41,329 [INFO] PluginManager:220 - loadIPPluginJar : add dma3
2024-05-01 14:08:41,332 [INFO] IPUIPlugin:80 - create IPUIPlugin
2024-05-01 14:08:41,332 [INFO] PluginManager:220 - loadIPPluginJar : add extmemmanager
2024-05-01 14:08:41,334 [INFO] IPUIPlugin:80 - create IPUIPlugin
2024-05-01 14:08:41,334 [INFO] PluginManager:220 - loadIPPluginJar : add fatfs
2024-05-01 14:08:41,341 [INFO] IPUIPlugin:80 - create IPUIPlugin
2024-05-01 14:08:41,341 [INFO] PluginManager:220 - loadIPPluginJar : add fmc
2024-05-01 14:08:41,350 [INFO] IPUIPlugin:80 - create IPUIPlugin
2024-05-01 14:08:41,350 [INFO] PluginManager:220 - loadIPPluginJar : add freertos
2024-05-01 14:08:41,352 [INFO] IPUIPlugin:80 - create IPUIPlugin
2024-05-01 14:08:41,353 [INFO] PluginManager:220 - loadIPPluginJar : add genericplugin
2024-05-01 14:08:41,356 [INFO] IPUIPlugin:80 - create IPUIPlugin
2024-05-01 14:08:41,356 [INFO] PluginManager:220 - loadIPPluginJar : add gfxmmu
2024-05-01 14:08:41,363 [INFO] IPUIPlugin:80 - create IPUIPlugin
2024-05-01 14:08:41,364 [INFO] PluginManager:220 - loadIPPluginJar : add gic
2024-05-01 14:08:41,370 [INFO] IPUIPlugin:80 - create IPUIPlugin
2024-05-01 14:08:41,370 [INFO] PluginManager:220 - loadIPPluginJar : add gpio
2024-05-01 14:08:41,377 [INFO] IPUIPlugin:80 - create IPUIPlugin
2024-05-01 14:08:41,378 [INFO] PluginManager:220 - loadIPPluginJar : add gtzc
2024-05-01 14:08:41,383 [INFO] IPUIPlugin:80 - create IPUIPlugin
2024-05-01 14:08:41,383 [INFO] PluginManager:220 - loadIPPluginJar : add hash
2024-05-01 14:08:41,388 [INFO] IPUIPlugin:80 - create IPUIPlugin
2024-05-01 14:08:41,388 [INFO] PluginManager:220 - loadIPPluginJar : add i2c
2024-05-01 14:08:41,391 [INFO] IPUIPlugin:80 - create IPUIPlugin
2024-05-01 14:08:41,392 [INFO] PluginManager:220 - loadIPPluginJar : add i2s
2024-05-01 14:08:41,396 [INFO] IPUIPlugin:80 - create IPUIPlugin
2024-05-01 14:08:41,396 [INFO] PluginManager:220 - loadIPPluginJar : add i3c
2024-05-01 14:08:41,402 [INFO] IPUIPlugin:80 - create IPUIPlugin
2024-05-01 14:08:41,402 [INFO] PluginManager:220 - loadIPPluginJar : add ipddr
2024-05-01 14:08:41,416 [INFO] IPUIPlugin:80 - create IPUIPlugin
2024-05-01 14:08:41,416 [INFO] PluginManager:220 - loadIPPluginJar : add linkedlist
2024-05-01 14:08:41,423 [INFO] IPUIPlugin:80 - create IPUIPlugin
2024-05-01 14:08:41,424 [INFO] PluginManager:220 - loadIPPluginJar : add lorawan
2024-05-01 14:08:41,426 [INFO] IPUIPlugin:80 - create IPUIPlugin
2024-05-01 14:08:41,427 [INFO] PluginManager:220 - loadIPPluginJar : add ltdc
2024-05-01 14:08:41,441 [INFO] IPUIPlugin:80 - create IPUIPlugin
2024-05-01 14:08:41,442 [INFO] PluginManager:220 - loadIPPluginJar : add mdma
2024-05-01 14:08:41,450 [INFO] IPUIPlugin:80 - create IPUIPlugin
2024-05-01 14:08:41,450 [INFO] PluginManager:220 - loadIPPluginJar : add nvic
2024-05-01 14:08:41,456 [INFO] IPUIPlugin:80 - create IPUIPlugin
2024-05-01 14:08:41,457 [INFO] PluginManager:220 - loadIPPluginJar : add opamp
2024-05-01 14:08:41,463 [INFO] IPUIPlugin:80 - create IPUIPlugin
2024-05-01 14:08:41,463 [INFO] PluginManager:220 - loadIPPluginJar : add openamp
2024-05-01 14:08:41,469 [INFO] IPUIPlugin:80 - create IPUIPlugin
2024-05-01 14:08:41,470 [INFO] PluginManager:220 - loadIPPluginJar : add pdm2pcm
2024-05-01 14:08:41,478 [INFO] IPUIPlugin:80 - create IPUIPlugin
2024-05-01 14:08:41,483 [INFO] PluginManager:220 - loadIPPluginJar : add plateformsettings
2024-05-01 14:08:41,486 [INFO] IPUIPlugin:80 - create IPUIPlugin
2024-05-01 14:08:41,487 [INFO] PluginManager:220 - loadIPPluginJar : add quadspi
2024-05-01 14:08:41,492 [INFO] IPUIPlugin:80 - create IPUIPlugin
2024-05-01 14:08:41,492 [INFO] PluginManager:220 - loadIPPluginJar : add resmgrutility
2024-05-01 14:08:41,498 [INFO] IPUIPlugin:80 - create IPUIPlugin
2024-05-01 14:08:41,499 [INFO] PluginManager:220 - loadIPPluginJar : add sai
2024-05-01 14:08:41,503 [INFO] IPUIPlugin:80 - create IPUIPlugin
2024-05-01 14:08:41,503 [INFO] PluginManager:220 - loadIPPluginJar : add spi
2024-05-01 14:08:41,511 [INFO] IPUIPlugin:80 - create IPUIPlugin
2024-05-01 14:08:41,511 [INFO] PluginManager:220 - loadIPPluginJar : add stm32_wpan
2024-05-01 14:08:41,514 [INFO] IPUIPlugin:80 - create IPUIPlugin
2024-05-01 14:08:41,514 [INFO] PluginManager:220 - loadIPPluginJar : add tim
2024-05-01 14:08:41,520 [INFO] IPUIPlugin:80 - create IPUIPlugin
2024-05-01 14:08:41,521 [INFO] PluginManager:220 - loadIPPluginJar : add touchsensing
2024-05-01 14:08:41,524 [INFO] IPUIPlugin:80 - create IPUIPlugin
2024-05-01 14:08:41,524 [INFO] PluginManager:220 - loadIPPluginJar : add tracer_emb
2024-05-01 14:08:41,528 [INFO] IPUIPlugin:80 - create IPUIPlugin
2024-05-01 14:08:41,528 [INFO] PluginManager:220 - loadIPPluginJar : add ts
2024-05-01 14:08:41,531 [INFO] IPUIPlugin:80 - create IPUIPlugin
2024-05-01 14:08:41,531 [INFO] PluginManager:220 - loadIPPluginJar : add tsc
2024-05-01 14:08:41,534 [INFO] IPUIPlugin:80 - create IPUIPlugin
2024-05-01 14:08:41,535 [INFO] PluginManager:220 - loadIPPluginJar : add ucpd
2024-05-01 14:08:41,539 [INFO] IPUIPlugin:80 - create IPUIPlugin
2024-05-01 14:08:41,540 [INFO] PluginManager:220 - loadIPPluginJar : add usart
2024-05-01 14:08:41,545 [INFO] IPUIPlugin:80 - create IPUIPlugin
2024-05-01 14:08:41,545 [INFO] PluginManager:220 - loadIPPluginJar : add usbx
2024-05-01 14:08:41,727 [INFO] CADModel:165 - CPN selected for project level
2024-05-01 14:08:41,727 [INFO] CADModel:114 - Register for checkConnection events
2024-05-01 14:08:41,728 [FATAL] Updater:308 - Updater called before beeing initialized
2024-05-01 14:08:41,728 [ERROR] CADModel:125 - Updater not yet initialized, retry later 
2024-05-01 14:08:42,087 [INFO] CADModel:165 - CPN selected for project level
2024-05-01 14:08:42,087 [INFO] CADModel:114 - Register for checkConnection events
2024-05-01 14:08:42,087 [FATAL] Updater:308 - Updater called before beeing initialized
2024-05-01 14:08:42,087 [ERROR] CADModel:125 - Updater not yet initialized, retry later 
2024-05-01 14:08:42,093 [FATAL] Updater:308 - Updater called before beeing initialized
2024-05-01 14:08:42,273 [FATAL] Updater:308 - Updater called before beeing initialized
2024-05-01 14:08:42,280 [INFO] DbMcusAds:53 - JSON generation date=Wed Nov 29 02:52:27 PST 2023 (1701255147349)
2024-05-01 14:08:42,280 [FATAL] Updater:308 - Updater called before beeing initialized
2024-05-01 14:08:42,367 [WARN] DetailPanel:346 - Failed to get advertising image, set to default
2024-05-01 14:08:42,606 [FATAL] Updater:308 - Updater called before beeing initialized
2024-05-01 14:08:42,609 [FATAL] Updater:308 - Updater called before beeing initialized
2024-05-01 14:08:42,609 [FATAL] Updater:308 - Updater called before beeing initialized
2024-05-01 14:08:42,609 [WARN] DetailPanel:346 - Failed to get advertising image, set to default
2024-05-01 14:08:42,611 [FATAL] Updater:308 - Updater called before beeing initialized
2024-05-01 14:08:42,692 [ERROR] Updater:1120 - MainUpdater not yet initialized. External WinMGr cannot be set.
2024-05-01 14:08:42,695 [INFO] Updater:1056 - Updater Version found : 6.11.0
2024-05-01 14:08:42,726 [INFO] ApplicationProperties:184 - Using Application install path: C:\ST\STM32CubeIDE_1.15.0\STM32CubeIDE\plugins\com.st.stm32cube.common.mx_6.11.0.202403141607
2024-05-01 14:08:43,196 [INFO] ThirdPartyUpdaterWithRetryManager:70 - Updater plugin not ready yet. [2/15]
2024-05-01 14:08:44,307 [ERROR] LogOutputStream:75 - [STDERR_REDIRECT] May 01, 2024 2:08:44 PM java.util.prefs.WindowsPreferences <init>
2024-05-01 14:08:44,310 [ERROR] LogOutputStream:75 - [STDERR_REDIRECT] WARNING: Could not open/create prefs root node Software\JavaSoft\Prefs at root 0xffffffff80000002. Windows RegCreateKeyEx(...) returned error code 5.
2024-05-01 14:08:44,310 [ERROR] LogOutputStream:75 - [STDERR_REDIRECT] 
2024-05-01 14:08:44,831 [INFO] MainUpdater:2873 - connection check result : 10
2024-05-01 14:08:44,834 [INFO] MainUpdater:290 - Updater Check For Update Now.
2024-05-01 14:08:44,834 [INFO] MicroXplorer:498 - Change Database Version : DB.6.0.110
2024-05-01 14:08:44,854 [INFO] McuFinderGlobals:63 - Set McuFinder mode to 2 (CubeIDE integrated)
2024-05-01 14:08:44,872 [INFO] UserAuth:415 - Internet connection configuration mode: 1
2024-05-01 14:08:44,915 [INFO] JxBrowserEngine:152 - Initiate JxBrowser Engine with user profile folder
2024-05-01 14:08:45,105 [INFO] CheckServerUpdateThread:120 - End of CheckServer Thread
2024-05-01 14:08:46,516 [INFO] WebApp:161 - Instantiating new browser for Auth
2024-05-01 14:08:46,587 [WARN] PackLoader:240 - Cannot read IP mode file for STMicroelectronics.FP-SNS-MOTENVWB1.1.4.0
2024-05-01 14:08:46,619 [WARN] PackLoader:240 - Cannot read IP mode file for STMicroelectronics.X-CUBE-SMBUS.2.1.0
2024-05-01 14:08:46,629 [WARN] PackLoader:240 - Cannot read IP mode file for STMicroelectronics.X-CUBE-TOUCHGFX.4.23.2
2024-05-01 14:08:46,705 [WARN] PackLoader:240 - Cannot read IP mode file for STMicroelectronics.X-CUBE-AZRTOS-F7.1.1.0
2024-05-01 14:08:46,729 [WARN] PackLoader:240 - Cannot read IP mode file for STMicroelectronics.FP-SNS-FLIGHT1.5.0.2
2024-05-01 14:08:46,758 [WARN] PackLoader:240 - Cannot read IP mode file for STMicroelectronics.X-CUBE-DISPLAY.3.0.0
2024-05-01 14:08:46,798 [WARN] PackLoader:240 - Cannot read IP mode file for STMicroelectronics.X-CUBE-BLE1.7.0.0
2024-05-01 14:08:46,818 [WARN] PackLoader:240 - Cannot read IP mode file for emotas.I-CUBE-CANOPEN.1.3.0
2024-05-01 14:08:46,852 [WARN] PackLoader:240 - Cannot read IP mode file for STMicroelectronics.X-CUBE-BLEMGR.3.1.0
2024-05-01 14:08:46,881 [WARN] PackLoader:240 - Cannot read IP mode file for STMicroelectronics.FP-SNS-SMARTAG2.1.2.0
2024-05-01 14:08:46,915 [INFO] LogOutputStream:77 - [STDOUT_REDIRECT] 1 : Invalid condition id : UX_CORESTACK_Condition cause : null
2024-05-01 14:08:46,921 [INFO] LogOutputStream:77 - [STDOUT_REDIRECT] 1 : Invalid condition id : UX_CORESTACK_Condition cause : null
2024-05-01 14:08:46,926 [INFO] LogOutputStream:77 - [STDOUT_REDIRECT] 1 : Invalid condition id : UX_CORESTACK_Condition cause : null
2024-05-01 14:08:46,930 [INFO] LogOutputStream:77 - [STDOUT_REDIRECT] 1 : Invalid condition id : UX_CORESTACK_Condition cause : null
2024-05-01 14:08:46,934 [INFO] LogOutputStream:77 - [STDOUT_REDIRECT] 1 : Invalid condition id : UX_CORESTACK_Condition cause : null
2024-05-01 14:08:46,946 [WARN] PackLoader:240 - Cannot read IP mode file for STMicroelectronics.X-CUBE-AZRTOS-WL.2.0.0
2024-05-01 14:08:46,986 [WARN] PackLoader:240 - Cannot read IP mode file for STMicroelectronics.FP-SNS-MOTENV1.5.0.0
2024-05-01 14:08:47,042 [WARN] PackLoader:240 - Cannot read IP mode file for WES.I-CUBE-Cesium.1.3.0
2024-05-01 14:08:47,058 [WARN] PackLoader:240 - Cannot read IP mode file for STMicroelectronics.X-CUBE-BLE2.3.3.0
2024-05-01 14:08:47,074 [WARN] PackLoader:240 - Cannot read IP mode file for STMicroelectronics.X-CUBE-TCPP.4.1.0
2024-05-01 14:08:47,109 [WARN] PackLoader:240 - Cannot read IP mode file for STMicroelectronics.X-CUBE-ALGOBUILD.1.3.0
2024-05-01 14:08:47,147 [WARN] PackLoader:240 - Cannot read IP mode file for STMicroelectronics.X-CUBE-AZRTOS-G0.1.1.0
2024-05-01 14:08:47,165 [WARN] PackLoader:240 - Cannot read IP mode file for STMicroelectronics.X-CUBE-SAFEA1.1.2.2
2024-05-01 14:08:47,178 [WARN] PackLoader:240 - Cannot read IP mode file for STMicroelectronics.X-CUBE-NFC4.3.0.0
2024-05-01 14:08:47,187 [WARN] PackLoader:240 - Cannot read IP mode file for wolfSSL.I-CUBE-wolfSSL.5.7.0
2024-05-01 14:08:47,195 [WARN] PackLoader:240 - Cannot read IP mode file for STMicroelectronics.FP-ATR-SIGFOX1.3.2.0
2024-05-01 14:08:47,209 [WARN] PackLoader:240 - Cannot read IP mode file for STMicroelectronics.X-CUBE-EEPRMA1.5.1.0
2024-05-01 14:08:47,227 [WARN] PackLoader:240 - Cannot read IP mode file for ITTIA_DB.I-CUBE-ITTIADB.8.9.0
2024-05-01 14:08:47,312 [WARN] PackLoader:240 - Cannot read IP mode file for SEGGER.I-CUBE-embOS.1.3.1
2024-05-01 14:08:47,414 [WARN] PackLoader:240 - Cannot read IP mode file for STMicroelectronics.X-CUBE-GNSS1.6.0.0
2024-05-01 14:08:47,454 [WARN] PackLoader:240 - Cannot read IP mode file for STMicroelectronics.X-CUBE-AZRTOS-F4.1.1.0
2024-05-01 14:08:47,466 [WARN] PackLoader:240 - Cannot read IP mode file for STMicroelectronics.X-CUBE-FREERTOS.1.2.0
2024-05-01 14:08:47,495 [WARN] PackLoader:240 - Cannot read IP mode file for STMicroelectronics.X-CUBE-AZRTOS-L5.2.0.0
2024-05-01 14:08:47,524 [WARN] PackLoader:240 - Cannot read IP mode file for STMicroelectronics.X-CUBE-NFC6.3.1.0
2024-05-01 14:08:47,539 [WARN] PackLoader:240 - Cannot read IP mode file for STMicroelectronics.X-CUBE-AI.9.0.0
2024-05-01 14:08:47,551 [WARN] PackLoader:240 - Cannot read IP mode file for STMicroelectronics.X-CUBE-NFC7.1.0.1
2024-05-01 14:08:47,561 [WARN] PackLoader:240 - Cannot read IP mode file for STMicroelectronics.X-CUBE-AI.8.1.0
2024-05-01 14:08:47,599 [WARN] ConditionMgr:438 - getConditionDescription Invalid condition id : LAN8742 Phy interface Condition cause : null
2024-05-01 14:08:47,601 [WARN] PackLoader:240 - Cannot read IP mode file for STMicroelectronics.X-CUBE-AZRTOS-L4.2.0.0
2024-05-01 14:08:47,603 [WARN] ConditionMgr:1039 - genDependencies : Invalid condition id : LAN8742 Phy interface Condition cause : null
2024-05-01 14:08:47,604 [WARN] ConditionMgr:1039 - genDependencies : Invalid condition id : LAN8742 Phy interface Condition cause : null
2024-05-01 14:08:47,606 [WARN] ConditionMgr:1039 - genDependencies : Invalid condition id : LAN8742 Phy interface Condition cause : null
2024-05-01 14:08:47,621 [WARN] PackLoader:240 - Cannot read IP mode file for STMicroelectronics.X-CUBE-SFXS2LP1.4.0.0
2024-05-01 14:08:47,649 [WARN] ConditionMgr:438 - getConditionDescription Invalid condition id : UX DEVICE CLASS RTOS Condition cause : null
2024-05-01 14:08:47,650 [WARN] ConditionMgr:438 - getConditionDescription Invalid condition id : UX DEVICE CLASS RTOS Condition cause : null
2024-05-01 14:08:47,654 [WARN] PackLoader:240 - Cannot read IP mode file for STMicroelectronics.X-CUBE-AZRTOS-WB.2.0.0
2024-05-01 14:08:47,656 [WARN] ConditionMgr:1039 - genDependencies : Invalid condition id : UX DEVICE CLASS RTOS Condition cause : null
2024-05-01 14:08:47,656 [WARN] ConditionMgr:1039 - genDependencies : Invalid condition id : UX DEVICE CLASS RTOS Condition cause : null
2024-05-01 14:08:47,657 [WARN] ConditionMgr:1039 - genDependencies : Invalid condition id : UX DEVICE CLASS RTOS Condition cause : null
2024-05-01 14:08:47,657 [WARN] ConditionMgr:1039 - genDependencies : Invalid condition id : UX DEVICE CLASS RTOS Condition cause : null
2024-05-01 14:08:47,658 [WARN] ConditionMgr:1039 - genDependencies : Invalid condition id : UX DEVICE CLASS RTOS Condition cause : null
2024-05-01 14:08:47,702 [WARN] PackLoader:240 - Cannot read IP mode file for STMicroelectronics.X-CUBE-SUBG2.5.0.0
2024-05-01 14:08:47,746 [WARN] PackLoader:240 - Cannot read IP mode file for STMicroelectronics.X-CUBE-AZRTOS-G4.2.0.0
2024-05-01 14:08:47,757 [WARN] PackLoader:240 - Cannot read IP mode file for STMicroelectronics.FP-SNS-MOTENVWB1.1.3.1
2024-05-01 14:08:47,767 [WARN] PackLoader:240 - Cannot read IP mode file for STMicroelectronics.X-CUBE-ISPU.2.0.0
2024-05-01 14:08:47,862 [WARN] PackLoader:240 - Cannot read IP mode file for STMicroelectronics.X-CUBE-MEMS1.10.0.0
2024-05-01 14:08:48,183 [WARN] PackLoader:240 - Cannot read IP mode file for STMicroelectronics.X-CUBE-FREERTOS.1.1.0
2024-05-01 14:08:48,193 [WARN] PackLoader:240 - Cannot read IP mode file for portGmbH.I-Cube-SoM-uGOAL.1.1.0
2024-05-01 14:08:48,203 [WARN] PackLoader:240 - Cannot read IP mode file for STMicroelectronics.X-CUBE-ALS.1.0.1
2024-05-01 14:08:48,235 [WARN] PackLoader:240 - Cannot read IP mode file for STMicroelectronics.X-CUBE-AZRTOS-H7RS.1.0.0
2024-05-01 14:08:48,248 [WARN] PackLoader:240 - Cannot read IP mode file for STMicroelectronics.FP-ATR-ASTRA1.2.0.0
2024-05-01 14:08:48,270 [WARN] PackLoader:240 - Cannot read IP mode file for STMicroelectronics.X-CUBE-TOF1.3.4.1
2024-05-01 14:08:48,336 [WARN] PackLoader:240 - Cannot read IP mode file for STMicroelectronics.X-CUBE-AZRTOS-H7.3.2.0
2024-05-01 14:08:48,380 [WARN] PackLoader:240 - Cannot read IP mode file for Infineon.AIROC-Wi-Fi-Bluetooth-STM32.1.6.0
2024-05-01 14:08:48,394 [INFO] ThirdParty:978 - Integrity check success = true
2024-05-01 14:08:48,398 [INFO] IntegrityCheckThread:100 - exiting critical section [integrity check]
2024-05-01 14:08:48,408 [INFO] IntegrityCheckThread:103 - End integrity checks thread
2024-05-01 14:08:48,482 [INFO] WebApp:779 - Register for checkConnection events
2024-05-01 14:08:48,482 [INFO] WebApp:414 - Apply proxy settings
2024-05-01 14:08:48,483 [INFO] WebApp:499 - Chromium requires no authentication
2024-05-01 14:08:48,506 [INFO] WebApp:442 - Direct internet connection detected
2024-05-01 14:08:48,967 [INFO] WebApp:192 - Starting web application
2024-05-01 14:08:48,967 [INFO] WebApp:544 - Web application path used C:\ST\STM32CubeIDE_1.15.0\STM32CubeIDE\plugins\com.st.stm32cube.common.mx_6.11.0.202403141607\db\plugins\mcufinder\reactClient1\index.html
2024-05-01 16:11:38,725 [INFO] McuFinderGlobals:63 - Set McuFinder mode to 2 (CubeIDE integrated)
2024-05-01 16:11:38,774 [INFO] MainUpdater:2873 - connection check result : 10
2024-05-01 16:11:38,790 [INFO] MainUpdater:2873 - connection check result : 10
2024-05-01 16:11:39,235 [INFO] MicroXplorer:468 - Change Database Path : 
2024-05-01 16:11:39,235 [INFO] MicroXplorer:498 - Change Database Version : DB.6.0.110
2024-05-01 16:11:39,247 [WARN] ThirdParty:871 - waiting for thirdparty lock release [close project]
2024-05-01 16:11:39,247 [INFO] ThirdParty:873 - entering critical section [close project]
2024-05-01 16:11:39,250 [INFO] ThirdParty:883 - exiting critical section [close project]
2024-05-01 16:11:39,254 [INFO] PinOutPanel:1561 - setPackage(No Configuration,No Configuration)
2024-05-01 16:11:39,262 [INFO] UtilMem:75 - Begin LoadConfig() Used Memory: 610581352 Bytes (1073741824)
2024-05-01 16:11:39,265 [INFO] MicroXplorer:468 - Change Database Path : 
2024-05-01 16:11:39,265 [INFO] MicroXplorer:498 - Change Database Version : DB.6.0.110
2024-05-01 16:11:39,265 [INFO] OpenFileManager:312 - Change cursor
2024-05-01 16:11:39,349 [INFO] Mcu:2021 - Initializing MCU STM32L476R(C-E-G)Tx STM32L476RGTx STM32L476RGT6
2024-05-01 16:11:44,761 [INFO] Context:663 - Trying to add GPIOservice into a context  which must be forbidden
2024-05-01 16:11:46,376 [INFO] RtosManager:555 - Registered RTOS mode: class=CMSIS, group=RTOS, mode=CMSIS_V1, owner=FREERTOS
2024-05-01 16:11:46,377 [INFO] RtosManager:555 - Registered RTOS mode: class=CMSIS, group=RTOS2, mode=CMSIS_V2, owner=FREERTOS
2024-05-01 16:11:46,377 [INFO] RtosManager:555 - Registered RTOS mode: class=RTOS, group=Core, mode=CMSIS_V1, owner=FREERTOS
2024-05-01 16:11:46,377 [INFO] RtosManager:555 - Registered RTOS mode: class=RTOS, group=Core, mode=CMSIS_V2, owner=FREERTOS
2024-05-01 16:11:46,378 [WARN] ModelIntegratedComponent:184 - Missing modes for component STMicroelectronics:FreeRTOS:0.0.1:STMicroelectronics:RTOS:FreeRTOS:Core:::10.2.0:
2024-05-01 16:11:46,415 [WARN] ModelIntegratedComponent:63 - No mode defined for component null
2024-05-01 16:11:46,416 [WARN] ModelIntegratedComponent:63 - No mode defined for component null
2024-05-01 16:11:46,416 [WARN] ModelIntegratedComponent:63 - No mode defined for component null
2024-05-01 16:11:46,416 [WARN] ModelIntegratedComponent:63 - No mode defined for component null
2024-05-01 16:11:46,416 [WARN] ModelIntegratedComponent:63 - No mode defined for component null
2024-05-01 16:11:46,416 [WARN] ModelIntegratedComponent:63 - No mode defined for component null
2024-05-01 16:11:46,416 [WARN] ModelIntegratedComponent:63 - No mode defined for component null
2024-05-01 16:11:46,416 [WARN] ModelIntegratedComponent:63 - No mode defined for component null
2024-05-01 16:11:46,416 [WARN] ModelIntegratedComponent:63 - No mode defined for component null
2024-05-01 16:11:46,417 [WARN] ModelIntegratedComponent:63 - No mode defined for component null
2024-05-01 16:11:46,417 [WARN] ModelIntegratedComponent:63 - No mode defined for component null
2024-05-01 16:11:46,417 [WARN] ModelIntegratedComponent:63 - No mode defined for component null
2024-05-01 16:11:46,417 [WARN] ModelIntegratedComponent:63 - No mode defined for component null
2024-05-01 16:11:46,417 [WARN] ModelIntegratedComponent:63 - No mode defined for component null
2024-05-01 16:11:46,417 [WARN] ModelIntegratedComponent:63 - No mode defined for component null
2024-05-01 16:11:46,418 [WARN] ModelIntegratedComponent:63 - No mode defined for component null
2024-05-01 16:11:46,418 [WARN] ModelIntegratedComponent:63 - No mode defined for component null
2024-05-01 16:11:46,418 [WARN] ModelIntegratedComponent:63 - No mode defined for component null
2024-05-01 16:11:46,418 [WARN] ModelIntegratedComponent:63 - No mode defined for component null
2024-05-01 16:11:46,418 [WARN] ModelIntegratedComponent:63 - No mode defined for component null
2024-05-01 16:11:46,418 [WARN] ModelIntegratedComponent:63 - No mode defined for component null
2024-05-01 16:11:46,418 [WARN] ModelIntegratedComponent:63 - No mode defined for component null
2024-05-01 16:11:46,419 [WARN] ModelIntegratedComponent:63 - No mode defined for component null
2024-05-01 16:11:46,419 [WARN] ModelIntegratedComponent:63 - No mode defined for component null
2024-05-01 16:11:46,419 [WARN] ModelIntegratedComponent:63 - No mode defined for component null
2024-05-01 16:11:46,419 [WARN] ModelIntegratedComponent:63 - No mode defined for component null
2024-05-01 16:11:46,419 [WARN] ModelIntegratedComponent:63 - No mode defined for component null
2024-05-01 16:11:46,419 [WARN] ModelIntegratedComponent:63 - No mode defined for component null
2024-05-01 16:11:46,419 [WARN] ModelIntegratedComponent:63 - No mode defined for component null
2024-05-01 16:11:46,419 [WARN] ModelIntegratedComponent:63 - No mode defined for component null
2024-05-01 16:11:46,420 [WARN] ModelIntegratedComponent:63 - No mode defined for component null
2024-05-01 16:11:46,420 [WARN] ModelIntegratedComponent:63 - No mode defined for component null
2024-05-01 16:11:46,420 [WARN] ModelIntegratedComponent:63 - No mode defined for component null
2024-05-01 16:11:46,420 [WARN] ModelIntegratedComponent:63 - No mode defined for component null
2024-05-01 16:11:46,702 [INFO] ThirdPartyModel:298 - Start build external matchings
2024-05-01 16:11:47,337 [INFO] ThirdPartyModel:316 - End build external matchings
2024-05-01 16:11:48,670 [INFO] ApiDb:581 - Connected to CubeFinder SQLite database (C:\Users\julia\.stmcufinder\plugins\mcufinder\mcu\cube-finder-db.db)
2024-05-01 16:11:48,837 [INFO] ApiDb:668 - CubeFinder database Data Model version=2.1
2024-05-01 16:11:48,837 [INFO] ApiDb:669 - CubeFinder database Configuration version=3.0.39
2024-05-01 16:11:48,841 [INFO] ApiDb:670 - CubeFinder database generation date=2024-03-25 (1711369621)
2024-05-01 16:11:48,841 [INFO] ApiDb:671 - CubeFinder database FW Pack versions=[FP-ATR-ASTRA1_V2.0.0, FP-SNS-FLIGHT1_V5.0.1, FP-SNS-FLIGHT1_V5.0.2, FP-SNS-MOTENV1_V4.3.1, FP-SNS-MOTENV1_V4.3.2, FP-SNS-MOTENVWB1_V1.3.1, FP-SNS-SMARTAG2_V1.2.0, STM32Cube_FW_C0_V1.1.0, STM32Cube_FW_F4_V1.28.0, STM32Cube_FW_F7_V1.17.0, STM32Cube_FW_G0_V1.6.2, STM32Cube_FW_G4_V1.5.2, STM32Cube_FW_H5_V0.5.1, STM32Cube_FW_H5_V1.1.1, STM32Cube_FW_H5_V1.2.0, STM32Cube_FW_H5_V1.2.0RC4, STM32Cube_FW_H7RS_V1.0.0, STM32Cube_FW_H7RS_V1.0.0RC4, STM32Cube_FW_H7_V1.11.0, STM32Cube_FW_L0_V1.12.2, STM32Cube_FW_L5_V1.5.1, STM32Cube_FW_U0_V1.0.0, STM32Cube_FW_U0_V1.0.0RC1, STM32Cube_FW_U5_V1.3.0RC4, STM32Cube_FW_U5_V1.5.0, STM32Cube_FW_U5_V1.5.0RC1, STM32Cube_FW_WBA_V1.0.0RC1, STM32Cube_FW_WBA_V1.2.0, STM32Cube_FW_WBA_V1.2.0RC2, STM32Cube_FW_WBA_V1.3.0, STM32Cube_FW_WBA_V1.3.0RC1, STM32Cube_FW_WB_V1.15.0RC1, STM32Cube_FW_WB_V1.16.0, STM32Cube_FW_WB_V1.16.0RC2, STM32Cube_FW_WB_V1.18.0, STM32Cube_FW_WB_V1.19.0, STM32Cube_FW_WL_V1.3.0, X-CUBE-ALGOBUILD_V1.3.0, X-CUBE-ALS_V1.0.1, X-CUBE-AZRTOS-F4_V1.1.0, X-CUBE-AZRTOS-F7_V1.1.0, X-CUBE-AZRTOS-G0_V1.1.0, X-CUBE-AZRTOS-G4_V2.0.0, X-CUBE-AZRTOS-H7_V3.2.0, X-CUBE-AZRTOS-L4_V1.0.0, X-CUBE-AZRTOS-L4_V2.0.0, X-CUBE-AZRTOS-L5_V1.1.0, X-CUBE-AZRTOS-WB_V2.0.0, X-CUBE-AZRTOS-WL_V2.0.0, X-CUBE-BLE1_V7.0.0, X-CUBE-BLE2_V3.3.0, X-CUBE-BLEMGR_V3.1.0, X-CUBE-EEPRMA1_V4.1.0, X-CUBE-EEPRMA1_V5.1.0, X-CUBE-FREERTOS_V1.1.0, X-CUBE-GNSS1_V6.0.0, X-CUBE-MEMS1_V10.0.0, X-CUBE-MEMS1_V9.1.0, X-CUBE-MEMS1_V9.4.0, X-CUBE-MEMS1_V9.6.0, X-CUBE-NFC4_V3.0.0, X-CUBE-NFC7_V1.0.1, X-CUBE-SFXS2LP1_V4.0.0, X-CUBE-SUBG2_V5.0.0, X-CUBE-TOF1_V3.4.0]
2024-05-01 16:11:49,130 [INFO] DbBoardsSqlite:226 - include board P-NUCLEO-WB55-NUCLEO as a kit item of type 'Nucleo-64'
2024-05-01 16:11:49,130 [INFO] DbBoardsSqlite:226 - include board P-NUCLEO-WB55-USBDONGLE as a kit item of type 'Nucleo USB Dongle'
2024-05-01 16:11:49,133 [INFO] DbBoardsSqlite:226 - include board STEVAL-IDP005V1 as a kit item of type 'Evaluation Board'
2024-05-01 16:11:49,135 [INFO] DbBoardsSqlite:226 - include board STEVAL-IDP005V2 as a kit item of type 'Evaluation Board'
2024-05-01 16:11:49,664 [INFO] ApiDb:240 - Found 483 in-development CPN: [B-G473E-ZEST1S, B-WB1M-WPAN1, B-WL5M-SUBG1, NUCLEO-C031C6, NUCLEO-H503RB, NUCLEO-H533RE, NUCLEO-H563ZI, NUCLEO-H7S3L8, NUCLEO-U031R8, NUCLEO-U083RC, NUCLEO-U545RE-Q, NUCLEO-U5A5ZJ-Q, NUCLEO-WBA52CG, NUCLEO-WBA55CG, STEVAL-PROTEUS1, STEVAL-SMARTAG2, STEVAL-STWINBX1, STM320518-EVAL, STM32C0116-DK, STM32C011D6Y3TR, STM32C011D6Y6TR, STM32C011F4P3, STM32C011F4P6, STM32C011F4U3, STM32C011F4U6TR, STM32C011F6P3, STM32C011F6P6, STM32C011F6U3, STM32C011F6U6TR, STM32C011J4M3, STM32C011J4M6, STM32C011J6M3, STM32C011J6M6, STM32C0316-DK, STM32C031C4T3, STM32C031C4T6, STM32C031C4U3, STM32C031C4U6, STM32C031C6T3, STM32C031C6T6, STM32C031C6U3, STM32C031C6U6, STM32C031F4P3, STM32C031F4P6, STM32C031F6P3, STM32C031F6P6, STM32C031G4U3, STM32C031G4U6, STM32C031G6U3, STM32C031G6U6, STM32C031K4T3, STM32C031K4T6, STM32C031K4U3, STM32C031K4U6, STM32C031K6T3, STM32C031K6T6, STM32C031K6U3, STM32C031K6U6, STM32G071K8TXN, STM32G071K8UXN, STM32G081GBU6N, STM32G081KBT6N, STM32G081KBUXN, STM32G0B1CCT6N, STM32G0B1KCT6, STM32G0B1NEY6TR, STM32G0B1RCT6N, STM32G0C1CCT6, STM32G0C1CCT6N, STM32G0C1CCU6N, STM32G0C1CET6N, STM32G0C1CEU6N, STM32G0C1KCT6, STM32G0C1NEY6TR, STM32G0C1RCI6N, STM32G0C1RCT6N, STM32G0C1REI6N, STM32G0C1RET6N, STM32G0C1VCI6, STM32G0C1VEI6, STM32G471CCT6, STM32G471CCU6, STM32G471CET3, STM32G471CET6, STM32G471CEU3, STM32G471CEU6, STM32G471MCT6, STM32G471MET3, STM32G471MET6, STM32G471MEY6TR, STM32G471QCT6, STM32G471QET3, STM32G471RCT6, STM32G471RET3, STM32G471RET6, STM32G471VCH6, STM32G471VCI6, STM32G471VCT6, STM32G471VEH3, STM32G471VEH6, STM32G471VEI3, STM32G471VEI6, STM32G471VET3, STM32G471VET6, STM32G474CCT6, STM32H503CBT6, STM32H503CBU6, STM32H503EBY6TR, STM32H503KBU6, STM32H503RBT6, STM32H523CCT6, STM32H523CCU6, STM32H523CET6, STM32H523CEU6, STM32H523HEY6TR, STM32H523RCT6, STM32H523RET6, STM32H523VCI6, STM32H523VCT6, STM32H523VEI6, STM32H523VET6, STM32H523ZCJ6, STM32H523ZCT6, STM32H523ZEJ6, STM32H523ZET6, STM32H533CET6, STM32H533CEU6, STM32H533HEY6TR, STM32H533RET6, STM32H533VEI6, STM32H533VET6, STM32H533ZEJ6, STM32H533ZET6, STM32H562AGI6, STM32H562AII6, STM32H562IGK6, STM32H562IGT6, STM32H562IIK6, STM32H562IIT6, STM32H562RGT6, STM32H562RGV6, STM32H562RIT6, STM32H562RIV6, STM32H562VGT6, STM32H562VIT6, STM32H562ZGT6, STM32H562ZIT6, STM32H563AGI6, STM32H563AII3Q, STM32H563AII6, STM32H563IGK6, STM32H563IGT6, STM32H563IIK3Q, STM32H563IIK6, STM32H563IIT3Q, STM32H563IIT6, STM32H563MIY3QTR, STM32H563RGT6, STM32H563RGV6, STM32H563RIT6, STM32H563RIV6, STM32H563VGT6, STM32H563VIT3Q, STM32H563VIT6, STM32H563ZGT6, STM32H563ZIT3Q, STM32H563ZIT6, STM32H573AII3Q, STM32H573AII6, STM32H573I-DK, STM32H573IIK3Q, STM32H573IIK6, STM32H573IIT3Q, STM32H573IIT6, STM32H573MIY3QTR, STM32H573RIT6, STM32H573RIV6, STM32H573VIT3Q, STM32H573VIT6, STM32H573ZIT3Q, STM32H573ZIT6, STM32H7R3A8I6, STM32H7R3I8K6, STM32H7R3I8T6, STM32H7R3L8H6, STM32H7R3L8H6H, STM32H7R3R8V6, STM32H7R3V8H6, STM32H7R3V8T6, STM32H7R3V8Y6, STM32H7R3Z8J6, STM32H7R3Z8T6, STM32H7R7A8I6, STM32H7R7I8K6, STM32H7R7I8T6, STM32H7R7L8H6, STM32H7R7L8H6H, STM32H7R7Z8J6, STM32H7S3A8I6, STM32H7S3I8K6, STM32H7S3I8T6, STM32H7S3L8H6, STM32H7S3L8H6H, STM32H7S3R8V6, STM32H7S3V8H6, STM32H7S3V8T6, STM32H7S3V8Y6, STM32H7S3Z8J6, STM32H7S3Z8T6, STM32H7S78-DK, STM32H7S7A8I6, STM32H7S7I8K6, STM32H7S7I8T6, STM32H7S7L8H6, STM32H7S7L8H6H, STM32H7S7Z8J6, STM32L4R5QGI6STR, STM32MP131AAE3, STM32MP131AAF3, STM32MP131AAG3, STM32MP131CAE3, STM32MP131CAF3, STM32MP131CAG3, STM32MP131DAE7, STM32MP131DAF7, STM32MP131DAG7, STM32MP131FAE7, STM32MP131FAF7, STM32MP131FAG7, STM32MP133AAE3, STM32MP133AAF3, STM32MP133AAG3, STM32MP133CAE3, STM32MP133CAF3, STM32MP133CAG3, STM32MP133DAE7, STM32MP133DAF7, STM32MP133DAG7, STM32MP133FAE7, STM32MP133FAF7, STM32MP133FAG7, STM32MP135AAE3, STM32MP135AAF3, STM32MP135AAG3, STM32MP135CAE3, STM32MP135CAF3, STM32MP135CAG3, STM32MP135DAE7, STM32MP135DAF7, STM32MP135DAG7, STM32MP135F-DK, STM32MP135FAE7, STM32MP135FAF7, STM32MP135FAF7T, STM32MP135FAF7U, STM32MP135FAG7, STM32U031C6T6, STM32U031C6U6, STM32U031C8T6, STM32U031C8U6, STM32U031F4P6, STM32U031F6P6, STM32U031F8P6, STM32U031G6Y6TR, STM32U031G8Y6TR, STM32U031K4U6, STM32U031K6U6, STM32U031K8U6, STM32U031R6I6, STM32U031R6T6, STM32U031R8I6, STM32U031R8T6, STM32U073C8T6, STM32U073C8U6, STM32U073CBT6, STM32U073CBU6, STM32U073CCT6, STM32U073CCU6, STM32U073H8Y6TR, STM32U073HBY6TR, STM32U073HCY6TR, STM32U073K8U6, STM32U073KBU6, STM32U073KCU6, STM32U073M8I6, STM32U073M8T6, STM32U073MBI6, STM32U073MBT6, STM32U073MCI6, STM32U073MCT6, STM32U073R8I6, STM32U073R8T6, STM32U073RBI6, STM32U073RBT6, STM32U073RCI6, STM32U073RCT6, STM32U083C-DK, STM32U083CCT6, STM32U083CCU6, STM32U083HCY6TR, STM32U083KCU6, STM32U083MCI6, STM32U083MCT6, STM32U083RCI6, STM32U083RCT6, STM32U535CBT6, STM32U535CBT6Q, STM32U535CBU6, STM32U535CBU6Q, STM32U535CCT6, STM32U535CCT6Q, STM32U535CCU6, STM32U535CCU6Q, STM32U535CET6, STM32U535CET6Q, STM32U535CEU6, STM32U535CEU6Q, STM32U535JEY6QTR, STM32U535NCY6QTR, STM32U535NEY6QTR, STM32U535RBI6, STM32U535RBI6Q, STM32U535RBT6, STM32U535RBT6Q, STM32U535RCI6, STM32U535RCI6Q, STM32U535RCT6, STM32U535RCT6Q, STM32U535REI6, STM32U535REI6Q, STM32U535RET6, STM32U535RET6Q, STM32U535VCI6, STM32U535VCI6Q, STM32U535VCT6, STM32U535VCT6Q, STM32U535VEI6, STM32U535VEI6Q, STM32U535VET6, STM32U535VET6Q, STM32U545CET6, STM32U545CET6Q, STM32U545CEU6, STM32U545CEU6Q, STM32U545JEY6QTR, STM32U545NEY6QTR, STM32U545REI6, STM32U545REI6Q, STM32U545RET6, STM32U545RET6Q, STM32U545VEI6, STM32U545VEI6Q, STM32U545VET6, STM32U545VET6Q, STM32U595AIH6, STM32U595AIH6Q, STM32U595AJH6, STM32U595AJH6Q, STM32U595QII6, STM32U595QII6Q, STM32U595QJI6, STM32U595QJI6Q, STM32U595RIT6, STM32U595RIT6Q, STM32U595RJT6, STM32U595RJT6Q, STM32U595VIT6, STM32U595VIT6Q, STM32U595VJT6, STM32U595VJT6Q, STM32U595ZIT6, STM32U595ZIT6Q, STM32U595ZIY6QTR, STM32U595ZJT6, STM32U595ZJT6Q, STM32U595ZJY6QTR, STM32U599BJY6QTR, STM32U599NIH6Q, STM32U599NJH6Q, STM32U599VIT6Q, STM32U599VJT6, STM32U599VJT6Q, STM32U599ZIT6Q, STM32U599ZIY6QTR, STM32U599ZJT6Q, STM32U599ZJY6QTR, STM32U5A5AJH6, STM32U5A5AJH6Q, STM32U5A5QII3Q , STM32U5A5QJI6, STM32U5A5QJI6Q, STM32U5A5RJT6, STM32U5A5RJT6Q, STM32U5A5VJT6, STM32U5A5VJT6Q, STM32U5A5ZJT6, STM32U5A5ZJT6Q, STM32U5A5ZJY6QTR, STM32U5A9BJY6QTR, STM32U5A9J-DK, STM32U5A9NJH6Q, STM32U5A9VJT6Q, STM32U5A9ZJT6Q, STM32U5A9ZJY6QTR, STM32U5F7VIT6, STM32U5F7VIT6Q, STM32U5F7VJT6, STM32U5F7VJT6Q, STM32U5F9BJY6QTR, STM32U5F9NJH6Q, STM32U5F9VIT6Q, STM32U5F9VJT6Q, STM32U5F9ZIJ6QTR, STM32U5F9ZIT6Q, STM32U5F9ZJJ6QTR, STM32U5F9ZJT6Q, STM32U5G7VJT6, STM32U5G7VJT6Q, STM32U5G9BJY6QTR, STM32U5G9J-DK1, STM32U5G9J-DK2, STM32U5G9NJH6Q, STM32U5G9VJT6Q, STM32U5G9ZJJ6QTR, STM32U5G9ZJT6Q, STM32WB1MMCH6, STM32WBA50KEU6, STM32WBA50KEU6TR, STM32WBA50KGU6, STM32WBA50KGU6TR, STM32WBA52CEU6, STM32WBA52CEU6TR, STM32WBA52CEU7, STM32WBA52CEU7TR, STM32WBA52CGU6, STM32WBA52CGU6TR, STM32WBA52CGU6U, STM32WBA52CGU7, STM32WBA52CGU7TR, STM32WBA52KEU6, STM32WBA52KEU6TR, STM32WBA52KGU6, STM32WBA52KGU6TR, STM32WBA54CEU6, STM32WBA54CEU6TR, STM32WBA54CEU7, STM32WBA54CEU7TR, STM32WBA54CGU6, STM32WBA54CGU6TR, STM32WBA54CGU7, STM32WBA54CGU7TR, STM32WBA54KEU6, STM32WBA54KEU6TR, STM32WBA54KEU7, STM32WBA54KEU7TR, STM32WBA54KGU6, STM32WBA54KGU6TR, STM32WBA54KGU7, STM32WBA54KGU7TR, STM32WBA55CEU6, STM32WBA55CEU6TR, STM32WBA55CEU7, STM32WBA55CEU7TR, STM32WBA55CGU6, STM32WBA55CGU6TR, STM32WBA55CGU6U, STM32WBA55CGU7, STM32WBA55CGU7TR, STM32WBA55G-DK1, STM32WBA55HEF6, STM32WBA55HEF7, STM32WBA55HGF6, STM32WBA55HGF7, STM32WBA55UEI6, STM32WBA55UEI6TR, STM32WBA55UEI7, STM32WBA55UEI7TR, STM32WBA55UGI6, STM32WBA55UGI6TR, STM32WBA55UGI7, STM32WBA55UGI7TR, STM32WL5MOCH6, STM32WL5MOCH6TR]
2024-05-01 16:11:49,965 [INFO] BoardInfo:889 - No configuration file found for board P-NUCLEO-WB55
2024-05-01 16:11:49,966 [INFO] DbBoards:161 - Kit is not supported: P-NUCLEO-WB55
2024-05-01 16:11:49,979 [INFO] BoardInfo:889 - No configuration file found for board STEVAL-BFA001V1B
2024-05-01 16:11:49,980 [INFO] DbBoards:161 - Kit is not supported: STEVAL-BFA001V1B
2024-05-01 16:11:49,982 [INFO] BoardInfo:889 - No configuration file found for board STEVAL-BFA001V2B
2024-05-01 16:11:49,983 [INFO] DbBoards:161 - Kit is not supported: STEVAL-BFA001V2B
2024-05-01 16:11:50,274 [INFO] DbBoards:168 - Found 199 boards, 196 are supported
2024-05-01 16:11:50,274 [INFO] DbBoards:169 - Found 199 boards, 8 of them is supported for  Bsp
2024-05-01 16:11:50,281 [INFO] ApiDb:668 - CubeFinder database Data Model version=2.1
2024-05-01 16:11:50,281 [INFO] ApiDb:669 - CubeFinder database Configuration version=3.0.39
2024-05-01 16:11:50,281 [INFO] ApiDb:670 - CubeFinder database generation date=2024-03-25 (1711369621)
2024-05-01 16:11:50,281 [INFO] ApiDb:671 - CubeFinder database FW Pack versions=[FP-ATR-ASTRA1_V2.0.0, FP-SNS-FLIGHT1_V5.0.1, FP-SNS-FLIGHT1_V5.0.2, FP-SNS-MOTENV1_V4.3.1, FP-SNS-MOTENV1_V4.3.2, FP-SNS-MOTENVWB1_V1.3.1, FP-SNS-SMARTAG2_V1.2.0, STM32Cube_FW_C0_V1.1.0, STM32Cube_FW_F4_V1.28.0, STM32Cube_FW_F7_V1.17.0, STM32Cube_FW_G0_V1.6.2, STM32Cube_FW_G4_V1.5.2, STM32Cube_FW_H5_V0.5.1, STM32Cube_FW_H5_V1.1.1, STM32Cube_FW_H5_V1.2.0, STM32Cube_FW_H5_V1.2.0RC4, STM32Cube_FW_H7RS_V1.0.0, STM32Cube_FW_H7RS_V1.0.0RC4, STM32Cube_FW_H7_V1.11.0, STM32Cube_FW_L0_V1.12.2, STM32Cube_FW_L5_V1.5.1, STM32Cube_FW_U0_V1.0.0, STM32Cube_FW_U0_V1.0.0RC1, STM32Cube_FW_U5_V1.3.0RC4, STM32Cube_FW_U5_V1.5.0, STM32Cube_FW_U5_V1.5.0RC1, STM32Cube_FW_WBA_V1.0.0RC1, STM32Cube_FW_WBA_V1.2.0, STM32Cube_FW_WBA_V1.2.0RC2, STM32Cube_FW_WBA_V1.3.0, STM32Cube_FW_WBA_V1.3.0RC1, STM32Cube_FW_WB_V1.15.0RC1, STM32Cube_FW_WB_V1.16.0, STM32Cube_FW_WB_V1.16.0RC2, STM32Cube_FW_WB_V1.18.0, STM32Cube_FW_WB_V1.19.0, STM32Cube_FW_WL_V1.3.0, X-CUBE-ALGOBUILD_V1.3.0, X-CUBE-ALS_V1.0.1, X-CUBE-AZRTOS-F4_V1.1.0, X-CUBE-AZRTOS-F7_V1.1.0, X-CUBE-AZRTOS-G0_V1.1.0, X-CUBE-AZRTOS-G4_V2.0.0, X-CUBE-AZRTOS-H7_V3.2.0, X-CUBE-AZRTOS-L4_V1.0.0, X-CUBE-AZRTOS-L4_V2.0.0, X-CUBE-AZRTOS-L5_V1.1.0, X-CUBE-AZRTOS-WB_V2.0.0, X-CUBE-AZRTOS-WL_V2.0.0, X-CUBE-BLE1_V7.0.0, X-CUBE-BLE2_V3.3.0, X-CUBE-BLEMGR_V3.1.0, X-CUBE-EEPRMA1_V4.1.0, X-CUBE-EEPRMA1_V5.1.0, X-CUBE-FREERTOS_V1.1.0, X-CUBE-GNSS1_V6.0.0, X-CUBE-MEMS1_V10.0.0, X-CUBE-MEMS1_V9.1.0, X-CUBE-MEMS1_V9.4.0, X-CUBE-MEMS1_V9.6.0, X-CUBE-NFC4_V3.0.0, X-CUBE-NFC7_V1.0.1, X-CUBE-SFXS2LP1_V4.0.0, X-CUBE-SUBG2_V5.0.0, X-CUBE-TOF1_V3.4.0]
2024-05-01 16:11:55,288 [INFO] ApiDb:240 - Found 483 in-development CPN: [B-G473E-ZEST1S, B-WB1M-WPAN1, B-WL5M-SUBG1, NUCLEO-C031C6, NUCLEO-H503RB, NUCLEO-H533RE, NUCLEO-H563ZI, NUCLEO-H7S3L8, NUCLEO-U031R8, NUCLEO-U083RC, NUCLEO-U545RE-Q, NUCLEO-U5A5ZJ-Q, NUCLEO-WBA52CG, NUCLEO-WBA55CG, STEVAL-PROTEUS1, STEVAL-SMARTAG2, STEVAL-STWINBX1, STM320518-EVAL, STM32C0116-DK, STM32C011D6Y3TR, STM32C011D6Y6TR, STM32C011F4P3, STM32C011F4P6, STM32C011F4U3, STM32C011F4U6TR, STM32C011F6P3, STM32C011F6P6, STM32C011F6U3, STM32C011F6U6TR, STM32C011J4M3, STM32C011J4M6, STM32C011J6M3, STM32C011J6M6, STM32C0316-DK, STM32C031C4T3, STM32C031C4T6, STM32C031C4U3, STM32C031C4U6, STM32C031C6T3, STM32C031C6T6, STM32C031C6U3, STM32C031C6U6, STM32C031F4P3, STM32C031F4P6, STM32C031F6P3, STM32C031F6P6, STM32C031G4U3, STM32C031G4U6, STM32C031G6U3, STM32C031G6U6, STM32C031K4T3, STM32C031K4T6, STM32C031K4U3, STM32C031K4U6, STM32C031K6T3, STM32C031K6T6, STM32C031K6U3, STM32C031K6U6, STM32G071K8TXN, STM32G071K8UXN, STM32G081GBU6N, STM32G081KBT6N, STM32G081KBUXN, STM32G0B1CCT6N, STM32G0B1KCT6, STM32G0B1NEY6TR, STM32G0B1RCT6N, STM32G0C1CCT6, STM32G0C1CCT6N, STM32G0C1CCU6N, STM32G0C1CET6N, STM32G0C1CEU6N, STM32G0C1KCT6, STM32G0C1NEY6TR, STM32G0C1RCI6N, STM32G0C1RCT6N, STM32G0C1REI6N, STM32G0C1RET6N, STM32G0C1VCI6, STM32G0C1VEI6, STM32G471CCT6, STM32G471CCU6, STM32G471CET3, STM32G471CET6, STM32G471CEU3, STM32G471CEU6, STM32G471MCT6, STM32G471MET3, STM32G471MET6, STM32G471MEY6TR, STM32G471QCT6, STM32G471QET3, STM32G471RCT6, STM32G471RET3, STM32G471RET6, STM32G471VCH6, STM32G471VCI6, STM32G471VCT6, STM32G471VEH3, STM32G471VEH6, STM32G471VEI3, STM32G471VEI6, STM32G471VET3, STM32G471VET6, STM32G474CCT6, STM32H503CBT6, STM32H503CBU6, STM32H503EBY6TR, STM32H503KBU6, STM32H503RBT6, STM32H523CCT6, STM32H523CCU6, STM32H523CET6, STM32H523CEU6, STM32H523HEY6TR, STM32H523RCT6, STM32H523RET6, STM32H523VCI6, STM32H523VCT6, STM32H523VEI6, STM32H523VET6, STM32H523ZCJ6, STM32H523ZCT6, STM32H523ZEJ6, STM32H523ZET6, STM32H533CET6, STM32H533CEU6, STM32H533HEY6TR, STM32H533RET6, STM32H533VEI6, STM32H533VET6, STM32H533ZEJ6, STM32H533ZET6, STM32H562AGI6, STM32H562AII6, STM32H562IGK6, STM32H562IGT6, STM32H562IIK6, STM32H562IIT6, STM32H562RGT6, STM32H562RGV6, STM32H562RIT6, STM32H562RIV6, STM32H562VGT6, STM32H562VIT6, STM32H562ZGT6, STM32H562ZIT6, STM32H563AGI6, STM32H563AII3Q, STM32H563AII6, STM32H563IGK6, STM32H563IGT6, STM32H563IIK3Q, STM32H563IIK6, STM32H563IIT3Q, STM32H563IIT6, STM32H563MIY3QTR, STM32H563RGT6, STM32H563RGV6, STM32H563RIT6, STM32H563RIV6, STM32H563VGT6, STM32H563VIT3Q, STM32H563VIT6, STM32H563ZGT6, STM32H563ZIT3Q, STM32H563ZIT6, STM32H573AII3Q, STM32H573AII6, STM32H573I-DK, STM32H573IIK3Q, STM32H573IIK6, STM32H573IIT3Q, STM32H573IIT6, STM32H573MIY3QTR, STM32H573RIT6, STM32H573RIV6, STM32H573VIT3Q, STM32H573VIT6, STM32H573ZIT3Q, STM32H573ZIT6, STM32H7R3A8I6, STM32H7R3I8K6, STM32H7R3I8T6, STM32H7R3L8H6, STM32H7R3L8H6H, STM32H7R3R8V6, STM32H7R3V8H6, STM32H7R3V8T6, STM32H7R3V8Y6, STM32H7R3Z8J6, STM32H7R3Z8T6, STM32H7R7A8I6, STM32H7R7I8K6, STM32H7R7I8T6, STM32H7R7L8H6, STM32H7R7L8H6H, STM32H7R7Z8J6, STM32H7S3A8I6, STM32H7S3I8K6, STM32H7S3I8T6, STM32H7S3L8H6, STM32H7S3L8H6H, STM32H7S3R8V6, STM32H7S3V8H6, STM32H7S3V8T6, STM32H7S3V8Y6, STM32H7S3Z8J6, STM32H7S3Z8T6, STM32H7S78-DK, STM32H7S7A8I6, STM32H7S7I8K6, STM32H7S7I8T6, STM32H7S7L8H6, STM32H7S7L8H6H, STM32H7S7Z8J6, STM32L4R5QGI6STR, STM32MP131AAE3, STM32MP131AAF3, STM32MP131AAG3, STM32MP131CAE3, STM32MP131CAF3, STM32MP131CAG3, STM32MP131DAE7, STM32MP131DAF7, STM32MP131DAG7, STM32MP131FAE7, STM32MP131FAF7, STM32MP131FAG7, STM32MP133AAE3, STM32MP133AAF3, STM32MP133AAG3, STM32MP133CAE3, STM32MP133CAF3, STM32MP133CAG3, STM32MP133DAE7, STM32MP133DAF7, STM32MP133DAG7, STM32MP133FAE7, STM32MP133FAF7, STM32MP133FAG7, STM32MP135AAE3, STM32MP135AAF3, STM32MP135AAG3, STM32MP135CAE3, STM32MP135CAF3, STM32MP135CAG3, STM32MP135DAE7, STM32MP135DAF7, STM32MP135DAG7, STM32MP135F-DK, STM32MP135FAE7, STM32MP135FAF7, STM32MP135FAF7T, STM32MP135FAF7U, STM32MP135FAG7, STM32U031C6T6, STM32U031C6U6, STM32U031C8T6, STM32U031C8U6, STM32U031F4P6, STM32U031F6P6, STM32U031F8P6, STM32U031G6Y6TR, STM32U031G8Y6TR, STM32U031K4U6, STM32U031K6U6, STM32U031K8U6, STM32U031R6I6, STM32U031R6T6, STM32U031R8I6, STM32U031R8T6, STM32U073C8T6, STM32U073C8U6, STM32U073CBT6, STM32U073CBU6, STM32U073CCT6, STM32U073CCU6, STM32U073H8Y6TR, STM32U073HBY6TR, STM32U073HCY6TR, STM32U073K8U6, STM32U073KBU6, STM32U073KCU6, STM32U073M8I6, STM32U073M8T6, STM32U073MBI6, STM32U073MBT6, STM32U073MCI6, STM32U073MCT6, STM32U073R8I6, STM32U073R8T6, STM32U073RBI6, STM32U073RBT6, STM32U073RCI6, STM32U073RCT6, STM32U083C-DK, STM32U083CCT6, STM32U083CCU6, STM32U083HCY6TR, STM32U083KCU6, STM32U083MCI6, STM32U083MCT6, STM32U083RCI6, STM32U083RCT6, STM32U535CBT6, STM32U535CBT6Q, STM32U535CBU6, STM32U535CBU6Q, STM32U535CCT6, STM32U535CCT6Q, STM32U535CCU6, STM32U535CCU6Q, STM32U535CET6, STM32U535CET6Q, STM32U535CEU6, STM32U535CEU6Q, STM32U535JEY6QTR, STM32U535NCY6QTR, STM32U535NEY6QTR, STM32U535RBI6, STM32U535RBI6Q, STM32U535RBT6, STM32U535RBT6Q, STM32U535RCI6, STM32U535RCI6Q, STM32U535RCT6, STM32U535RCT6Q, STM32U535REI6, STM32U535REI6Q, STM32U535RET6, STM32U535RET6Q, STM32U535VCI6, STM32U535VCI6Q, STM32U535VCT6, STM32U535VCT6Q, STM32U535VEI6, STM32U535VEI6Q, STM32U535VET6, STM32U535VET6Q, STM32U545CET6, STM32U545CET6Q, STM32U545CEU6, STM32U545CEU6Q, STM32U545JEY6QTR, STM32U545NEY6QTR, STM32U545REI6, STM32U545REI6Q, STM32U545RET6, STM32U545RET6Q, STM32U545VEI6, STM32U545VEI6Q, STM32U545VET6, STM32U545VET6Q, STM32U595AIH6, STM32U595AIH6Q, STM32U595AJH6, STM32U595AJH6Q, STM32U595QII6, STM32U595QII6Q, STM32U595QJI6, STM32U595QJI6Q, STM32U595RIT6, STM32U595RIT6Q, STM32U595RJT6, STM32U595RJT6Q, STM32U595VIT6, STM32U595VIT6Q, STM32U595VJT6, STM32U595VJT6Q, STM32U595ZIT6, STM32U595ZIT6Q, STM32U595ZIY6QTR, STM32U595ZJT6, STM32U595ZJT6Q, STM32U595ZJY6QTR, STM32U599BJY6QTR, STM32U599NIH6Q, STM32U599NJH6Q, STM32U599VIT6Q, STM32U599VJT6, STM32U599VJT6Q, STM32U599ZIT6Q, STM32U599ZIY6QTR, STM32U599ZJT6Q, STM32U599ZJY6QTR, STM32U5A5AJH6, STM32U5A5AJH6Q, STM32U5A5QII3Q , STM32U5A5QJI6, STM32U5A5QJI6Q, STM32U5A5RJT6, STM32U5A5RJT6Q, STM32U5A5VJT6, STM32U5A5VJT6Q, STM32U5A5ZJT6, STM32U5A5ZJT6Q, STM32U5A5ZJY6QTR, STM32U5A9BJY6QTR, STM32U5A9J-DK, STM32U5A9NJH6Q, STM32U5A9VJT6Q, STM32U5A9ZJT6Q, STM32U5A9ZJY6QTR, STM32U5F7VIT6, STM32U5F7VIT6Q, STM32U5F7VJT6, STM32U5F7VJT6Q, STM32U5F9BJY6QTR, STM32U5F9NJH6Q, STM32U5F9VIT6Q, STM32U5F9VJT6Q, STM32U5F9ZIJ6QTR, STM32U5F9ZIT6Q, STM32U5F9ZJJ6QTR, STM32U5F9ZJT6Q, STM32U5G7VJT6, STM32U5G7VJT6Q, STM32U5G9BJY6QTR, STM32U5G9J-DK1, STM32U5G9J-DK2, STM32U5G9NJH6Q, STM32U5G9VJT6Q, STM32U5G9ZJJ6QTR, STM32U5G9ZJT6Q, STM32WB1MMCH6, STM32WBA50KEU6, STM32WBA50KEU6TR, STM32WBA50KGU6, STM32WBA50KGU6TR, STM32WBA52CEU6, STM32WBA52CEU6TR, STM32WBA52CEU7, STM32WBA52CEU7TR, STM32WBA52CGU6, STM32WBA52CGU6TR, STM32WBA52CGU6U, STM32WBA52CGU7, STM32WBA52CGU7TR, STM32WBA52KEU6, STM32WBA52KEU6TR, STM32WBA52KGU6, STM32WBA52KGU6TR, STM32WBA54CEU6, STM32WBA54CEU6TR, STM32WBA54CEU7, STM32WBA54CEU7TR, STM32WBA54CGU6, STM32WBA54CGU6TR, STM32WBA54CGU7, STM32WBA54CGU7TR, STM32WBA54KEU6, STM32WBA54KEU6TR, STM32WBA54KEU7, STM32WBA54KEU7TR, STM32WBA54KGU6, STM32WBA54KGU6TR, STM32WBA54KGU7, STM32WBA54KGU7TR, STM32WBA55CEU6, STM32WBA55CEU6TR, STM32WBA55CEU7, STM32WBA55CEU7TR, STM32WBA55CGU6, STM32WBA55CGU6TR, STM32WBA55CGU6U, STM32WBA55CGU7, STM32WBA55CGU7TR, STM32WBA55G-DK1, STM32WBA55HEF6, STM32WBA55HEF7, STM32WBA55HGF6, STM32WBA55HGF7, STM32WBA55UEI6, STM32WBA55UEI6TR, STM32WBA55UEI7, STM32WBA55UEI7TR, STM32WBA55UGI6, STM32WBA55UGI6TR, STM32WBA55UGI7, STM32WBA55UGI7TR, STM32WL5MOCH6, STM32WL5MOCH6TR]
2024-05-01 16:11:55,294 [INFO] DbMcus:218 - Found 4094 MCUs, 4094 are supported
2024-05-01 16:11:55,306 [INFO] ApiDb:423 - Load user favorites file C:\Users\julia/.stm32cubeide/favorites.mcus.txt: 1 item(s)
2024-05-01 16:11:55,306 [INFO] ApiDb:427 - User favorites MCUs=[STM32L476RGT6]
2024-05-01 16:11:55,306 [INFO] DbMcus:224 - Set 1 / 1 favorites MCUs
2024-05-01 16:11:55,858 [INFO] ApiDb:423 - Load user favorites file C:\Users\julia/.stm32cubeide/favorites.boards.txt: 1 item(s)
2024-05-01 16:11:55,859 [INFO] ApiDb:427 - User favorites Boards=[NUCLEO-L476RG]
2024-05-01 16:11:55,859 [INFO] DbBoards:198 - Set 1 / 1 favorites Boards
2024-05-01 16:11:55,956 [INFO] UtilMem:75 - End LoadConfig() Used Memory: 616974688 Bytes (1073741824)
2024-05-01 16:11:56,289 [WARN] ThirdParty:833 - waiting for thirdparty lock release [change project]
2024-05-01 16:11:56,289 [INFO] ThirdParty:835 - entering critical section [change project]
2024-05-01 16:11:56,289 [INFO] ThirdParty:1030 - CMSIS Pack Vendor :STMicroelectronics USBPD 4.1
2024-05-01 16:11:56,289 [INFO] ThirdParty:1030 - CMSIS Pack Vendor :STMicroelectronics X-CUBE-GNSS1 6.0.0
2024-05-01 16:11:56,289 [INFO] ThirdParty:1030 - CMSIS Pack Vendor :STMicroelectronics USB_HOST 2.0.0
2024-05-01 16:11:56,289 [INFO] ThirdParty:1030 - CMSIS Pack Vendor :STMicroelectronics FP-SNS-MOTENVWB1 1.4.0
2024-05-01 16:11:56,289 [INFO] ThirdParty:1030 - CMSIS Pack Vendor :STMicroelectronics X-CUBE-AZRTOS-F4 1.1.0
2024-05-01 16:11:56,289 [INFO] ThirdParty:1030 - CMSIS Pack Vendor :STMicroelectronics LIBJPEG 8.0.0
2024-05-01 16:11:56,289 [INFO] ThirdParty:1030 - CMSIS Pack Vendor :STMicroelectronics X-CUBE-SMBUS 2.1.0
2024-05-01 16:11:56,289 [INFO] ThirdParty:1030 - CMSIS Pack Vendor :STMicroelectronics USB_DEVICE 3.0.0
2024-05-01 16:11:56,291 [INFO] ThirdParty:1030 - CMSIS Pack Vendor :STMicroelectronics X-CUBE-TCPP 4.1.0
2024-05-01 16:11:56,291 [INFO] ThirdParty:1030 - CMSIS Pack Vendor :STMicroelectronics X-CUBE-FREERTOS 1.2.0
2024-05-01 16:11:56,291 [INFO] ThirdParty:1030 - CMSIS Pack Vendor :STMicroelectronics X-CUBE-AZRTOS-WB 2.0.0
2024-05-01 16:11:56,291 [INFO] ThirdParty:1030 - CMSIS Pack Vendor :STMicroelectronics X-CUBE-TOUCHGFX 4.23.2
2024-05-01 16:11:56,291 [INFO] ThirdParty:1030 - CMSIS Pack Vendor :STMicroelectronics X-CUBE-AZRTOS-F7 1.1.0
2024-05-01 16:11:56,291 [INFO] ThirdParty:1030 - CMSIS Pack Vendor :STMicroelectronics X-CUBE-AZRTOS-L5 2.0.0
2024-05-01 16:11:56,291 [INFO] ThirdParty:1030 - CMSIS Pack Vendor :STMicroelectronics USB_DEVICE 2.0.0
2024-05-01 16:11:56,291 [INFO] ThirdParty:1030 - CMSIS Pack Vendor :STMicroelectronics X-CUBE-NFC6 3.1.0
2024-05-01 16:11:56,291 [INFO] ThirdParty:1030 - CMSIS Pack Vendor :STMicroelectronics X-CUBE-ALGOBUILD 1.3.0
2024-05-01 16:11:56,291 [INFO] ThirdParty:1030 - CMSIS Pack Vendor :STMicroelectronics FreeRTOS 0.0.1
2024-05-01 16:11:56,291 [INFO] ThirdParty:1030 - CMSIS Pack Vendor :STMicroelectronics X-CUBE-AZRTOS-G0 1.1.0
2024-05-01 16:11:56,291 [INFO] ThirdParty:1030 - CMSIS Pack Vendor :STMicroelectronics X-CUBE-SAFEA1 1.2.2
2024-05-01 16:11:56,291 [INFO] ThirdParty:1030 - CMSIS Pack Vendor :STMicroelectronics X-CUBE-NFC4 3.0.0
2024-05-01 16:11:56,291 [INFO] ThirdParty:1030 - CMSIS Pack Vendor :STMicroelectronics X-CUBE-SUBG2 5.0.0
2024-05-01 16:11:56,291 [INFO] ThirdParty:1030 - CMSIS Pack Vendor :STMicroelectronics STM32_WPAN 1.0.0
2024-05-01 16:11:56,291 [INFO] ThirdParty:1030 - CMSIS Pack Vendor :STMicroelectronics lwIP 2.0.3
2024-05-01 16:11:56,291 [INFO] ThirdParty:1030 - CMSIS Pack Vendor :STMicroelectronics FP-SNS-FLIGHT1 5.0.2
2024-05-01 16:11:56,291 [INFO] ThirdParty:1030 - CMSIS Pack Vendor :STMicroelectronics USB_HOST 1.0.0
2024-05-01 16:11:56,292 [INFO] ThirdParty:1030 - CMSIS Pack Vendor :STMicroelectronics X-CUBE-AI 9.0.0
2024-05-01 16:11:56,292 [INFO] ThirdParty:1030 - CMSIS Pack Vendor :STMicroelectronics X-CUBE-AZRTOS-G4 2.0.0
2024-05-01 16:11:56,292 [INFO] ThirdParty:1030 - CMSIS Pack Vendor :STMicroelectronics PDM2PCM 3.1.0
2024-05-01 16:11:56,292 [INFO] ThirdParty:1030 - CMSIS Pack Vendor :STMicroelectronics PDM2PCM 3.3.0
2024-05-01 16:11:56,292 [INFO] ThirdParty:1030 - CMSIS Pack Vendor :STMicroelectronics X-CUBE-DISPLAY 3.0.0
2024-05-01 16:11:56,292 [INFO] ThirdParty:1030 - CMSIS Pack Vendor :wolfSSL I-CUBE-wolfSSL 5.7.0
2024-05-01 16:11:56,292 [INFO] ThirdParty:1030 - CMSIS Pack Vendor :STMicroelectronics FP-SNS-MOTENVWB1 1.3.1
2024-05-01 16:11:56,292 [INFO] ThirdParty:1030 - CMSIS Pack Vendor :STMicroelectronics X-CUBE-BLE1 7.0.0
2024-05-01 16:11:56,292 [INFO] ThirdParty:1030 - CMSIS Pack Vendor :STMicroelectronics FP-ATR-SIGFOX1 3.2.0
2024-05-01 16:11:56,292 [INFO] ThirdParty:1030 - CMSIS Pack Vendor :STMicroelectronics X-CUBE-ISPU 2.0.0
2024-05-01 16:11:56,292 [INFO] ThirdParty:1030 - CMSIS Pack Vendor :STMicroelectronics X-CUBE-EEPRMA1 5.1.0
2024-05-01 16:11:56,293 [INFO] ThirdParty:1030 - CMSIS Pack Vendor :STMicroelectronics HAL Drivers 0.0.0
2024-05-01 16:11:56,293 [INFO] ThirdParty:1030 - CMSIS Pack Vendor :STMicroelectronics MBEDTLS 2.16.2
2024-05-01 16:11:56,296 [INFO] ThirdParty:1030 - CMSIS Pack Vendor :emotas I-CUBE-CANOPEN 1.3.0
2024-05-01 16:11:56,296 [INFO] ThirdParty:1030 - CMSIS Pack Vendor :STMicroelectronics X-CUBE-MEMS1 10.0.0
2024-05-01 16:11:56,296 [INFO] ThirdParty:1030 - CMSIS Pack Vendor :STMicroelectronics X-CUBE-FREERTOS 1.1.0
2024-05-01 16:11:56,297 [INFO] ThirdParty:1030 - CMSIS Pack Vendor :STMicroelectronics X-CUBE-NFC7 1.0.1
2024-05-01 16:11:56,297 [INFO] ThirdParty:1030 - CMSIS Pack Vendor :STMicroelectronics MBEDTLS 2.14.1
2024-05-01 16:11:56,297 [INFO] ThirdParty:1030 - CMSIS Pack Vendor :ITTIA_DB I-CUBE-ITTIADB 8.9.0
2024-05-01 16:11:56,297 [INFO] ThirdParty:1030 - CMSIS Pack Vendor :portGmbH I-Cube-SoM-uGOAL 1.1.0
2024-05-01 16:11:56,297 [INFO] ThirdParty:1030 - CMSIS Pack Vendor :STMicroelectronics X-CUBE-ALS 1.0.1
2024-05-01 16:11:56,297 [INFO] ThirdParty:1030 - CMSIS Pack Vendor :STMicroelectronics X-CUBE-BLEMGR 3.1.0
2024-05-01 16:11:56,297 [INFO] ThirdParty:1030 - CMSIS Pack Vendor :STMicroelectronics ThreadX 1.0.0
2024-05-01 16:11:56,297 [INFO] ThirdParty:1030 - CMSIS Pack Vendor :STMicroelectronics FP-SNS-SMARTAG2 1.2.0
2024-05-01 16:11:56,297 [INFO] ThirdParty:1030 - CMSIS Pack Vendor :STMicroelectronics X-CUBE-AZRTOS-WL 2.0.0
2024-05-01 16:11:56,297 [INFO] ThirdParty:1030 - CMSIS Pack Vendor :SEGGER I-CUBE-embOS 1.3.1
2024-05-01 16:11:56,297 [INFO] ThirdParty:1030 - CMSIS Pack Vendor :STMicroelectronics FP-SNS-MOTENV1 5.0.0
2024-05-01 16:11:56,297 [INFO] ThirdParty:1030 - CMSIS Pack Vendor :STMicroelectronics USB_DEVICE 1.0.0
2024-05-01 16:11:56,297 [INFO] ThirdParty:1030 - CMSIS Pack Vendor :STMicroelectronics X-CUBE-AI 8.1.0
2024-05-01 16:11:56,297 [INFO] ThirdParty:1030 - CMSIS Pack Vendor :STMicroelectronics X-CUBE-AZRTOS-H7RS 1.0.0
2024-05-01 16:11:56,297 [INFO] ThirdParty:1030 - CMSIS Pack Vendor :STMicroelectronics X-CUBE-AZRTOS-L4 2.0.0
2024-05-01 16:11:56,297 [INFO] ThirdParty:1030 - CMSIS Pack Vendor :STMicroelectronics ThreadX 0.0.2
2024-05-01 16:11:56,298 [INFO] ThirdParty:1030 - CMSIS Pack Vendor :WES I-CUBE-Cesium 1.3.0
2024-05-01 16:11:56,298 [INFO] ThirdParty:1030 - CMSIS Pack Vendor :STMicroelectronics FP-ATR-ASTRA1 2.0.0
2024-05-01 16:11:56,298 [INFO] ThirdParty:1030 - CMSIS Pack Vendor :STMicroelectronics lwIP 2.1.2
2024-05-01 16:11:56,298 [INFO] ThirdParty:1030 - CMSIS Pack Vendor :STMicroelectronics X-CUBE-SFXS2LP1 4.0.0
2024-05-01 16:11:56,298 [INFO] ThirdParty:1030 - CMSIS Pack Vendor :STMicroelectronics X-CUBE-BLE2 3.3.0
2024-05-01 16:11:56,298 [INFO] ThirdParty:1030 - CMSIS Pack Vendor :STMicroelectronics X-CUBE-TOF1 3.4.1
2024-05-01 16:11:56,298 [INFO] ThirdParty:1030 - CMSIS Pack Vendor :STMicroelectronics X-CUBE-AZRTOS-H7 3.2.0
2024-05-01 16:11:56,298 [INFO] ThirdParty:1030 - CMSIS Pack Vendor :Infineon AIROC-Wi-Fi-Bluetooth-STM32 1.6.0
2024-05-01 16:11:56,298 [INFO] ThirdParty:1030 - CMSIS Pack Vendor :STMicroelectronics PDM2PCM 3.2.0
2024-05-01 16:11:56,298 [INFO] ThirdParty:841 - exiting critical section [change project]
2024-05-01 16:11:57,508 [INFO] PinOutPanel:1561 - setPackage(No Configuration,No Configuration)
2024-05-01 16:11:57,513 [INFO] PinOutPanel:1561 - setPackage(STM32L476RGTx,LQFP64)
2024-05-01 16:11:58,673 [INFO] UtilMem:75 - Before build in PCC Used Memory: 868489848 Bytes (1073741824)
2024-05-01 16:12:00,625 [INFO] UtilMem:75 - After build in PCC Used Memory: 650440536 Bytes (1073741824)
2024-05-01 16:12:00,704 [INFO] IPUIPlugin:80 - create IPUIPlugin
2024-05-01 16:12:00,704 [INFO] IPUIPlugin:80 - create IPUIPlugin
2024-05-01 16:12:00,704 [INFO] IPUIPlugin:80 - create IPUIPlugin
2024-05-01 16:12:00,704 [INFO] IPUIPlugin:80 - create IPUIPlugin
2024-05-01 16:12:00,704 [INFO] IPUIPlugin:80 - create IPUIPlugin
2024-05-01 16:12:00,705 [INFO] IPUIPlugin:80 - create IPUIPlugin
2024-05-01 16:12:00,705 [INFO] IPUIPlugin:80 - create IPUIPlugin
2024-05-01 16:12:00,705 [INFO] IPUIPlugin:80 - create IPUIPlugin
2024-05-01 16:12:00,706 [INFO] IPUIPlugin:80 - create IPUIPlugin
2024-05-01 16:12:00,706 [INFO] IPUIPlugin:80 - create IPUIPlugin
2024-05-01 16:12:00,706 [INFO] IPUIPlugin:80 - create IPUIPlugin
2024-05-01 16:12:00,706 [INFO] IPUIPlugin:80 - create IPUIPlugin
2024-05-01 16:12:00,706 [INFO] IPUIPlugin:80 - create IPUIPlugin
2024-05-01 16:12:00,707 [INFO] IPUIPlugin:80 - create IPUIPlugin
2024-05-01 16:12:00,707 [INFO] IPUIPlugin:80 - create IPUIPlugin
2024-05-01 16:12:00,707 [INFO] IPUIPlugin:80 - create IPUIPlugin
2024-05-01 16:12:00,707 [INFO] IPUIPlugin:80 - create IPUIPlugin
2024-05-01 16:12:00,708 [INFO] IPUIPlugin:80 - create IPUIPlugin
2024-05-01 16:12:00,708 [INFO] IPUIPlugin:80 - create IPUIPlugin
2024-05-01 16:12:00,709 [INFO] IPUIPlugin:80 - create IPUIPlugin
2024-05-01 16:12:00,710 [INFO] IPUIPlugin:80 - create IPUIPlugin
2024-05-01 16:12:00,710 [INFO] IPUIPlugin:80 - create IPUIPlugin
2024-05-01 16:12:00,712 [INFO] IPUIPlugin:80 - create IPUIPlugin
2024-05-01 16:12:00,713 [INFO] IPUIPlugin:80 - create IPUIPlugin
2024-05-01 16:12:00,713 [INFO] IPUIPlugin:80 - create IPUIPlugin
2024-05-01 16:12:00,714 [INFO] IPUIPlugin:80 - create IPUIPlugin
2024-05-01 16:12:00,714 [INFO] IPUIPlugin:80 - create IPUIPlugin
2024-05-01 16:12:00,715 [INFO] IPUIPlugin:80 - create IPUIPlugin
2024-05-01 16:12:00,715 [INFO] IPUIPlugin:80 - create IPUIPlugin
2024-05-01 16:12:00,715 [INFO] IPUIPlugin:80 - create IPUIPlugin
2024-05-01 16:12:00,716 [INFO] IPUIPlugin:80 - create IPUIPlugin
2024-05-01 16:12:00,716 [INFO] IPUIPlugin:80 - create IPUIPlugin
2024-05-01 16:12:00,717 [INFO] IPUIPlugin:80 - create IPUIPlugin
2024-05-01 16:12:00,717 [INFO] IPUIPlugin:80 - create IPUIPlugin
2024-05-01 16:12:00,718 [INFO] IPUIPlugin:80 - create IPUIPlugin
2024-05-01 16:12:00,718 [INFO] IPUIPlugin:80 - create IPUIPlugin
2024-05-01 16:12:00,719 [INFO] IPUIPlugin:80 - create IPUIPlugin
2024-05-01 16:12:00,720 [INFO] IPUIPlugin:80 - create IPUIPlugin
2024-05-01 16:12:00,720 [INFO] IPUIPlugin:80 - create IPUIPlugin
2024-05-01 16:12:00,721 [INFO] IPUIPlugin:80 - create IPUIPlugin
2024-05-01 16:12:00,721 [INFO] IPUIPlugin:80 - create IPUIPlugin
2024-05-01 16:12:00,722 [INFO] IPUIPlugin:80 - create IPUIPlugin
2024-05-01 16:12:00,722 [INFO] IPUIPlugin:80 - create IPUIPlugin
2024-05-01 16:12:00,723 [INFO] IPUIPlugin:80 - create IPUIPlugin
2024-05-01 16:12:00,723 [INFO] IPUIPlugin:80 - create IPUIPlugin
2024-05-01 16:12:00,723 [INFO] IPUIPlugin:80 - create IPUIPlugin
2024-05-01 16:12:00,724 [INFO] IPUIPlugin:80 - create IPUIPlugin
2024-05-01 16:12:00,724 [INFO] IPUIPlugin:80 - create IPUIPlugin
2024-05-01 16:12:00,724 [INFO] IPUIPlugin:80 - create IPUIPlugin
2024-05-01 16:12:00,725 [INFO] IPUIPlugin:80 - create IPUIPlugin
2024-05-01 16:12:00,726 [INFO] IPUIPlugin:80 - create IPUIPlugin
2024-05-01 16:12:00,727 [INFO] IPUIPlugin:80 - create IPUIPlugin
2024-05-01 16:12:00,730 [INFO] IPUIPlugin:80 - create IPUIPlugin
2024-05-01 16:12:00,731 [INFO] IPUIPlugin:80 - create IPUIPlugin
2024-05-01 16:12:00,731 [INFO] IPUIPlugin:80 - create IPUIPlugin
2024-05-01 16:12:00,732 [INFO] IPUIPlugin:80 - create IPUIPlugin
2024-05-01 16:12:00,732 [INFO] IPUIPlugin:80 - create IPUIPlugin
2024-05-01 16:12:00,734 [INFO] IPUIPlugin:80 - create IPUIPlugin
2024-05-01 16:12:00,735 [INFO] IPUIPlugin:80 - create IPUIPlugin
2024-05-01 16:12:01,218 [INFO] CADModel:165 - CPN selected for project levelSTM32L476RGT6
2024-05-01 16:12:01,218 [INFO] CADModel:114 - Register for checkConnection events
2024-05-01 16:12:01,297 [INFO] OpenFileManager:343 - Restore cursor
2024-05-01 23:17:21,290 [ERROR] LogOutputStream:75 - [STDERR_REDIRECT] 
2024-05-01 23:17:21,293 [ERROR] LogOutputStream:75 - [STDERR_REDIRECT] 
