2024-05-22 11:14:41,356 [ERROR] LogOutputStream:75 - [STDERR_REDIRECT] 
2024-05-22 12:09:59,815 [INFO] Activator:176 - 


2024-05-22 12:09:59,817 [INFO] Activator:177 - !SESSION log4j initialized
2024-05-22 12:10:12,850 [INFO] LogOutputStream:77 - [STDOUT_REDIRECT] 
2024-05-22 12:10:17,414 [INFO] ApplicationProperties:184 - Using Application install path: C:\ST\STM32CubeIDE_1.15.0\STM32CubeIDE\plugins\com.st.stm32cube.common.mx_6.11.0.202403141607
2024-05-22 12:10:17,441 [INFO] DbMcusXml:78 - Set database path to: C:\ST\STM32CubeIDE_1.15.0\STM32CubeIDE\plugins\com.st.stm32cube.common.mx_6.11.0.202403141607\\db\/mcu/
2024-05-22 12:10:17,441 [INFO] ApiDb:274 - Set plugin database path to: C:\ST\STM32CubeIDE_1.15.0\STM32CubeIDE\plugins\com.st.stm32cube.common.mx_6.11.0.202403141607\\db\/plugins/boardmanager/
2024-05-22 12:10:17,442 [WARN] ApiDb:259 - Overriding images path with different value:  => C:\ST\STM32CubeIDE_1.15.0\STM32CubeIDE\plugins\com.st.stm32cube.common.mx_6.11.0.202403141607\\db\/plugins/mcufinder/images/
2024-05-22 12:10:17,457 [INFO] ApiDb:250 - Set database path to: C:\Users\julia\.stmcufinder\plugins\mcufinder//mcu/
2024-05-22 12:10:17,459 [INFO] DbMcusAds:125 - Set database path to: C:\Users\julia\.stmcufinder\plugins\mcufinder//mcu/
2024-05-22 12:10:17,461 [INFO] CrossReferenceDbSqlite:203 - Set database path to: C:\Users\julia\.stmcufinder\plugins\mcufinder//mcu/cs/
2024-05-22 12:10:17,678 [INFO] RulesReader:64 - Compatibility file has been processed (297 Rules)
2024-05-22 12:10:17,819 [INFO] DbMcusXml:78 - Set database path to: C:\ST\STM32CubeIDE_1.15.0\STM32CubeIDE\plugins\com.st.stm32cube.common.mx_6.11.0.202403141607\\db\/mcu/
2024-05-22 12:10:17,819 [INFO] ApiDb:274 - Set plugin database path to: C:\ST\STM32CubeIDE_1.15.0\STM32CubeIDE\plugins\com.st.stm32cube.common.mx_6.11.0.202403141607\\db\/plugins/boardmanager/
2024-05-22 12:10:17,819 [INFO] ApiDb:261 - Set plugin images path to: C:\ST\STM32CubeIDE_1.15.0\STM32CubeIDE\plugins\com.st.stm32cube.common.mx_6.11.0.202403141607\\db\/plugins/mcufinder/images/
2024-05-22 12:10:17,821 [WARN] DbFile:41 - Overriding database path with different value: C:\Users\julia\.stmcufinder\plugins\mcufinder/ => C:\Users\julia\.stmcufinder\plugins\mcufinder
2024-05-22 12:10:17,821 [INFO] ApiDb:250 - Set database path to: C:\Users\julia\.stmcufinder\plugins\mcufinder//mcu/
2024-05-22 12:10:17,821 [WARN] DbFile:41 - Overriding database path with different value: C:\Users\julia\.stmcufinder\plugins\mcufinder/ => C:\Users\julia\.stmcufinder\plugins\mcufinder
2024-05-22 12:10:17,821 [INFO] DbMcusAds:125 - Set database path to: C:\Users\julia\.stmcufinder\plugins\mcufinder//mcu/
2024-05-22 12:10:17,821 [WARN] DbFile:41 - Overriding database path with different value: C:\Users\julia\.stmcufinder\plugins\mcufinder/ => C:\Users\julia\.stmcufinder\plugins\mcufinder
2024-05-22 12:10:17,821 [WARN] DbFile:41 - Overriding database path with different value: C:\Users\julia\.stmcufinder\plugins\mcufinder/ => C:\Users\julia\.stmcufinder\plugins\mcufinder
2024-05-22 12:10:17,821 [INFO] CrossReferenceDbSqlite:203 - Set database path to: C:\Users\julia\.stmcufinder\plugins\mcufinder//mcu/cs/
2024-05-22 12:10:17,963 [INFO] MainPanel:264 - HeapMemory: 268435456
2024-05-22 12:10:18,171 [INFO] DbMcusXml:78 - Set database path to: C:\ST\STM32CubeIDE_1.15.0\STM32CubeIDE\plugins\com.st.stm32cube.common.mx_6.11.0.202403141607\\db\/mcu/
2024-05-22 12:10:18,172 [INFO] ApiDb:274 - Set plugin database path to: C:\ST\STM32CubeIDE_1.15.0\STM32CubeIDE\plugins\com.st.stm32cube.common.mx_6.11.0.202403141607\\db\/plugins/boardmanager/
2024-05-22 12:10:18,172 [INFO] ApiDb:261 - Set plugin images path to: C:\ST\STM32CubeIDE_1.15.0\STM32CubeIDE\plugins\com.st.stm32cube.common.mx_6.11.0.202403141607\\db\/plugins/mcufinder/images/
2024-05-22 12:10:18,172 [WARN] DbFile:41 - Overriding database path with different value: C:\Users\julia\.stmcufinder\plugins\mcufinder/ => C:\Users\julia\.stmcufinder\plugins\mcufinder
2024-05-22 12:10:18,173 [INFO] ApiDb:250 - Set database path to: C:\Users\julia\.stmcufinder\plugins\mcufinder//mcu/
2024-05-22 12:10:18,173 [WARN] DbFile:41 - Overriding database path with different value: C:\Users\julia\.stmcufinder\plugins\mcufinder/ => C:\Users\julia\.stmcufinder\plugins\mcufinder
2024-05-22 12:10:18,173 [INFO] DbMcusAds:125 - Set database path to: C:\Users\julia\.stmcufinder\plugins\mcufinder//mcu/
2024-05-22 12:10:18,173 [WARN] DbFile:41 - Overriding database path with different value: C:\Users\julia\.stmcufinder\plugins\mcufinder/ => C:\Users\julia\.stmcufinder\plugins\mcufinder
2024-05-22 12:10:18,174 [WARN] DbFile:41 - Overriding database path with different value: C:\Users\julia\.stmcufinder\plugins\mcufinder/ => C:\Users\julia\.stmcufinder\plugins\mcufinder
2024-05-22 12:10:18,174 [INFO] CrossReferenceDbSqlite:203 - Set database path to: C:\Users\julia\.stmcufinder\plugins\mcufinder//mcu/cs/
2024-05-22 12:10:18,214 [INFO] ApplicationProperties:184 - Using Application install path: C:\ST\STM32CubeIDE_1.15.0\STM32CubeIDE\plugins\com.st.stm32cube.common.mx_6.11.0.202403141607
2024-05-22 12:10:18,217 [INFO] PluginManage:196 - Search for loadable plugins [exclusion list=, ]
2024-05-22 12:10:18,219 [INFO] PluginManage:310 - Check plugin analytics
2024-05-22 12:10:18,532 [INFO] AnalyticsPlugin:253 - Accepted Software Licenses: 
2024-05-22 12:10:18,533 [INFO] AnalyticsPlugin:255 - Accepted CMSIS Pack Licenses: 
2024-05-22 12:10:18,534 [INFO] AnalyticsPlugin:257 - Accepted Firmware Licenses: FW.L4.1.18.0,FW.F4.1.28.0
2024-05-22 12:10:18,540 [INFO] PluginManage:359 - Loaded plugin analytics (category:tool,tabindex:-1)
2024-05-22 12:10:18,540 [INFO] PluginManage:310 - Check plugin cadmodel
2024-05-22 12:10:18,582 [INFO] CADModel:105 - Init CAD model plugin
2024-05-22 12:10:18,582 [INFO] PluginManage:359 - Loaded plugin cadmodel (category:power,tabindex:5)
2024-05-22 12:10:18,583 [INFO] PluginManage:310 - Check plugin clock
2024-05-22 12:10:18,616 [INFO] PluginManage:359 - Loaded plugin clock (category:base,tabindex:2)
2024-05-22 12:10:18,616 [INFO] PluginManage:310 - Check plugin ddr
2024-05-22 12:10:18,620 [INFO] PluginManage:359 - Loaded plugin ddr (category:tool,tabindex:6)
2024-05-22 12:10:18,621 [INFO] PluginManage:310 - Check plugin filemanager
2024-05-22 12:10:18,873 [INFO] PluginManage:359 - Loaded plugin filemanager (category:base,tabindex:10)
2024-05-22 12:10:18,873 [INFO] PluginManage:310 - Check plugin ipmanager
2024-05-22 12:10:18,886 [INFO] PluginManage:359 - Loaded plugin ipmanager (category:base,tabindex:5)
2024-05-22 12:10:18,886 [INFO] PluginManage:310 - Check plugin lpbam
2024-05-22 12:10:18,914 [INFO] PluginManage:359 - Loaded plugin lpbam (category:base,tabindex:0)
2024-05-22 12:10:18,914 [INFO] PluginManage:310 - Check plugin memorymap
2024-05-22 12:10:18,951 [INFO] PluginManage:359 - Loaded plugin memorymap (category:base,tabindex:4)
2024-05-22 12:10:18,952 [INFO] PluginManage:310 - Check plugin pinoutandconfiguration
2024-05-22 12:10:18,983 [INFO] PluginManage:359 - Loaded plugin pinoutandconfiguration (category:base,tabindex:1)
2024-05-22 12:10:18,983 [INFO] PluginManage:310 - Check plugin pinoutconfig
2024-05-22 12:10:19,137 [WARN] SupportedApi:132 - Cannot load RTOS API schema: s4s-elt-must-match.1: The content of 'definitions' must match (annotation?, (simpleType | complexType)?, (unique | key | keyref)*)). A problem was found starting at: attribute.
2024-05-22 12:10:19,350 [INFO] PluginManage:359 - Loaded plugin pinoutconfig (category:base,tabindex:0)
2024-05-22 12:10:19,350 [INFO] PluginManage:310 - Check plugin power
2024-05-22 12:10:19,377 [INFO] PluginManage:359 - Loaded plugin power (category:power,tabindex:4)
2024-05-22 12:10:19,377 [INFO] PluginManage:310 - Check plugin projectmanager
2024-05-22 12:10:19,402 [INFO] PluginManage:359 - Loaded plugin projectmanager (category:projectmanager,tabindex:3)
2024-05-22 12:10:19,402 [INFO] PluginManage:310 - Check plugin thirdparty
2024-05-22 12:10:19,803 [INFO] PluginManage:359 - Loaded plugin thirdparty (category:base,tabindex:-1)
2024-05-22 12:10:19,803 [INFO] PluginManage:310 - Check plugin tools
2024-05-22 12:10:19,803 [WARN] IntegrityCheckThread:84 - waiting for thirdparty lock release [integrity check]
2024-05-22 12:10:19,803 [INFO] IntegrityCheckThread:86 - entering critical section [integrity check]
2024-05-22 12:10:19,804 [INFO] ThirdPartyUpdaterWithRetryManager:70 - Updater plugin not ready yet. [1/15]
2024-05-22 12:10:19,852 [INFO] PluginManage:359 - Loaded plugin tools (category:base,tabindex:7)
2024-05-22 12:10:19,852 [INFO] PluginManage:310 - Check plugin tutovideos
2024-05-22 12:10:20,329 [INFO] PluginManage:359 - Loaded plugin tutovideos (category:base,tabindex:-1)
2024-05-22 12:10:20,329 [INFO] PluginManage:310 - Check plugin updater
2024-05-22 12:10:20,345 [INFO] PluginManage:359 - Loaded plugin updater (category:base,tabindex:12)
2024-05-22 12:10:20,345 [INFO] PluginManage:310 - Check plugin userauth
2024-05-22 12:10:20,355 [INFO] UserAuth:114 - Init User Auth plugin
2024-05-22 12:10:20,356 [INFO] PluginManage:359 - Loaded plugin userauth (category:base,tabindex:14)
2024-05-22 12:10:20,356 [INFO] PluginManage:283 - PluginManage : Loaded plugins [17]
2024-05-22 12:10:20,724 [INFO] PinOutPanel:1561 - setPackage(No Configuration,No Configuration)
2024-05-22 12:10:20,848 [INFO] CADModel:165 - CPN selected for project level
2024-05-22 12:10:20,848 [INFO] CADModel:114 - Register for checkConnection events
2024-05-22 12:10:20,889 [INFO] IPUIPlugin:80 - create IPUIPlugin
2024-05-22 12:10:20,890 [INFO] PluginManager:220 - loadIPPluginJar : add adc
2024-05-22 12:10:20,959 [INFO] IPUIPlugin:80 - create IPUIPlugin
2024-05-22 12:10:20,959 [INFO] PluginManager:220 - loadIPPluginJar : add aes
2024-05-22 12:10:21,031 [INFO] IPUIPlugin:80 - create IPUIPlugin
2024-05-22 12:10:21,032 [INFO] PluginManager:220 - loadIPPluginJar : add can
2024-05-22 12:10:21,081 [INFO] IPUIPlugin:80 - create IPUIPlugin
2024-05-22 12:10:21,081 [INFO] PluginManager:220 - loadIPPluginJar : add comp
2024-05-22 12:10:21,161 [INFO] IPUIPlugin:80 - create IPUIPlugin
2024-05-22 12:10:21,162 [INFO] PluginManager:220 - loadIPPluginJar : add cryp
2024-05-22 12:10:21,280 [INFO] IPUIPlugin:80 - create IPUIPlugin
2024-05-22 12:10:21,280 [INFO] PluginManager:220 - loadIPPluginJar : add dfsdm
2024-05-22 12:10:21,333 [INFO] IPUIPlugin:80 - create IPUIPlugin
2024-05-22 12:10:21,333 [INFO] PluginManager:220 - loadIPPluginJar : add dma
2024-05-22 12:10:21,490 [INFO] IPUIPlugin:80 - create IPUIPlugin
2024-05-22 12:10:21,491 [INFO] PluginManager:220 - loadIPPluginJar : add dma3
2024-05-22 12:10:21,643 [INFO] IPUIPlugin:80 - create IPUIPlugin
2024-05-22 12:10:21,644 [INFO] PluginManager:220 - loadIPPluginJar : add extmemmanager
2024-05-22 12:10:21,711 [INFO] IPUIPlugin:80 - create IPUIPlugin
2024-05-22 12:10:21,711 [INFO] PluginManager:220 - loadIPPluginJar : add fatfs
2024-05-22 12:10:21,869 [INFO] IPUIPlugin:80 - create IPUIPlugin
2024-05-22 12:10:21,870 [INFO] PluginManager:220 - loadIPPluginJar : add fmc
2024-05-22 12:10:21,908 [INFO] IPUIPlugin:80 - create IPUIPlugin
2024-05-22 12:10:21,908 [INFO] PluginManager:220 - loadIPPluginJar : add freertos
2024-05-22 12:10:21,970 [INFO] IPUIPlugin:80 - create IPUIPlugin
2024-05-22 12:10:21,970 [INFO] PluginManager:220 - loadIPPluginJar : add genericplugin
2024-05-22 12:10:22,285 [INFO] IPUIPlugin:80 - create IPUIPlugin
2024-05-22 12:10:22,285 [INFO] PluginManager:220 - loadIPPluginJar : add gfxmmu
2024-05-22 12:10:22,739 [INFO] IPUIPlugin:80 - create IPUIPlugin
2024-05-22 12:10:22,739 [INFO] PluginManager:220 - loadIPPluginJar : add gic
2024-05-22 12:10:22,771 [INFO] IPUIPlugin:80 - create IPUIPlugin
2024-05-22 12:10:22,772 [INFO] PluginManager:220 - loadIPPluginJar : add gpio
2024-05-22 12:10:22,805 [INFO] ThirdPartyUpdaterWithRetryManager:70 - Updater plugin not ready yet. [2/15]
2024-05-22 12:10:23,068 [INFO] IPUIPlugin:80 - create IPUIPlugin
2024-05-22 12:10:23,068 [INFO] PluginManager:220 - loadIPPluginJar : add gtzc
2024-05-22 12:10:23,167 [INFO] IPUIPlugin:80 - create IPUIPlugin
2024-05-22 12:10:23,167 [INFO] PluginManager:220 - loadIPPluginJar : add hash
2024-05-22 12:10:23,309 [INFO] IPUIPlugin:80 - create IPUIPlugin
2024-05-22 12:10:23,310 [INFO] PluginManager:220 - loadIPPluginJar : add i2c
2024-05-22 12:10:23,417 [INFO] IPUIPlugin:80 - create IPUIPlugin
2024-05-22 12:10:23,417 [INFO] PluginManager:220 - loadIPPluginJar : add i2s
2024-05-22 12:10:23,580 [INFO] IPUIPlugin:80 - create IPUIPlugin
2024-05-22 12:10:23,580 [INFO] PluginManager:220 - loadIPPluginJar : add i3c
2024-05-22 12:10:23,915 [INFO] IPUIPlugin:80 - create IPUIPlugin
2024-05-22 12:10:23,916 [INFO] PluginManager:220 - loadIPPluginJar : add ipddr
2024-05-22 12:10:24,216 [INFO] IPUIPlugin:80 - create IPUIPlugin
2024-05-22 12:10:24,218 [INFO] PluginManager:220 - loadIPPluginJar : add linkedlist
2024-05-22 12:10:24,320 [INFO] IPUIPlugin:80 - create IPUIPlugin
2024-05-22 12:10:24,320 [INFO] PluginManager:220 - loadIPPluginJar : add lorawan
2024-05-22 12:10:24,429 [INFO] IPUIPlugin:80 - create IPUIPlugin
2024-05-22 12:10:24,435 [INFO] PluginManager:220 - loadIPPluginJar : add ltdc
2024-05-22 12:10:24,488 [INFO] IPUIPlugin:80 - create IPUIPlugin
2024-05-22 12:10:24,488 [INFO] PluginManager:220 - loadIPPluginJar : add mdma
2024-05-22 12:10:24,521 [INFO] IPUIPlugin:80 - create IPUIPlugin
2024-05-22 12:10:24,521 [INFO] PluginManager:220 - loadIPPluginJar : add nvic
2024-05-22 12:10:24,627 [INFO] IPUIPlugin:80 - create IPUIPlugin
2024-05-22 12:10:24,627 [INFO] PluginManager:220 - loadIPPluginJar : add opamp
2024-05-22 12:10:24,819 [INFO] IPUIPlugin:80 - create IPUIPlugin
2024-05-22 12:10:24,822 [INFO] PluginManager:220 - loadIPPluginJar : add openamp
2024-05-22 12:10:24,949 [INFO] IPUIPlugin:80 - create IPUIPlugin
2024-05-22 12:10:24,949 [INFO] PluginManager:220 - loadIPPluginJar : add pdm2pcm
2024-05-22 12:10:24,988 [INFO] IPUIPlugin:80 - create IPUIPlugin
2024-05-22 12:10:24,993 [INFO] PluginManager:220 - loadIPPluginJar : add plateformsettings
2024-05-22 12:10:25,075 [INFO] IPUIPlugin:80 - create IPUIPlugin
2024-05-22 12:10:25,075 [INFO] PluginManager:220 - loadIPPluginJar : add quadspi
2024-05-22 12:10:25,107 [INFO] IPUIPlugin:80 - create IPUIPlugin
2024-05-22 12:10:25,107 [INFO] PluginManager:220 - loadIPPluginJar : add resmgrutility
2024-05-22 12:10:25,253 [INFO] IPUIPlugin:80 - create IPUIPlugin
2024-05-22 12:10:25,254 [INFO] PluginManager:220 - loadIPPluginJar : add sai
2024-05-22 12:10:25,353 [INFO] IPUIPlugin:80 - create IPUIPlugin
2024-05-22 12:10:25,354 [INFO] PluginManager:220 - loadIPPluginJar : add spi
2024-05-22 12:10:25,564 [INFO] IPUIPlugin:80 - create IPUIPlugin
2024-05-22 12:10:25,565 [INFO] PluginManager:220 - loadIPPluginJar : add stm32_wpan
2024-05-22 12:10:25,640 [INFO] IPUIPlugin:80 - create IPUIPlugin
2024-05-22 12:10:25,640 [INFO] PluginManager:220 - loadIPPluginJar : add tim
2024-05-22 12:10:25,805 [INFO] ThirdPartyUpdaterWithRetryManager:70 - Updater plugin not ready yet. [3/15]
2024-05-22 12:10:25,834 [INFO] IPUIPlugin:80 - create IPUIPlugin
2024-05-22 12:10:25,834 [INFO] PluginManager:220 - loadIPPluginJar : add touchsensing
2024-05-22 12:10:25,902 [INFO] IPUIPlugin:80 - create IPUIPlugin
2024-05-22 12:10:25,902 [INFO] PluginManager:220 - loadIPPluginJar : add tracer_emb
2024-05-22 12:10:25,962 [INFO] IPUIPlugin:80 - create IPUIPlugin
2024-05-22 12:10:25,962 [INFO] PluginManager:220 - loadIPPluginJar : add ts
2024-05-22 12:10:26,018 [INFO] IPUIPlugin:80 - create IPUIPlugin
2024-05-22 12:10:26,018 [INFO] PluginManager:220 - loadIPPluginJar : add tsc
2024-05-22 12:10:26,083 [INFO] IPUIPlugin:80 - create IPUIPlugin
2024-05-22 12:10:26,084 [INFO] PluginManager:220 - loadIPPluginJar : add ucpd
2024-05-22 12:10:26,221 [INFO] IPUIPlugin:80 - create IPUIPlugin
2024-05-22 12:10:26,221 [INFO] PluginManager:220 - loadIPPluginJar : add usart
2024-05-22 12:10:26,350 [INFO] IPUIPlugin:80 - create IPUIPlugin
2024-05-22 12:10:26,356 [INFO] PluginManager:220 - loadIPPluginJar : add usbx
2024-05-22 12:10:26,633 [INFO] CADModel:165 - CPN selected for project level
2024-05-22 12:10:26,633 [INFO] CADModel:114 - Register for checkConnection events
2024-05-22 12:10:26,633 [FATAL] Updater:308 - Updater called before beeing initialized
2024-05-22 12:10:26,633 [ERROR] CADModel:125 - Updater not yet initialized, retry later 
2024-05-22 12:10:27,137 [INFO] CADModel:165 - CPN selected for project level
2024-05-22 12:10:27,138 [INFO] CADModel:114 - Register for checkConnection events
2024-05-22 12:10:27,138 [FATAL] Updater:308 - Updater called before beeing initialized
2024-05-22 12:10:27,138 [ERROR] CADModel:125 - Updater not yet initialized, retry later 
2024-05-22 12:10:27,143 [FATAL] Updater:308 - Updater called before beeing initialized
2024-05-22 12:10:27,534 [FATAL] Updater:308 - Updater called before beeing initialized
2024-05-22 12:10:27,571 [INFO] DbMcusAds:53 - JSON generation date=Thu May 02 01:37:29 PDT 2024 (1714639049318)
2024-05-22 12:10:27,571 [FATAL] Updater:308 - Updater called before beeing initialized
2024-05-22 12:10:27,789 [WARN] DetailPanel:346 - Failed to get advertising image, set to default
2024-05-22 12:10:28,097 [FATAL] Updater:308 - Updater called before beeing initialized
2024-05-22 12:10:28,113 [FATAL] Updater:308 - Updater called before beeing initialized
2024-05-22 12:10:28,113 [FATAL] Updater:308 - Updater called before beeing initialized
2024-05-22 12:10:28,113 [WARN] DetailPanel:346 - Failed to get advertising image, set to default
2024-05-22 12:10:28,113 [FATAL] Updater:308 - Updater called before beeing initialized
2024-05-22 12:10:28,348 [ERROR] Updater:1120 - MainUpdater not yet initialized. External WinMGr cannot be set.
2024-05-22 12:10:28,372 [INFO] Updater:1056 - Updater Version found : 6.11.0
2024-05-22 12:10:28,419 [INFO] ApplicationProperties:184 - Using Application install path: C:\ST\STM32CubeIDE_1.15.0\STM32CubeIDE\plugins\com.st.stm32cube.common.mx_6.11.0.202403141607
2024-05-22 12:10:28,817 [INFO] ThirdPartyUpdaterWithRetryManager:70 - Updater plugin not ready yet. [4/15]
2024-05-22 12:10:30,091 [ERROR] LogOutputStream:75 - [STDERR_REDIRECT] May 22, 2024 12:10:30 PM java.util.prefs.WindowsPreferences <init>
2024-05-22 12:10:30,091 [ERROR] LogOutputStream:75 - [STDERR_REDIRECT] WARNING: Could not open/create prefs root node Software\JavaSoft\Prefs at root 0xffffffff80000002. Windows RegCreateKeyEx(...) returned error code 5.
2024-05-22 12:10:30,091 [ERROR] LogOutputStream:75 - [STDERR_REDIRECT] 
2024-05-22 12:10:31,168 [INFO] MainUpdater:2873 - connection check result : 10
2024-05-22 12:10:31,175 [INFO] MainUpdater:290 - Updater Check For Update Now.
2024-05-22 12:10:31,175 [INFO] MicroXplorer:498 - Change Database Version : DB.6.0.110
2024-05-22 12:10:31,212 [INFO] McuFinderGlobals:63 - Set McuFinder mode to 2 (CubeIDE integrated)
2024-05-22 12:10:31,241 [INFO] UserAuth:415 - Internet connection configuration mode: 1
2024-05-22 12:10:31,320 [INFO] JxBrowserEngine:152 - Initiate JxBrowser Engine with user profile folder
2024-05-22 12:10:31,626 [INFO] CheckServerUpdateThread:120 - End of CheckServer Thread
2024-05-22 12:10:32,471 [WARN] PackLoader:240 - Cannot read IP mode file for STMicroelectronics.FP-SNS-MOTENVWB1.1.4.0
2024-05-22 12:10:32,527 [WARN] PackLoader:240 - Cannot read IP mode file for STMicroelectronics.X-CUBE-SMBUS.2.1.0
2024-05-22 12:10:32,561 [WARN] PackLoader:240 - Cannot read IP mode file for STMicroelectronics.X-CUBE-TOUCHGFX.4.23.2
2024-05-22 12:10:32,719 [WARN] PackLoader:240 - Cannot read IP mode file for STMicroelectronics.X-CUBE-AZRTOS-F7.1.1.0
2024-05-22 12:10:32,762 [WARN] PackLoader:240 - Cannot read IP mode file for STMicroelectronics.FP-SNS-FLIGHT1.5.0.2
2024-05-22 12:10:32,810 [WARN] PackLoader:240 - Cannot read IP mode file for STMicroelectronics.X-CUBE-DISPLAY.3.0.0
2024-05-22 12:10:32,890 [WARN] PackLoader:240 - Cannot read IP mode file for STMicroelectronics.X-CUBE-BLE1.7.0.0
2024-05-22 12:10:32,921 [WARN] PackLoader:240 - Cannot read IP mode file for emotas.I-CUBE-CANOPEN.1.3.0
2024-05-22 12:10:32,985 [WARN] PackLoader:240 - Cannot read IP mode file for STMicroelectronics.X-CUBE-BLEMGR.3.1.0
2024-05-22 12:10:33,034 [WARN] PackLoader:240 - Cannot read IP mode file for STMicroelectronics.FP-SNS-SMARTAG2.1.2.0
2024-05-22 12:10:33,112 [INFO] LogOutputStream:77 - [STDOUT_REDIRECT] 1 : Invalid condition id : UX_CORESTACK_Condition cause : null
2024-05-22 12:10:33,112 [INFO] LogOutputStream:77 - [STDOUT_REDIRECT] 1 : Invalid condition id : UX_CORESTACK_Condition cause : null
2024-05-22 12:10:33,119 [INFO] LogOutputStream:77 - [STDOUT_REDIRECT] 1 : Invalid condition id : UX_CORESTACK_Condition cause : null
2024-05-22 12:10:33,119 [INFO] LogOutputStream:77 - [STDOUT_REDIRECT] 1 : Invalid condition id : UX_CORESTACK_Condition cause : null
2024-05-22 12:10:33,128 [INFO] LogOutputStream:77 - [STDOUT_REDIRECT] 1 : Invalid condition id : UX_CORESTACK_Condition cause : null
2024-05-22 12:10:33,139 [WARN] PackLoader:240 - Cannot read IP mode file for STMicroelectronics.X-CUBE-AZRTOS-WL.2.0.0
2024-05-22 12:10:33,171 [WARN] PackLoader:240 - Cannot read IP mode file for STMicroelectronics.FP-SNS-MOTENV1.5.0.0
2024-05-22 12:10:33,240 [WARN] PackLoader:240 - Cannot read IP mode file for WES.I-CUBE-Cesium.1.3.0
2024-05-22 12:10:33,280 [WARN] PackLoader:240 - Cannot read IP mode file for STMicroelectronics.X-CUBE-BLE2.3.3.0
2024-05-22 12:10:33,320 [WARN] PackLoader:240 - Cannot read IP mode file for STMicroelectronics.X-CUBE-TCPP.4.1.0
2024-05-22 12:10:33,358 [WARN] PackLoader:240 - Cannot read IP mode file for STMicroelectronics.X-CUBE-ALGOBUILD.1.3.0
2024-05-22 12:10:33,446 [WARN] PackLoader:240 - Cannot read IP mode file for STMicroelectronics.X-CUBE-AZRTOS-G0.1.1.0
2024-05-22 12:10:33,477 [WARN] PackLoader:240 - Cannot read IP mode file for STMicroelectronics.X-CUBE-SAFEA1.1.2.2
2024-05-22 12:10:33,524 [WARN] PackLoader:240 - Cannot read IP mode file for STMicroelectronics.X-CUBE-NFC4.3.0.0
2024-05-22 12:10:33,556 [WARN] PackLoader:240 - Cannot read IP mode file for wolfSSL.I-CUBE-wolfSSL.5.7.0
2024-05-22 12:10:33,587 [WARN] PackLoader:240 - Cannot read IP mode file for STMicroelectronics.FP-ATR-SIGFOX1.3.2.0
2024-05-22 12:10:33,619 [WARN] PackLoader:240 - Cannot read IP mode file for STMicroelectronics.X-CUBE-EEPRMA1.5.1.0
2024-05-22 12:10:33,672 [WARN] PackLoader:240 - Cannot read IP mode file for ITTIA_DB.I-CUBE-ITTIADB.8.9.0
2024-05-22 12:10:33,793 [WARN] PackLoader:240 - Cannot read IP mode file for SEGGER.I-CUBE-embOS.1.3.1
2024-05-22 12:10:34,010 [WARN] PackLoader:240 - Cannot read IP mode file for STMicroelectronics.X-CUBE-ALGOBUILD.1.4.0
2024-05-22 12:10:34,056 [WARN] PackLoader:240 - Cannot read IP mode file for STMicroelectronics.X-CUBE-GNSS1.6.0.0
2024-05-22 12:10:34,186 [WARN] PackLoader:240 - Cannot read IP mode file for STMicroelectronics.X-CUBE-AZRTOS-F4.1.1.0
2024-05-22 12:10:34,308 [WARN] PackLoader:240 - Cannot read IP mode file for STMicroelectronics.X-CUBE-FREERTOS.1.2.0
2024-05-22 12:10:34,398 [WARN] PackLoader:240 - Cannot read IP mode file for STMicroelectronics.X-CUBE-AZRTOS-L5.2.0.0
2024-05-22 12:10:34,446 [WARN] PackLoader:240 - Cannot read IP mode file for STMicroelectronics.X-CUBE-NFC6.3.1.0
2024-05-22 12:10:34,479 [WARN] PackLoader:240 - Cannot read IP mode file for STMicroelectronics.X-CUBE-AI.9.0.0
2024-05-22 12:10:34,508 [WARN] PackLoader:240 - Cannot read IP mode file for STMicroelectronics.X-CUBE-NFC7.1.0.1
2024-05-22 12:10:34,535 [WARN] PackLoader:240 - Cannot read IP mode file for STMicroelectronics.X-CUBE-AI.8.1.0
2024-05-22 12:10:34,609 [WARN] ConditionMgr:438 - getConditionDescription Invalid condition id : LAN8742 Phy interface Condition cause : null
2024-05-22 12:10:34,609 [WARN] PackLoader:240 - Cannot read IP mode file for STMicroelectronics.X-CUBE-AZRTOS-L4.2.0.0
2024-05-22 12:10:34,609 [WARN] ConditionMgr:1039 - genDependencies : Invalid condition id : LAN8742 Phy interface Condition cause : null
2024-05-22 12:10:34,609 [WARN] ConditionMgr:1039 - genDependencies : Invalid condition id : LAN8742 Phy interface Condition cause : null
2024-05-22 12:10:34,618 [WARN] ConditionMgr:1039 - genDependencies : Invalid condition id : LAN8742 Phy interface Condition cause : null
2024-05-22 12:10:34,658 [WARN] PackLoader:240 - Cannot read IP mode file for STMicroelectronics.X-CUBE-SFXS2LP1.4.0.0
2024-05-22 12:10:34,738 [WARN] ConditionMgr:438 - getConditionDescription Invalid condition id : UX DEVICE CLASS RTOS Condition cause : null
2024-05-22 12:10:34,738 [WARN] ConditionMgr:438 - getConditionDescription Invalid condition id : UX DEVICE CLASS RTOS Condition cause : null
2024-05-22 12:10:34,741 [WARN] PackLoader:240 - Cannot read IP mode file for STMicroelectronics.X-CUBE-AZRTOS-WB.2.0.0
2024-05-22 12:10:34,747 [WARN] ConditionMgr:1039 - genDependencies : Invalid condition id : UX DEVICE CLASS RTOS Condition cause : null
2024-05-22 12:10:34,747 [WARN] ConditionMgr:1039 - genDependencies : Invalid condition id : UX DEVICE CLASS RTOS Condition cause : null
2024-05-22 12:10:34,747 [WARN] ConditionMgr:1039 - genDependencies : Invalid condition id : UX DEVICE CLASS RTOS Condition cause : null
2024-05-22 12:10:34,747 [WARN] ConditionMgr:1039 - genDependencies : Invalid condition id : UX DEVICE CLASS RTOS Condition cause : null
2024-05-22 12:10:34,747 [WARN] ConditionMgr:1039 - genDependencies : Invalid condition id : UX DEVICE CLASS RTOS Condition cause : null
2024-05-22 12:10:34,803 [WARN] PackLoader:240 - Cannot read IP mode file for STMicroelectronics.X-CUBE-SUBG2.5.0.0
2024-05-22 12:10:34,884 [WARN] PackLoader:240 - Cannot read IP mode file for STMicroelectronics.X-CUBE-AZRTOS-G4.2.0.0
2024-05-22 12:10:34,926 [WARN] PackLoader:240 - Cannot read IP mode file for STMicroelectronics.FP-SNS-MOTENVWB1.1.3.1
2024-05-22 12:10:34,950 [WARN] PackLoader:240 - Cannot read IP mode file for STMicroelectronics.X-CUBE-ISPU.2.0.0
2024-05-22 12:10:34,981 [WARN] PackLoader:240 - Cannot read IP mode file for STMicroelectronics.X-CUBE-ALS.1.0.2
2024-05-22 12:10:35,160 [WARN] PackLoader:240 - Cannot read IP mode file for STMicroelectronics.X-CUBE-MEMS1.10.0.0
2024-05-22 12:10:35,561 [WARN] PackLoader:240 - Cannot read IP mode file for STMicroelectronics.X-CUBE-FREERTOS.1.1.0
2024-05-22 12:10:35,603 [WARN] PackLoader:240 - Cannot read IP mode file for portGmbH.I-Cube-SoM-uGOAL.1.1.0
2024-05-22 12:10:35,635 [WARN] PackLoader:240 - Cannot read IP mode file for STMicroelectronics.X-CUBE-ALS.1.0.1
2024-05-22 12:10:35,727 [WARN] PackLoader:240 - Cannot read IP mode file for STMicroelectronics.X-CUBE-AZRTOS-H7RS.1.0.0
2024-05-22 12:10:35,761 [WARN] PackLoader:240 - Cannot read IP mode file for STMicroelectronics.FP-ATR-ASTRA1.2.0.0
2024-05-22 12:10:35,828 [WARN] PackLoader:240 - Cannot read IP mode file for STMicroelectronics.X-CUBE-TOF1.3.4.1
2024-05-22 12:10:35,945 [WARN] PackLoader:240 - Cannot read IP mode file for STMicroelectronics.X-CUBE-AZRTOS-H7.3.2.0
2024-05-22 12:10:36,020 [WARN] PackLoader:240 - Cannot read IP mode file for Infineon.AIROC-Wi-Fi-Bluetooth-STM32.1.6.0
2024-05-22 12:10:36,035 [INFO] ThirdParty:978 - Integrity check success = true
2024-05-22 12:10:36,035 [INFO] IntegrityCheckThread:100 - exiting critical section [integrity check]
2024-05-22 12:10:36,035 [INFO] IntegrityCheckThread:103 - End integrity checks thread
2024-05-22 12:10:43,544 [INFO] WebApp:161 - Instantiating new browser for Auth
2024-05-22 12:10:45,021 [INFO] WebApp:779 - Register for checkConnection events
2024-05-22 12:10:45,021 [INFO] WebApp:414 - Apply proxy settings
2024-05-22 12:10:45,021 [INFO] WebApp:499 - Chromium requires no authentication
2024-05-22 12:10:45,046 [INFO] WebApp:442 - Direct internet connection detected
2024-05-22 12:10:45,633 [INFO] WebApp:192 - Starting web application
2024-05-22 12:10:45,633 [INFO] WebApp:544 - Web application path used C:\ST\STM32CubeIDE_1.15.0\STM32CubeIDE\plugins\com.st.stm32cube.common.mx_6.11.0.202403141607\db\plugins\mcufinder\reactClient1\index.html
