2024-05-20 22:36:10,420 [INFO] Activator:176 - 


2024-05-20 22:36:10,442 [INFO] Activator:177 - !SESSION log4j initialized
2024-05-20 22:36:29,084 [INFO] LogOutputStream:77 - [STDOUT_REDIRECT] 
2024-05-20 22:36:40,552 [INFO] ApplicationProperties:184 - Using Application install path: C:\ST\STM32CubeIDE_1.15.0\STM32CubeIDE\plugins\com.st.stm32cube.common.mx_6.11.0.202403141607
2024-05-20 22:36:40,632 [INFO] DbMcusXml:78 - Set database path to: C:\ST\STM32CubeIDE_1.15.0\STM32CubeIDE\plugins\com.st.stm32cube.common.mx_6.11.0.202403141607\\db\/mcu/
2024-05-20 22:36:40,633 [INFO] ApiDb:274 - Set plugin database path to: C:\ST\STM32CubeIDE_1.15.0\STM32CubeIDE\plugins\com.st.stm32cube.common.mx_6.11.0.202403141607\\db\/plugins/boardmanager/
2024-05-20 22:36:40,634 [WARN] ApiDb:259 - Overriding images path with different value:  => C:\ST\STM32CubeIDE_1.15.0\STM32CubeIDE\plugins\com.st.stm32cube.common.mx_6.11.0.202403141607\\db\/plugins/mcufinder/images/
2024-05-20 22:36:40,663 [INFO] ApiDb:250 - Set database path to: C:\Users\julia\.stmcufinder\plugins\mcufinder//mcu/
2024-05-20 22:36:40,668 [INFO] DbMcusAds:125 - Set database path to: C:\Users\julia\.stmcufinder\plugins\mcufinder//mcu/
2024-05-20 22:36:40,728 [INFO] CrossReferenceDbSqlite:203 - Set database path to: C:\Users\julia\.stmcufinder\plugins\mcufinder//mcu/cs/
2024-05-20 22:36:41,188 [INFO] RulesReader:64 - Compatibility file has been processed (297 Rules)
2024-05-20 22:36:41,503 [INFO] DbMcusXml:78 - Set database path to: C:\ST\STM32CubeIDE_1.15.0\STM32CubeIDE\plugins\com.st.stm32cube.common.mx_6.11.0.202403141607\\db\/mcu/
2024-05-20 22:36:41,504 [INFO] ApiDb:274 - Set plugin database path to: C:\ST\STM32CubeIDE_1.15.0\STM32CubeIDE\plugins\com.st.stm32cube.common.mx_6.11.0.202403141607\\db\/plugins/boardmanager/
2024-05-20 22:36:41,505 [INFO] ApiDb:261 - Set plugin images path to: C:\ST\STM32CubeIDE_1.15.0\STM32CubeIDE\plugins\com.st.stm32cube.common.mx_6.11.0.202403141607\\db\/plugins/mcufinder/images/
2024-05-20 22:36:41,506 [WARN] DbFile:41 - Overriding database path with different value: C:\Users\julia\.stmcufinder\plugins\mcufinder/ => C:\Users\julia\.stmcufinder\plugins\mcufinder
2024-05-20 22:36:41,506 [INFO] ApiDb:250 - Set database path to: C:\Users\julia\.stmcufinder\plugins\mcufinder//mcu/
2024-05-20 22:36:41,506 [WARN] DbFile:41 - Overriding database path with different value: C:\Users\julia\.stmcufinder\plugins\mcufinder/ => C:\Users\julia\.stmcufinder\plugins\mcufinder
2024-05-20 22:36:41,507 [INFO] DbMcusAds:125 - Set database path to: C:\Users\julia\.stmcufinder\plugins\mcufinder//mcu/
2024-05-20 22:36:41,507 [WARN] DbFile:41 - Overriding database path with different value: C:\Users\julia\.stmcufinder\plugins\mcufinder/ => C:\Users\julia\.stmcufinder\plugins\mcufinder
2024-05-20 22:36:41,508 [WARN] DbFile:41 - Overriding database path with different value: C:\Users\julia\.stmcufinder\plugins\mcufinder/ => C:\Users\julia\.stmcufinder\plugins\mcufinder
2024-05-20 22:36:41,508 [INFO] CrossReferenceDbSqlite:203 - Set database path to: C:\Users\julia\.stmcufinder\plugins\mcufinder//mcu/cs/
2024-05-20 22:36:41,787 [INFO] MainPanel:264 - HeapMemory: 268435456
2024-05-20 22:36:42,126 [INFO] DbMcusXml:78 - Set database path to: C:\ST\STM32CubeIDE_1.15.0\STM32CubeIDE\plugins\com.st.stm32cube.common.mx_6.11.0.202403141607\\db\/mcu/
2024-05-20 22:36:42,126 [INFO] ApiDb:274 - Set plugin database path to: C:\ST\STM32CubeIDE_1.15.0\STM32CubeIDE\plugins\com.st.stm32cube.common.mx_6.11.0.202403141607\\db\/plugins/boardmanager/
2024-05-20 22:36:42,127 [INFO] ApiDb:261 - Set plugin images path to: C:\ST\STM32CubeIDE_1.15.0\STM32CubeIDE\plugins\com.st.stm32cube.common.mx_6.11.0.202403141607\\db\/plugins/mcufinder/images/
2024-05-20 22:36:42,129 [WARN] DbFile:41 - Overriding database path with different value: C:\Users\julia\.stmcufinder\plugins\mcufinder/ => C:\Users\julia\.stmcufinder\plugins\mcufinder
2024-05-20 22:36:42,129 [INFO] ApiDb:250 - Set database path to: C:\Users\julia\.stmcufinder\plugins\mcufinder//mcu/
2024-05-20 22:36:42,129 [WARN] DbFile:41 - Overriding database path with different value: C:\Users\julia\.stmcufinder\plugins\mcufinder/ => C:\Users\julia\.stmcufinder\plugins\mcufinder
2024-05-20 22:36:42,130 [INFO] DbMcusAds:125 - Set database path to: C:\Users\julia\.stmcufinder\plugins\mcufinder//mcu/
2024-05-20 22:36:42,130 [WARN] DbFile:41 - Overriding database path with different value: C:\Users\julia\.stmcufinder\plugins\mcufinder/ => C:\Users\julia\.stmcufinder\plugins\mcufinder
2024-05-20 22:36:42,131 [WARN] DbFile:41 - Overriding database path with different value: C:\Users\julia\.stmcufinder\plugins\mcufinder/ => C:\Users\julia\.stmcufinder\plugins\mcufinder
2024-05-20 22:36:42,131 [INFO] CrossReferenceDbSqlite:203 - Set database path to: C:\Users\julia\.stmcufinder\plugins\mcufinder//mcu/cs/
2024-05-20 22:36:42,195 [INFO] ApplicationProperties:184 - Using Application install path: C:\ST\STM32CubeIDE_1.15.0\STM32CubeIDE\plugins\com.st.stm32cube.common.mx_6.11.0.202403141607
2024-05-20 22:36:42,201 [INFO] PluginManage:196 - Search for loadable plugins [exclusion list=, ]
2024-05-20 22:36:42,206 [INFO] PluginManage:310 - Check plugin analytics
2024-05-20 22:36:47,799 [INFO] AnalyticsPlugin:253 - Accepted Software Licenses: 
2024-05-20 22:36:47,800 [INFO] AnalyticsPlugin:255 - Accepted CMSIS Pack Licenses: 
2024-05-20 22:36:47,801 [INFO] AnalyticsPlugin:257 - Accepted Firmware Licenses: FW.L4.1.18.0,FW.F4.1.28.0
2024-05-20 22:36:47,809 [INFO] PluginManage:359 - Loaded plugin analytics (category:tool,tabindex:-1)
2024-05-20 22:36:47,810 [INFO] PluginManage:310 - Check plugin cadmodel
2024-05-20 22:36:47,848 [INFO] CADModel:105 - Init CAD model plugin
2024-05-20 22:36:47,849 [INFO] PluginManage:359 - Loaded plugin cadmodel (category:power,tabindex:5)
2024-05-20 22:36:47,850 [INFO] PluginManage:310 - Check plugin clock
2024-05-20 22:36:47,902 [INFO] PluginManage:359 - Loaded plugin clock (category:base,tabindex:2)
2024-05-20 22:36:47,902 [INFO] PluginManage:310 - Check plugin ddr
2024-05-20 22:36:47,912 [INFO] PluginManage:359 - Loaded plugin ddr (category:tool,tabindex:6)
2024-05-20 22:36:47,913 [INFO] PluginManage:310 - Check plugin filemanager
2024-05-20 22:36:48,413 [INFO] PluginManage:359 - Loaded plugin filemanager (category:base,tabindex:10)
2024-05-20 22:36:48,413 [INFO] PluginManage:310 - Check plugin ipmanager
2024-05-20 22:36:48,431 [INFO] PluginManage:359 - Loaded plugin ipmanager (category:base,tabindex:5)
2024-05-20 22:36:48,431 [INFO] PluginManage:310 - Check plugin lpbam
2024-05-20 22:36:48,469 [INFO] PluginManage:359 - Loaded plugin lpbam (category:base,tabindex:0)
2024-05-20 22:36:48,469 [INFO] PluginManage:310 - Check plugin memorymap
2024-05-20 22:36:48,531 [INFO] PluginManage:359 - Loaded plugin memorymap (category:base,tabindex:4)
2024-05-20 22:36:48,531 [INFO] PluginManage:310 - Check plugin pinoutandconfiguration
2024-05-20 22:36:48,581 [INFO] PluginManage:359 - Loaded plugin pinoutandconfiguration (category:base,tabindex:1)
2024-05-20 22:36:48,581 [INFO] PluginManage:310 - Check plugin pinoutconfig
2024-05-20 22:36:49,030 [WARN] SupportedApi:132 - Cannot load RTOS API schema: s4s-elt-must-match.1: The content of 'definitions' must match (annotation?, (simpleType | complexType)?, (unique | key | keyref)*)). A problem was found starting at: attribute.
2024-05-20 22:36:49,502 [INFO] PluginManage:359 - Loaded plugin pinoutconfig (category:base,tabindex:0)
2024-05-20 22:36:49,504 [INFO] PluginManage:310 - Check plugin power
2024-05-20 22:36:49,565 [INFO] PluginManage:359 - Loaded plugin power (category:power,tabindex:4)
2024-05-20 22:36:49,566 [INFO] PluginManage:310 - Check plugin projectmanager
2024-05-20 22:36:49,623 [INFO] PluginManage:359 - Loaded plugin projectmanager (category:projectmanager,tabindex:3)
2024-05-20 22:36:49,623 [INFO] PluginManage:310 - Check plugin thirdparty
2024-05-20 22:36:50,451 [INFO] PluginManage:359 - Loaded plugin thirdparty (category:base,tabindex:-1)
2024-05-20 22:36:50,451 [WARN] IntegrityCheckThread:84 - waiting for thirdparty lock release [integrity check]
2024-05-20 22:36:50,451 [INFO] PluginManage:310 - Check plugin tools
2024-05-20 22:36:50,452 [INFO] IntegrityCheckThread:86 - entering critical section [integrity check]
2024-05-20 22:36:50,454 [INFO] ThirdPartyUpdaterWithRetryManager:70 - Updater plugin not ready yet. [1/15]
2024-05-20 22:36:50,559 [INFO] PluginManage:359 - Loaded plugin tools (category:base,tabindex:7)
2024-05-20 22:36:50,560 [INFO] PluginManage:310 - Check plugin tutovideos
2024-05-20 22:36:51,226 [INFO] PluginManage:359 - Loaded plugin tutovideos (category:base,tabindex:-1)
2024-05-20 22:36:51,227 [INFO] PluginManage:310 - Check plugin updater
2024-05-20 22:36:51,260 [INFO] PluginManage:359 - Loaded plugin updater (category:base,tabindex:12)
2024-05-20 22:36:51,260 [INFO] PluginManage:310 - Check plugin userauth
2024-05-20 22:36:51,277 [INFO] UserAuth:114 - Init User Auth plugin
2024-05-20 22:36:51,277 [INFO] PluginManage:359 - Loaded plugin userauth (category:base,tabindex:14)
2024-05-20 22:36:51,280 [INFO] PluginManage:283 - PluginManage : Loaded plugins [17]
2024-05-20 22:36:51,999 [INFO] PinOutPanel:1561 - setPackage(No Configuration,No Configuration)
2024-05-20 22:36:52,250 [INFO] CADModel:165 - CPN selected for project level
2024-05-20 22:36:52,250 [INFO] CADModel:114 - Register for checkConnection events
2024-05-20 22:36:52,337 [INFO] IPUIPlugin:80 - create IPUIPlugin
2024-05-20 22:36:52,337 [INFO] PluginManager:220 - loadIPPluginJar : add adc
2024-05-20 22:36:52,447 [INFO] IPUIPlugin:80 - create IPUIPlugin
2024-05-20 22:36:52,447 [INFO] PluginManager:220 - loadIPPluginJar : add aes
2024-05-20 22:36:52,573 [INFO] IPUIPlugin:80 - create IPUIPlugin
2024-05-20 22:36:52,573 [INFO] PluginManager:220 - loadIPPluginJar : add can
2024-05-20 22:36:52,644 [INFO] IPUIPlugin:80 - create IPUIPlugin
2024-05-20 22:36:52,645 [INFO] PluginManager:220 - loadIPPluginJar : add comp
2024-05-20 22:36:52,742 [INFO] IPUIPlugin:80 - create IPUIPlugin
2024-05-20 22:36:52,742 [INFO] PluginManager:220 - loadIPPluginJar : add cryp
2024-05-20 22:36:52,832 [INFO] IPUIPlugin:80 - create IPUIPlugin
2024-05-20 22:36:52,833 [INFO] PluginManager:220 - loadIPPluginJar : add dfsdm
2024-05-20 22:36:52,871 [INFO] IPUIPlugin:80 - create IPUIPlugin
2024-05-20 22:36:52,872 [INFO] PluginManager:220 - loadIPPluginJar : add dma
2024-05-20 22:36:53,011 [INFO] IPUIPlugin:80 - create IPUIPlugin
2024-05-20 22:36:53,011 [INFO] PluginManager:220 - loadIPPluginJar : add dma3
2024-05-20 22:36:53,155 [INFO] IPUIPlugin:80 - create IPUIPlugin
2024-05-20 22:36:53,155 [INFO] PluginManager:220 - loadIPPluginJar : add extmemmanager
2024-05-20 22:36:53,214 [INFO] IPUIPlugin:80 - create IPUIPlugin
2024-05-20 22:36:53,214 [INFO] PluginManager:220 - loadIPPluginJar : add fatfs
2024-05-20 22:36:53,358 [INFO] IPUIPlugin:80 - create IPUIPlugin
2024-05-20 22:36:53,358 [INFO] PluginManager:220 - loadIPPluginJar : add fmc
2024-05-20 22:36:53,402 [INFO] IPUIPlugin:80 - create IPUIPlugin
2024-05-20 22:36:53,403 [INFO] PluginManager:220 - loadIPPluginJar : add freertos
2024-05-20 22:36:53,454 [INFO] ThirdPartyUpdaterWithRetryManager:70 - Updater plugin not ready yet. [2/15]
2024-05-20 22:36:53,466 [INFO] IPUIPlugin:80 - create IPUIPlugin
2024-05-20 22:36:53,466 [INFO] PluginManager:220 - loadIPPluginJar : add genericplugin
2024-05-20 22:36:53,768 [INFO] IPUIPlugin:80 - create IPUIPlugin
2024-05-20 22:36:53,769 [INFO] PluginManager:220 - loadIPPluginJar : add gfxmmu
2024-05-20 22:36:54,184 [INFO] IPUIPlugin:80 - create IPUIPlugin
2024-05-20 22:36:54,185 [INFO] PluginManager:220 - loadIPPluginJar : add gic
2024-05-20 22:36:54,218 [INFO] IPUIPlugin:80 - create IPUIPlugin
2024-05-20 22:36:54,218 [INFO] PluginManager:220 - loadIPPluginJar : add gpio
2024-05-20 22:36:54,504 [INFO] IPUIPlugin:80 - create IPUIPlugin
2024-05-20 22:36:54,504 [INFO] PluginManager:220 - loadIPPluginJar : add gtzc
2024-05-20 22:36:54,603 [INFO] IPUIPlugin:80 - create IPUIPlugin
2024-05-20 22:36:54,604 [INFO] PluginManager:220 - loadIPPluginJar : add hash
2024-05-20 22:36:54,767 [INFO] IPUIPlugin:80 - create IPUIPlugin
2024-05-20 22:36:54,767 [INFO] PluginManager:220 - loadIPPluginJar : add i2c
2024-05-20 22:36:54,891 [INFO] IPUIPlugin:80 - create IPUIPlugin
2024-05-20 22:36:54,892 [INFO] PluginManager:220 - loadIPPluginJar : add i2s
2024-05-20 22:36:55,017 [INFO] IPUIPlugin:80 - create IPUIPlugin
2024-05-20 22:36:55,018 [INFO] PluginManager:220 - loadIPPluginJar : add i3c
2024-05-20 22:36:55,340 [INFO] IPUIPlugin:80 - create IPUIPlugin
2024-05-20 22:36:55,340 [INFO] PluginManager:220 - loadIPPluginJar : add ipddr
2024-05-20 22:36:55,632 [INFO] IPUIPlugin:80 - create IPUIPlugin
2024-05-20 22:36:55,632 [INFO] PluginManager:220 - loadIPPluginJar : add linkedlist
2024-05-20 22:36:55,740 [INFO] IPUIPlugin:80 - create IPUIPlugin
2024-05-20 22:36:55,740 [INFO] PluginManager:220 - loadIPPluginJar : add lorawan
2024-05-20 22:36:55,852 [INFO] IPUIPlugin:80 - create IPUIPlugin
2024-05-20 22:36:55,853 [INFO] PluginManager:220 - loadIPPluginJar : add ltdc
2024-05-20 22:36:55,894 [INFO] IPUIPlugin:80 - create IPUIPlugin
2024-05-20 22:36:55,894 [INFO] PluginManager:220 - loadIPPluginJar : add mdma
2024-05-20 22:36:55,930 [INFO] IPUIPlugin:80 - create IPUIPlugin
2024-05-20 22:36:55,931 [INFO] PluginManager:220 - loadIPPluginJar : add nvic
2024-05-20 22:36:56,035 [INFO] IPUIPlugin:80 - create IPUIPlugin
2024-05-20 22:36:56,036 [INFO] PluginManager:220 - loadIPPluginJar : add opamp
2024-05-20 22:36:56,224 [INFO] IPUIPlugin:80 - create IPUIPlugin
2024-05-20 22:36:56,224 [INFO] PluginManager:220 - loadIPPluginJar : add openamp
2024-05-20 22:36:56,362 [INFO] IPUIPlugin:80 - create IPUIPlugin
2024-05-20 22:36:56,362 [INFO] PluginManager:220 - loadIPPluginJar : add pdm2pcm
2024-05-20 22:36:56,401 [INFO] IPUIPlugin:80 - create IPUIPlugin
2024-05-20 22:36:56,409 [INFO] PluginManager:220 - loadIPPluginJar : add plateformsettings
2024-05-20 22:36:56,455 [INFO] ThirdPartyUpdaterWithRetryManager:70 - Updater plugin not ready yet. [3/15]
2024-05-20 22:36:56,481 [INFO] IPUIPlugin:80 - create IPUIPlugin
2024-05-20 22:36:56,481 [INFO] PluginManager:220 - loadIPPluginJar : add quadspi
2024-05-20 22:36:56,510 [INFO] IPUIPlugin:80 - create IPUIPlugin
2024-05-20 22:36:56,510 [INFO] PluginManager:220 - loadIPPluginJar : add resmgrutility
2024-05-20 22:36:56,661 [INFO] IPUIPlugin:80 - create IPUIPlugin
2024-05-20 22:36:56,662 [INFO] PluginManager:220 - loadIPPluginJar : add sai
2024-05-20 22:36:56,777 [INFO] IPUIPlugin:80 - create IPUIPlugin
2024-05-20 22:36:56,777 [INFO] PluginManager:220 - loadIPPluginJar : add spi
2024-05-20 22:36:57,008 [INFO] IPUIPlugin:80 - create IPUIPlugin
2024-05-20 22:36:57,008 [INFO] PluginManager:220 - loadIPPluginJar : add stm32_wpan
2024-05-20 22:36:57,079 [INFO] IPUIPlugin:80 - create IPUIPlugin
2024-05-20 22:36:57,079 [INFO] PluginManager:220 - loadIPPluginJar : add tim
2024-05-20 22:36:57,268 [INFO] IPUIPlugin:80 - create IPUIPlugin
2024-05-20 22:36:57,269 [INFO] PluginManager:220 - loadIPPluginJar : add touchsensing
2024-05-20 22:36:57,341 [INFO] IPUIPlugin:80 - create IPUIPlugin
2024-05-20 22:36:57,341 [INFO] PluginManager:220 - loadIPPluginJar : add tracer_emb
2024-05-20 22:36:57,409 [INFO] IPUIPlugin:80 - create IPUIPlugin
2024-05-20 22:36:57,409 [INFO] PluginManager:220 - loadIPPluginJar : add ts
2024-05-20 22:36:57,476 [INFO] IPUIPlugin:80 - create IPUIPlugin
2024-05-20 22:36:57,476 [INFO] PluginManager:220 - loadIPPluginJar : add tsc
2024-05-20 22:36:57,546 [INFO] IPUIPlugin:80 - create IPUIPlugin
2024-05-20 22:36:57,546 [INFO] PluginManager:220 - loadIPPluginJar : add ucpd
2024-05-20 22:36:57,688 [INFO] IPUIPlugin:80 - create IPUIPlugin
2024-05-20 22:36:57,688 [INFO] PluginManager:220 - loadIPPluginJar : add usart
2024-05-20 22:36:57,831 [INFO] IPUIPlugin:80 - create IPUIPlugin
2024-05-20 22:36:57,832 [INFO] PluginManager:220 - loadIPPluginJar : add usbx
2024-05-20 22:36:58,098 [INFO] CADModel:165 - CPN selected for project level
2024-05-20 22:36:58,098 [INFO] CADModel:114 - Register for checkConnection events
2024-05-20 22:36:58,099 [FATAL] Updater:308 - Updater called before beeing initialized
2024-05-20 22:36:58,099 [ERROR] CADModel:125 - Updater not yet initialized, retry later 
2024-05-20 22:36:58,569 [INFO] CADModel:165 - CPN selected for project level
2024-05-20 22:36:58,569 [INFO] CADModel:114 - Register for checkConnection events
2024-05-20 22:36:58,570 [FATAL] Updater:308 - Updater called before beeing initialized
2024-05-20 22:36:58,570 [ERROR] CADModel:125 - Updater not yet initialized, retry later 
2024-05-20 22:36:58,582 [FATAL] Updater:308 - Updater called before beeing initialized
2024-05-20 22:36:58,956 [FATAL] Updater:308 - Updater called before beeing initialized
2024-05-20 22:36:58,989 [INFO] DbMcusAds:53 - JSON generation date=Thu May 02 01:37:29 PDT 2024 (1714639049318)
2024-05-20 22:36:58,989 [FATAL] Updater:308 - Updater called before beeing initialized
2024-05-20 22:36:59,180 [WARN] DetailPanel:346 - Failed to get advertising image, set to default
2024-05-20 22:36:59,456 [INFO] ThirdPartyUpdaterWithRetryManager:70 - Updater plugin not ready yet. [4/15]
2024-05-20 22:36:59,480 [FATAL] Updater:308 - Updater called before beeing initialized
2024-05-20 22:36:59,485 [FATAL] Updater:308 - Updater called before beeing initialized
2024-05-20 22:36:59,485 [FATAL] Updater:308 - Updater called before beeing initialized
2024-05-20 22:36:59,485 [WARN] DetailPanel:346 - Failed to get advertising image, set to default
2024-05-20 22:36:59,489 [FATAL] Updater:308 - Updater called before beeing initialized
2024-05-20 22:36:59,707 [ERROR] Updater:1120 - MainUpdater not yet initialized. External WinMGr cannot be set.
2024-05-20 22:36:59,743 [INFO] Updater:1056 - Updater Version found : 6.11.0
2024-05-20 22:36:59,806 [INFO] ApplicationProperties:184 - Using Application install path: C:\ST\STM32CubeIDE_1.15.0\STM32CubeIDE\plugins\com.st.stm32cube.common.mx_6.11.0.202403141607
2024-05-20 22:37:01,442 [ERROR] LogOutputStream:75 - [STDERR_REDIRECT] May 20, 2024 10:37:01 PM java.util.prefs.WindowsPreferences <init>
2024-05-20 22:37:01,447 [ERROR] LogOutputStream:75 - [STDERR_REDIRECT] WARNING: Could not open/create prefs root node Software\JavaSoft\Prefs at root 0xffffffff80000002. Windows RegCreateKeyEx(...) returned error code 5.
2024-05-20 22:37:01,448 [ERROR] LogOutputStream:75 - [STDERR_REDIRECT] 
2024-05-20 22:37:02,394 [INFO] MainUpdater:2873 - connection check result : 10
2024-05-20 22:37:02,395 [INFO] MainUpdater:3567 - Updater definition file requires update
2024-05-20 22:37:02,399 [INFO] MainUpdater:290 - Updater Check For Update Now.
2024-05-20 22:37:02,400 [INFO] MicroXplorer:498 - Change Database Version : DB.6.0.110
2024-05-20 22:37:02,458 [WARN] MainUpdater:1194 - Updater busy. Cannot search thirdparties
2024-05-20 22:37:02,459 [INFO] ThirdPartyUpdaterWithRetryManager:96 - Updater plugin is busy. [1/15]
2024-05-20 22:37:02,469 [INFO] McuFinderGlobals:63 - Set McuFinder mode to 2 (CubeIDE integrated)
2024-05-20 22:37:02,502 [INFO] UserAuth:415 - Internet connection configuration mode: 1
2024-05-20 22:37:02,575 [INFO] ServerAccessManage:473 - Download File updaters.zip
2024-05-20 22:37:02,585 [INFO] JxBrowserEngine:152 - Initiate JxBrowser Engine with user profile folder
2024-05-20 22:37:02,852 [INFO] FileExtend:240 - Unzip File : updaters.zip
2024-05-20 22:37:02,852 [INFO] FileExtend:255 - Standard Zip Deflate
2024-05-20 22:37:04,354 [INFO] ServerAccessManage:473 - Download File PacksControlFlags.xml
2024-05-20 22:37:04,629 [INFO] ServerAccessManage:473 - Download File cubemx.pidx
2024-05-20 22:37:05,461 [WARN] MainUpdater:1194 - Updater busy. Cannot search thirdparties
2024-05-20 22:37:05,470 [INFO] ThirdPartyUpdaterWithRetryManager:96 - Updater plugin is busy. [2/15]
2024-05-20 22:37:06,169 [INFO] ServerAccessManage:473 - Download File STMicroelectronics.X-CUBE-ALS.pdsc
2024-05-20 22:37:08,471 [WARN] MainUpdater:1194 - Updater busy. Cannot search thirdparties
2024-05-20 22:37:08,471 [INFO] ThirdPartyUpdaterWithRetryManager:96 - Updater plugin is busy. [3/15]
2024-05-20 22:37:10,075 [WARN] PackLoader:240 - Cannot read IP mode file for STMicroelectronics.X-CUBE-ALS.1.0.2
2024-05-20 22:37:10,080 [INFO] PopulateThirdPartyThread:66 - Ending populate Thread
2024-05-20 22:37:10,083 [INFO] ThirdParty:1030 - CMSIS Pack Vendor :STMicroelectronics X-CUBE-ALS 1.0.2
2024-05-20 22:37:10,084 [INFO] LoadServerUpdatesThread:375 - End of LoadServerUpdate Thread
2024-05-20 22:37:10,342 [INFO] CheckServerUpdateThread:120 - End of CheckServer Thread
2024-05-20 22:37:12,108 [WARN] PackLoader:240 - Cannot read IP mode file for STMicroelectronics.FP-SNS-MOTENVWB1.1.4.0
2024-05-20 22:37:12,163 [WARN] PackLoader:240 - Cannot read IP mode file for STMicroelectronics.X-CUBE-SMBUS.2.1.0
2024-05-20 22:37:12,192 [WARN] PackLoader:240 - Cannot read IP mode file for STMicroelectronics.X-CUBE-TOUCHGFX.4.23.2
2024-05-20 22:37:12,298 [WARN] PackLoader:240 - Cannot read IP mode file for STMicroelectronics.X-CUBE-AZRTOS-F7.1.1.0
2024-05-20 22:37:12,334 [WARN] PackLoader:240 - Cannot read IP mode file for STMicroelectronics.FP-SNS-FLIGHT1.5.0.2
2024-05-20 22:37:12,389 [WARN] PackLoader:240 - Cannot read IP mode file for STMicroelectronics.X-CUBE-DISPLAY.3.0.0
2024-05-20 22:37:12,444 [WARN] PackLoader:240 - Cannot read IP mode file for STMicroelectronics.X-CUBE-BLE1.7.0.0
2024-05-20 22:37:12,490 [WARN] PackLoader:240 - Cannot read IP mode file for emotas.I-CUBE-CANOPEN.1.3.0
2024-05-20 22:37:12,552 [WARN] PackLoader:240 - Cannot read IP mode file for STMicroelectronics.X-CUBE-BLEMGR.3.1.0
2024-05-20 22:37:12,601 [WARN] PackLoader:240 - Cannot read IP mode file for STMicroelectronics.FP-SNS-SMARTAG2.1.2.0
2024-05-20 22:37:12,662 [INFO] LogOutputStream:77 - [STDOUT_REDIRECT] 1 : Invalid condition id : UX_CORESTACK_Condition cause : null
2024-05-20 22:37:12,663 [INFO] LogOutputStream:77 - [STDOUT_REDIRECT] 1 : Invalid condition id : UX_CORESTACK_Condition cause : null
2024-05-20 22:37:12,669 [INFO] LogOutputStream:77 - [STDOUT_REDIRECT] 1 : Invalid condition id : UX_CORESTACK_Condition cause : null
2024-05-20 22:37:12,673 [INFO] LogOutputStream:77 - [STDOUT_REDIRECT] 1 : Invalid condition id : UX_CORESTACK_Condition cause : null
2024-05-20 22:37:12,677 [INFO] LogOutputStream:77 - [STDOUT_REDIRECT] 1 : Invalid condition id : UX_CORESTACK_Condition cause : null
2024-05-20 22:37:12,700 [WARN] PackLoader:240 - Cannot read IP mode file for STMicroelectronics.X-CUBE-AZRTOS-WL.2.0.0
2024-05-20 22:37:12,735 [WARN] PackLoader:240 - Cannot read IP mode file for STMicroelectronics.FP-SNS-MOTENV1.5.0.0
2024-05-20 22:37:12,773 [WARN] PackLoader:240 - Cannot read IP mode file for WES.I-CUBE-Cesium.1.3.0
2024-05-20 22:37:12,813 [WARN] PackLoader:240 - Cannot read IP mode file for STMicroelectronics.X-CUBE-BLE2.3.3.0
2024-05-20 22:37:12,846 [WARN] PackLoader:240 - Cannot read IP mode file for STMicroelectronics.X-CUBE-TCPP.4.1.0
2024-05-20 22:37:12,888 [WARN] PackLoader:240 - Cannot read IP mode file for STMicroelectronics.X-CUBE-ALGOBUILD.1.3.0
2024-05-20 22:37:12,986 [WARN] PackLoader:240 - Cannot read IP mode file for STMicroelectronics.X-CUBE-AZRTOS-G0.1.1.0
2024-05-20 22:37:13,055 [WARN] PackLoader:240 - Cannot read IP mode file for STMicroelectronics.X-CUBE-SAFEA1.1.2.2
2024-05-20 22:37:13,088 [WARN] PackLoader:240 - Cannot read IP mode file for STMicroelectronics.X-CUBE-NFC4.3.0.0
2024-05-20 22:37:13,131 [WARN] PackLoader:240 - Cannot read IP mode file for wolfSSL.I-CUBE-wolfSSL.5.7.0
2024-05-20 22:37:13,143 [WARN] PackLoader:240 - Cannot read IP mode file for STMicroelectronics.FP-ATR-SIGFOX1.3.2.0
2024-05-20 22:37:13,190 [WARN] PackLoader:240 - Cannot read IP mode file for STMicroelectronics.X-CUBE-EEPRMA1.5.1.0
2024-05-20 22:37:13,243 [WARN] PackLoader:240 - Cannot read IP mode file for ITTIA_DB.I-CUBE-ITTIADB.8.9.0
2024-05-20 22:37:13,353 [WARN] PackLoader:240 - Cannot read IP mode file for SEGGER.I-CUBE-embOS.1.3.1
2024-05-20 22:37:13,554 [WARN] PackLoader:240 - Cannot read IP mode file for STMicroelectronics.X-CUBE-ALGOBUILD.1.4.0
2024-05-20 22:37:13,587 [WARN] PackLoader:240 - Cannot read IP mode file for STMicroelectronics.X-CUBE-GNSS1.6.0.0
2024-05-20 22:37:13,677 [WARN] PackLoader:240 - Cannot read IP mode file for STMicroelectronics.X-CUBE-AZRTOS-F4.1.1.0
2024-05-20 22:37:13,717 [WARN] PackLoader:240 - Cannot read IP mode file for STMicroelectronics.X-CUBE-FREERTOS.1.2.0
2024-05-20 22:37:13,810 [WARN] PackLoader:240 - Cannot read IP mode file for STMicroelectronics.X-CUBE-AZRTOS-L5.2.0.0
2024-05-20 22:37:13,952 [WARN] PackLoader:240 - Cannot read IP mode file for STMicroelectronics.X-CUBE-NFC6.3.1.0
2024-05-20 22:37:13,992 [WARN] PackLoader:240 - Cannot read IP mode file for STMicroelectronics.X-CUBE-AI.9.0.0
2024-05-20 22:37:14,033 [WARN] PackLoader:240 - Cannot read IP mode file for STMicroelectronics.X-CUBE-NFC7.1.0.1
2024-05-20 22:37:14,063 [WARN] PackLoader:240 - Cannot read IP mode file for STMicroelectronics.X-CUBE-AI.8.1.0
2024-05-20 22:37:14,152 [WARN] ConditionMgr:438 - getConditionDescription Invalid condition id : LAN8742 Phy interface Condition cause : null
2024-05-20 22:37:14,154 [WARN] PackLoader:240 - Cannot read IP mode file for STMicroelectronics.X-CUBE-AZRTOS-L4.2.0.0
2024-05-20 22:37:14,158 [WARN] ConditionMgr:1039 - genDependencies : Invalid condition id : LAN8742 Phy interface Condition cause : null
2024-05-20 22:37:14,159 [WARN] ConditionMgr:1039 - genDependencies : Invalid condition id : LAN8742 Phy interface Condition cause : null
2024-05-20 22:37:14,160 [WARN] ConditionMgr:1039 - genDependencies : Invalid condition id : LAN8742 Phy interface Condition cause : null
2024-05-20 22:37:14,202 [WARN] PackLoader:240 - Cannot read IP mode file for STMicroelectronics.X-CUBE-SFXS2LP1.4.0.0
2024-05-20 22:37:14,261 [WARN] ConditionMgr:438 - getConditionDescription Invalid condition id : UX DEVICE CLASS RTOS Condition cause : null
2024-05-20 22:37:14,261 [WARN] ConditionMgr:438 - getConditionDescription Invalid condition id : UX DEVICE CLASS RTOS Condition cause : null
2024-05-20 22:37:14,269 [WARN] PackLoader:240 - Cannot read IP mode file for STMicroelectronics.X-CUBE-AZRTOS-WB.2.0.0
2024-05-20 22:37:14,271 [WARN] ConditionMgr:1039 - genDependencies : Invalid condition id : UX DEVICE CLASS RTOS Condition cause : null
2024-05-20 22:37:14,272 [WARN] ConditionMgr:1039 - genDependencies : Invalid condition id : UX DEVICE CLASS RTOS Condition cause : null
2024-05-20 22:37:14,274 [WARN] ConditionMgr:1039 - genDependencies : Invalid condition id : UX DEVICE CLASS RTOS Condition cause : null
2024-05-20 22:37:14,275 [WARN] ConditionMgr:1039 - genDependencies : Invalid condition id : UX DEVICE CLASS RTOS Condition cause : null
2024-05-20 22:37:14,275 [WARN] ConditionMgr:1039 - genDependencies : Invalid condition id : UX DEVICE CLASS RTOS Condition cause : null
2024-05-20 22:37:14,342 [WARN] PackLoader:240 - Cannot read IP mode file for STMicroelectronics.X-CUBE-SUBG2.5.0.0
2024-05-20 22:37:14,435 [WARN] PackLoader:240 - Cannot read IP mode file for STMicroelectronics.X-CUBE-AZRTOS-G4.2.0.0
2024-05-20 22:37:14,474 [WARN] PackLoader:240 - Cannot read IP mode file for STMicroelectronics.FP-SNS-MOTENVWB1.1.3.1
2024-05-20 22:37:14,508 [WARN] PackLoader:240 - Cannot read IP mode file for STMicroelectronics.X-CUBE-ISPU.2.0.0
2024-05-20 22:37:14,520 [WARN] PackLoader:240 - Cannot read IP mode file for STMicroelectronics.X-CUBE-ALS.1.0.2
2024-05-20 22:37:14,672 [WARN] PackLoader:240 - Cannot read IP mode file for STMicroelectronics.X-CUBE-MEMS1.10.0.0
2024-05-20 22:37:15,122 [WARN] PackLoader:240 - Cannot read IP mode file for STMicroelectronics.X-CUBE-FREERTOS.1.1.0
2024-05-20 22:37:15,162 [WARN] PackLoader:240 - Cannot read IP mode file for portGmbH.I-Cube-SoM-uGOAL.1.1.0
2024-05-20 22:37:15,198 [WARN] PackLoader:240 - Cannot read IP mode file for STMicroelectronics.X-CUBE-ALS.1.0.1
2024-05-20 22:37:15,301 [WARN] PackLoader:240 - Cannot read IP mode file for STMicroelectronics.X-CUBE-AZRTOS-H7RS.1.0.0
2024-05-20 22:37:15,325 [WARN] PackLoader:240 - Cannot read IP mode file for STMicroelectronics.FP-ATR-ASTRA1.2.0.0
2024-05-20 22:37:15,376 [WARN] PackLoader:240 - Cannot read IP mode file for STMicroelectronics.X-CUBE-TOF1.3.4.1
2024-05-20 22:37:15,505 [WARN] PackLoader:240 - Cannot read IP mode file for STMicroelectronics.X-CUBE-AZRTOS-H7.3.2.0
2024-05-20 22:37:15,602 [WARN] PackLoader:240 - Cannot read IP mode file for Infineon.AIROC-Wi-Fi-Bluetooth-STM32.1.6.0
2024-05-20 22:37:15,617 [INFO] ThirdParty:978 - Integrity check success = true
2024-05-20 22:37:15,617 [INFO] IntegrityCheckThread:100 - exiting critical section [integrity check]
2024-05-20 22:37:15,619 [INFO] IntegrityCheckThread:103 - End integrity checks thread
2024-05-20 22:37:17,565 [INFO] WebApp:161 - Instantiating new browser for Auth
2024-05-20 22:37:19,048 [INFO] WebApp:779 - Register for checkConnection events
2024-05-20 22:37:19,049 [INFO] WebApp:414 - Apply proxy settings
2024-05-20 22:37:19,049 [INFO] WebApp:499 - Chromium requires no authentication
2024-05-20 22:37:19,073 [INFO] WebApp:442 - Direct internet connection detected
2024-05-20 22:37:19,759 [INFO] WebApp:192 - Starting web application
2024-05-20 22:37:19,759 [INFO] WebApp:544 - Web application path used C:\ST\STM32CubeIDE_1.15.0\STM32CubeIDE\plugins\com.st.stm32cube.common.mx_6.11.0.202403141607\db\plugins\mcufinder\reactClient1\index.html
